****** - Internal Testing Only
4SSY01 - 4S Systems Ltd
5STA01 - 5 Star Computer Systems
ASKA01 - Asgard Software
CAST07 - Castle Computer Services Ltd
COM001 - CompuCount Ltd
COOP16 - Cooper Parry LLP - IT Services
CORN06 - Cornerstone MIS Limited
DEAN03 - Deans Computer Services Limited
EXNZ01 - IRIS Enterprise Software (Australia) Pty Ltd
EXIR01 - Exchequer Software Ireland
EXNZ01 - IRIS Enterprise Software (New Zealand) Ltd
EXUK   - IRIS Enterprise Software
HBPS01 - HBP Systems Plc
ITS001 - ITS Malta
KEYS01 - Keysolve Limited
LANP01 - LANWorks Pte Ltd 
MINE02 - Minerva Computer Services
MODF01 - Modfin Systems (Pty) Ltd
MUSG01 - Musgrave Group Clients
NOVA06 - In2Grate Ltd
JUSU01 - PCM Consulting Ltd
SERC01 - Serco Learning Solutions
SHAR01 - Sharp Software Ltd
SYNE05 - Synergy Networks Ltd
VISI02 - VBT (Vision 2000 Ltd)
MSCS02 - Xperience Group (NI Lisburn) Ltd