***  Installation Started 10/16/01 11:35  ***
Title: Rave 4.0 Installation
Source: G:\rave\full\rave4be.exe
Made Dir: X:\Compon\Rave4
File Copy: X:\Compon\Rave4\borlndmm.dll
File Copy: X:\Compon\Rave4\license.txt
File Copy: X:\Compon\Rave4\rave.exe
File Copy: X:\Compon\Rave4\rave.inc
File Copy: X:\Compon\Rave4\README.txt
File Copy: X:\Compon\Rave4\REDIST.TXT
File Copy: X:\Compon\Rave4\rppro.CNT
File Copy: X:\Compon\Rave4\RPPRO.HLP
File Copy: X:\Compon\Rave4\RPPRO.KWF
File Copy: X:\Compon\Rave4\rvclass.rvc
File Copy: X:\Compon\Rave4\rvcsbars.rvc
File Copy: X:\Compon\Rave4\rvcsdata.rvc
File Copy: X:\Compon\Rave4\rvcsdraw.rvc
File Copy: X:\Compon\Rave4\rvcsrpt.rvc
File Copy: X:\Compon\Rave4\rvcsstd.rvc
File Copy: X:\Compon\Rave4\rvdata.rvc
File Copy: X:\Compon\Rave4\rvproj.rvc
File Copy: X:\Compon\Rave4\SYSFUNC.rvc
File Copy: X:\Compon\Rave4\SYSTEM.rvc
File Copy: X:\Compon\Rave4\WhatsNew.txt
Made Dir: X:\Compon\Rave4\Source
File Copy: X:\Compon\Rave4\Source\clean.bat
File Copy: X:\Compon\Rave4\Source\CompUtil.dpr
File Copy: X:\Compon\Rave4\Source\computil.exe
File Copy: X:\Compon\Rave4\Source\fullc4.bat
File Copy: X:\Compon\Rave4\Source\fullc5.bat
File Copy: X:\Compon\Rave4\Source\fulld4.bat
File Copy: X:\Compon\Rave4\Source\fulld5.bat
File Copy: X:\Compon\Rave4\Source\ILConfig.pas
File Copy: X:\Compon\Rave4\Source\ILConfig_ADO.dfm
File Copy: X:\Compon\Rave4\Source\ILConfig_ADO.pas
File Copy: X:\Compon\Rave4\Source\ILConfig_Advantage.dfm
File Copy: X:\Compon\Rave4\Source\ILConfig_Advantage.pas
File Copy: X:\Compon\Rave4\Source\ILConfig_BDE.dfm
File Copy: X:\Compon\Rave4\Source\ILConfig_BDE.pas
File Copy: X:\Compon\Rave4\Source\ILConfig_Default.dfm
File Copy: X:\Compon\Rave4\Source\ILConfig_Default.pas
File Copy: X:\Compon\Rave4\Source\ILConfig_Interbase.dfm
File Copy: X:\Compon\Rave4\Source\ILConfig_Interbase.pas
File Copy: X:\Compon\Rave4\Source\ILConfig_ODBC.dfm
File Copy: X:\Compon\Rave4\Source\ILConfig_ODBC.pas
File Copy: X:\Compon\Rave4\Source\ILConfig_Oracle.dfm
File Copy: X:\Compon\Rave4\Source\ILConfig_Oracle.pas
File Copy: X:\Compon\Rave4\Source\ILRegister.pas
File Copy: X:\Compon\Rave4\Source\LinkIL.pas
File Copy: X:\Compon\Rave4\Source\LinkIL_ADO.pas
File Copy: X:\Compon\Rave4\Source\LinkIL_Advantage.pas
File Copy: X:\Compon\Rave4\Source\LinkIL_BDE.pas
File Copy: X:\Compon\Rave4\Source\LinkIL_IBO.pas
File Copy: X:\Compon\Rave4\Source\LinkIL_IBX.pas
File Copy: X:\Compon\Rave4\Source\LinkIL_ODBC.pas
File Copy: X:\Compon\Rave4\Source\LinkIL_Oracle.pas
File Copy: X:\Compon\Rave4\Source\NDDefines.inc
File Copy: X:\Compon\Rave4\Source\NDRVCursor.pas
File Copy: X:\Compon\Rave4\Source\NDRVStream.pas
File Copy: X:\Compon\Rave4\Source\NDRVStrings.pas
File Copy: X:\Compon\Rave4\Source\NDRVSystem.pas
File Copy: X:\Compon\Rave4\Source\rant.txt
File Copy: X:\Compon\Rave4\Source\RaveCC.dpr
File Copy: X:\Compon\Rave4\Source\ravecc.exe
File Copy: X:\Compon\Rave4\Source\raved5.bat
File Copy: X:\Compon\Rave4\Source\Rpaddfrm.dfm
File Copy: X:\Compon\Rave4\Source\Rpaddfrm.pas
File Copy: X:\Compon\Rave4\Source\RPBars.pas
File Copy: X:\Compon\Rave4\Source\RPBase.pas
File Copy: X:\Compon\Rave4\Source\RPCanvas.pas
File Copy: X:\Compon\Rave4\Source\RPCEDFRM.DFM
File Copy: X:\Compon\Rave4\Source\RPCEDFRM.PAS
File Copy: X:\Compon\Rave4\Source\RPCon.pas
File Copy: X:\Compon\Rave4\Source\RPConBDE.pas
File Copy: X:\Compon\Rave4\Source\RPConDS.pas
File Copy: X:\Compon\Rave4\Source\RPCursor.pas
File Copy: X:\Compon\Rave4\Source\RPDBTabl.pas
File Copy: X:\Compon\Rave4\Source\RPDBUtil.pas
File Copy: X:\Compon\Rave4\Source\RPDefine.pas
File Copy: X:\Compon\Rave4\Source\RPDevice.pas
File Copy: X:\Compon\Rave4\Source\RPDT40.dpk
File Copy: X:\Compon\Rave4\Source\RPExeFrm.dfm
File Copy: X:\Compon\Rave4\Source\RPExeFrm.pas
File Copy: X:\Compon\Rave4\Source\RPFiler.pas
File Copy: X:\Compon\Rave4\Source\RPFont.pas
File Copy: X:\Compon\Rave4\Source\RPFPrint.pas
File Copy: X:\Compon\Rave4\Source\RPHTFilr.pas
File Copy: X:\Compon\Rave4\Source\rplabel.pas
File Copy: X:\Compon\Rave4\Source\RPMemo.pas
File Copy: X:\Compon\Rave4\Source\RPPreFrm.dfm
File Copy: X:\Compon\Rave4\Source\RPPreFrm.pas
File Copy: X:\Compon\Rave4\Source\RPRave.pas
File Copy: X:\Compon\Rave4\Source\RPReg.dcr
File Copy: X:\Compon\Rave4\Source\RPReg.pas
File Copy: X:\Compon\Rave4\Source\RPRender.pas
File Copy: X:\Compon\Rave4\Source\RPRender_HTML.pas
File Copy: X:\Compon\Rave4\Source\RPRender_PDF.pas
File Copy: X:\Compon\Rave4\Source\RPreview.pas
File Copy: X:\Compon\Rave4\Source\RPrinter.pas
File Copy: X:\Compon\Rave4\Source\RPRPTF.pas
File Copy: X:\Compon\Rave4\Source\RPRT40.dpk
File Copy: X:\Compon\Rave4\Source\RPRTFilr.pas
File Copy: X:\Compon\Rave4\Source\RPRV40.dpk
File Copy: X:\Compon\Rave4\Source\rpsecfrm.dfm
File Copy: X:\Compon\Rave4\Source\rpsecfrm.pas
File Copy: X:\Compon\Rave4\Source\RPSECT.PAS
File Copy: X:\Compon\Rave4\Source\RPSetFrm.dfm
File Copy: X:\Compon\Rave4\Source\RPSetFrm.pas
File Copy: X:\Compon\Rave4\Source\RPShell.pas
File Copy: X:\Compon\Rave4\Source\RPSTAFRM.DFM
File Copy: X:\Compon\Rave4\Source\RPSTAFRM.PAS
File Copy: X:\Compon\Rave4\Source\RPSystem.pas
File Copy: X:\Compon\Rave4\Source\RPTABCOL.PAS
File Copy: X:\Compon\Rave4\Source\RPTABITM.PAS
File Copy: X:\Compon\Rave4\Source\RPTable.pas
File Copy: X:\Compon\Rave4\Source\RPTABSEC.PAS
File Copy: X:\Compon\Rave4\Source\RPTChart.pas
File Copy: X:\Compon\Rave4\Source\RPTXFilr.pas
File Copy: X:\Compon\Rave4\Source\RPVer.pas
File Copy: X:\Compon\Rave4\Source\RVCL40.dpk
File Copy: X:\Compon\Rave4\Source\RVClass.pas
File Copy: X:\Compon\Rave4\Source\RVClass.res
File Copy: X:\Compon\Rave4\Source\RVClass.rvs
File Copy: X:\Compon\Rave4\Source\RVCLB40.dpk
File Copy: X:\Compon\Rave4\Source\RVCLG40.dpk
File Copy: X:\Compon\Rave4\Source\RVCLLD40.dpk
File Copy: X:\Compon\Rave4\Source\RVCLLE40.dpk
File Copy: X:\Compon\Rave4\Source\RVCLR40.dpk
File Copy: X:\Compon\Rave4\Source\RVCLS40.dpk
File Copy: X:\Compon\Rave4\Source\RVCLWz40.dpk
File Copy: X:\Compon\Rave4\Source\RVCmHuff.pas
File Copy: X:\Compon\Rave4\Source\RVCsBars.pas
File Copy: X:\Compon\Rave4\Source\RVCsBars.res
File Copy: X:\Compon\Rave4\Source\RVCsBars.rvs
File Copy: X:\Compon\Rave4\Source\RVCsData.pas
File Copy: X:\Compon\Rave4\Source\RVCsData.res
File Copy: X:\Compon\Rave4\Source\RVCsData.rvs
File Copy: X:\Compon\Rave4\Source\RVCsDraw.pas
File Copy: X:\Compon\Rave4\Source\RVCsDraw.res
File Copy: X:\Compon\Rave4\Source\RVCsDraw.rvs
File Copy: X:\Compon\Rave4\Source\RVCsRpt.pas
File Copy: X:\Compon\Rave4\Source\RVCsRpt.res
File Copy: X:\Compon\Rave4\Source\RVCsRpt.rvs
File Copy: X:\Compon\Rave4\Source\RVCsStd.pas
File Copy: X:\Compon\Rave4\Source\RVCsStd.res
File Copy: X:\Compon\Rave4\Source\RVCsStd.rvs
File Copy: X:\Compon\Rave4\Source\RVData.pas
File Copy: X:\Compon\Rave4\Source\RVData.res
File Copy: X:\Compon\Rave4\Source\RVData.rvs
File Copy: X:\Compon\Rave4\Source\RVDatabase.pas
File Copy: X:\Compon\Rave4\Source\RVDataField.pas
File Copy: X:\Compon\Rave4\Source\RVDefine.pas
File Copy: X:\Compon\Rave4\Source\RVDirectDataView.pas
File Copy: X:\Compon\Rave4\Source\rvinfo.dat
File Copy: X:\Compon\Rave4\Source\RVLDComp.pas
File Copy: X:\Compon\Rave4\Source\RVLECode.pas
File Copy: X:\Compon\Rave4\Source\RVLEDBug.pas
File Copy: X:\Compon\Rave4\Source\RVLEDef.pas
File Copy: X:\Compon\Rave4\Source\RVLEExpr.pas
File Copy: X:\Compon\Rave4\Source\RVLEID.pas
File Copy: X:\Compon\Rave4\Source\RVLEMod.pas
File Copy: X:\Compon\Rave4\Source\RVLERun.pas
File Copy: X:\Compon\Rave4\Source\RVLESys.inc
File Copy: X:\Compon\Rave4\Source\RVLESys.pas
File Copy: X:\Compon\Rave4\Source\RVLEType.pas
File Copy: X:\Compon\Rave4\Source\RVLEUtil.pas
File Copy: X:\Compon\Rave4\Source\RVPDEvnt.dfm
File Copy: X:\Compon\Rave4\Source\RVPDEvnt.pas
File Copy: X:\Compon\Rave4\Source\RVPEAnch.dfm
File Copy: X:\Compon\Rave4\Source\RVPEAnch.pas
File Copy: X:\Compon\Rave4\Source\RVPEBand.dfm
File Copy: X:\Compon\Rave4\Source\RVPEBand.pas
File Copy: X:\Compon\Rave4\Source\RVPECalc.pas
File Copy: X:\Compon\Rave4\Source\RVPEData.pas
File Copy: X:\Compon\Rave4\Source\RVPEDBAuth.dfm
File Copy: X:\Compon\Rave4\Source\RVPEDBAuth.pas
File Copy: X:\Compon\Rave4\Source\RVPEDMS.dfm
File Copy: X:\Compon\Rave4\Source\RVPEDMS.pas
File Copy: X:\Compon\Rave4\Source\RVPEDTxt.dfm
File Copy: X:\Compon\Rave4\Source\RVPEDTxt.pas
File Copy: X:\Compon\Rave4\Source\RVPEImg.dfm
File Copy: X:\Compon\Rave4\Source\RVPEImg.pas
File Copy: X:\Compon\Rave4\Source\RVPEMail.dfm
File Copy: X:\Compon\Rave4\Source\RVPEMail.pas
File Copy: X:\Compon\Rave4\Source\RVPEMemo.dfm
File Copy: X:\Compon\Rave4\Source\RVPEMemo.pas
File Copy: X:\Compon\Rave4\Source\RVPEPLst.dfm
File Copy: X:\Compon\Rave4\Source\RVPEPLst.pas
File Copy: X:\Compon\Rave4\Source\RVPEProj.pas
File Copy: X:\Compon\Rave4\Source\RVPERLoc.dfm
File Copy: X:\Compon\Rave4\Source\RVPERLoc.pas
File Copy: X:\Compon\Rave4\Source\RVPERpt.pas
File Copy: X:\Compon\Rave4\Source\RVPEStrL.dfm
File Copy: X:\Compon\Rave4\Source\RVPEStrL.pas
File Copy: X:\Compon\Rave4\Source\RVPESys.pas
File Copy: X:\Compon\Rave4\Source\RVProj.pas
File Copy: X:\Compon\Rave4\Source\RVProj.res
File Copy: X:\Compon\Rave4\Source\RVProj.rvs
File Copy: X:\Compon\Rave4\Source\rvs2inc.dpr
File Copy: X:\Compon\Rave4\Source\rvs2inc.exe
File Copy: X:\Compon\Rave4\Source\RVSecurity.pas
File Copy: X:\Compon\Rave4\Source\RVSQLDataView.pas
File Copy: X:\Compon\Rave4\Source\RVTool.pas
File Copy: X:\Compon\Rave4\Source\RVToolEvents.pas
File Copy: X:\Compon\Rave4\Source\RVUtil.pas
File Copy: X:\Compon\Rave4\Source\RVWzMD.dfm
File Copy: X:\Compon\Rave4\Source\RVWzMD.pas
File Copy: X:\Compon\Rave4\Source\RVWzSimp.dfm
File Copy: X:\Compon\Rave4\Source\RVWzSimp.pas
File Copy: X:\Compon\Rave4\Source\SysFunc.rvs
Made Dir: X:\Compon\Rave4\DIBLLinks
File Copy: X:\Compon\Rave4\DIBLLinks\DIBLBDE.rvd
Made Dir: X:\Compon\Rave4\DIBLAvail
File Copy: X:\Compon\Rave4\DIBLAvail\DIBLADO.rvd
File Copy: X:\Compon\Rave4\DIBLAvail\DIBLAdvantage.rvd
File Copy: X:\Compon\Rave4\DIBLAvail\DIBLApollo.rvd
File Copy: X:\Compon\Rave4\DIBLAvail\DIBLBDE.rvd
File Copy: X:\Compon\Rave4\DIBLAvail\DIBLIBO.rvd
File Copy: X:\Compon\Rave4\DIBLAvail\DIBLIBX.rvd
File Copy: X:\Compon\Rave4\DIBLAvail\DIBLODBC.rvd
File Copy: X:\Compon\Rave4\DIBLAvail\DIBLOracle.rvd
Made Dir: X:\Compon\Rave4\DIBLAvail\Source
File Copy: X:\Compon\Rave4\DIBLAvail\Source\DIBLADO.dpr
File Copy: X:\Compon\Rave4\DIBLAvail\Source\DIBLAdvantage.dpr
File Copy: X:\Compon\Rave4\DIBLAvail\Source\DIBLApollo.dpr
File Copy: X:\Compon\Rave4\DIBLAvail\Source\DIBLBDE.dpr
File Copy: X:\Compon\Rave4\DIBLAvail\Source\DIBLIBO.dpr
File Copy: X:\Compon\Rave4\DIBLAvail\Source\DIBLIBX.dpr
File Copy: X:\Compon\Rave4\DIBLAvail\Source\DIBLLinkMain.pas
File Copy: X:\Compon\Rave4\DIBLAvail\Source\DIBLODBC.dpr
File Copy: X:\Compon\Rave4\DIBLAvail\Source\DIBLOracle.dpr
Made Dir: X:\Compon\Rave4\RV
File Copy: X:\Compon\Rave4\RV\ILConfig.dcu
File Copy: X:\Compon\Rave4\RV\ILConfig_Default.dcu
File Copy: X:\Compon\Rave4\RV\ILRegister.dcu
File Copy: X:\Compon\Rave4\RV\LinkIL.dcu
File Copy: X:\Compon\Rave4\RV\NDRVCursor.dcu
File Copy: X:\Compon\Rave4\RV\NDRVStream.dcu
File Copy: X:\Compon\Rave4\RV\NDRVStrings.dcu
File Copy: X:\Compon\Rave4\RV\NDRVSystem.dcu
File Copy: X:\Compon\Rave4\RV\RPBars.dcu
File Copy: X:\Compon\Rave4\RV\RPBase.dcu
File Copy: X:\Compon\Rave4\RV\RPCanvas.dcu
File Copy: X:\Compon\Rave4\RV\RPCon.dcu
File Copy: X:\Compon\Rave4\RV\RPCursor.dcu
File Copy: X:\Compon\Rave4\RV\RPDefine.dcu
File Copy: X:\Compon\Rave4\RV\RPDevice.dcu
File Copy: X:\Compon\Rave4\RV\RPFiler.dcu
File Copy: X:\Compon\Rave4\RV\RPFont.dcu
File Copy: X:\Compon\Rave4\RV\RPFPrint.dcu
File Copy: X:\Compon\Rave4\RV\RPHTFilr.dcu
File Copy: X:\Compon\Rave4\RV\RPMemo.dcu
File Copy: X:\Compon\Rave4\RV\RPPreFrm.dcu
File Copy: X:\Compon\Rave4\RV\RPPreFrm.dfm
File Copy: X:\Compon\Rave4\RV\RPRender.dcu
File Copy: X:\Compon\Rave4\RV\RPRender_HTML.dcu
File Copy: X:\Compon\Rave4\RV\RPRender_PDF.dcu
File Copy: X:\Compon\Rave4\RV\RPreview.dcu
File Copy: X:\Compon\Rave4\RV\RPrinter.dcu
File Copy: X:\Compon\Rave4\RV\RPRPTF.dcu
File Copy: X:\Compon\Rave4\RV\RPRTFilr.dcu
File Copy: X:\Compon\Rave4\RV\RPSetFrm.dcu
File Copy: X:\Compon\Rave4\RV\RPSetFrm.dfm
File Copy: X:\Compon\Rave4\RV\RPSTAFRM.dcu
File Copy: X:\Compon\Rave4\RV\RPSTAFRM.DFM
File Copy: X:\Compon\Rave4\RV\RPSystem.dcu
File Copy: X:\Compon\Rave4\RV\RPTXFilr.dcu
File Copy: X:\Compon\Rave4\RV\RVCL40.dcp
File Copy: X:\Compon\Rave4\RV\RVClass.dcu
File Copy: X:\Compon\Rave4\RV\RVClass.res
File Copy: X:\Compon\Rave4\RV\RVCLB40.dcp
File Copy: X:\Compon\Rave4\RV\RVCLG40.dcp
File Copy: X:\Compon\Rave4\RV\RVCLLD40.dcp
File Copy: X:\Compon\Rave4\RV\RVCLLE40.dcp
File Copy: X:\Compon\Rave4\RV\RVCLR40.dcp
File Copy: X:\Compon\Rave4\RV\RVCLS40.dcp
File Copy: X:\Compon\Rave4\RV\RVCLWZ40.dcp
File Copy: X:\Compon\Rave4\RV\RVCmHuff.dcu
File Copy: X:\Compon\Rave4\RV\RVCsBars.dcu
File Copy: X:\Compon\Rave4\RV\RVCsBars.res
File Copy: X:\Compon\Rave4\RV\RVCsData.dcu
File Copy: X:\Compon\Rave4\RV\RVCsData.res
File Copy: X:\Compon\Rave4\RV\RVCsDraw.dcu
File Copy: X:\Compon\Rave4\RV\RVCsDraw.res
File Copy: X:\Compon\Rave4\RV\RVCsRpt.dcu
File Copy: X:\Compon\Rave4\RV\RVCsRpt.res
File Copy: X:\Compon\Rave4\RV\RVCsStd.dcu
File Copy: X:\Compon\Rave4\RV\RVCsStd.res
File Copy: X:\Compon\Rave4\RV\RVData.dcu
File Copy: X:\Compon\Rave4\RV\RVData.res
File Copy: X:\Compon\Rave4\RV\RVDatabase.dcu
File Copy: X:\Compon\Rave4\RV\RVDataField.dcu
File Copy: X:\Compon\Rave4\RV\RVDefine.dcu
File Copy: X:\Compon\Rave4\RV\RVDirectDataView.dcu
File Copy: X:\Compon\Rave4\RV\RVLDComp.dcu
File Copy: X:\Compon\Rave4\RV\RVLECode.dcu
File Copy: X:\Compon\Rave4\RV\RVLEDBug.dcu
File Copy: X:\Compon\Rave4\RV\RVLEDef.dcu
File Copy: X:\Compon\Rave4\RV\RVLEExpr.dcu
File Copy: X:\Compon\Rave4\RV\RVLEID.dcu
File Copy: X:\Compon\Rave4\RV\RVLEMod.dcu
File Copy: X:\Compon\Rave4\RV\RVLERun.dcu
File Copy: X:\Compon\Rave4\RV\RVLESys.dcu
File Copy: X:\Compon\Rave4\RV\RVLEType.dcu
File Copy: X:\Compon\Rave4\RV\RVLEUtil.dcu
File Copy: X:\Compon\Rave4\RV\RVPDEvnt.dcu
File Copy: X:\Compon\Rave4\RV\RVPDEvnt.dfm
File Copy: X:\Compon\Rave4\RV\RVPEAnch.dcu
File Copy: X:\Compon\Rave4\RV\RVPEAnch.dfm
File Copy: X:\Compon\Rave4\RV\RVPEBand.dcu
File Copy: X:\Compon\Rave4\RV\RVPEBand.dfm
File Copy: X:\Compon\Rave4\RV\RVPECalc.dcu
File Copy: X:\Compon\Rave4\RV\RVPEData.dcu
File Copy: X:\Compon\Rave4\RV\RVPEDBAuth.dcu
File Copy: X:\Compon\Rave4\RV\RVPEDBAuth.dfm
File Copy: X:\Compon\Rave4\RV\RVPEDMS.dcu
File Copy: X:\Compon\Rave4\RV\RVPEDMS.dfm
File Copy: X:\Compon\Rave4\RV\RVPEDTxt.dcu
File Copy: X:\Compon\Rave4\RV\RVPEDTxt.dfm
File Copy: X:\Compon\Rave4\RV\RVPEImg.dcu
File Copy: X:\Compon\Rave4\RV\RVPEImg.dfm
File Copy: X:\Compon\Rave4\RV\RVPEMail.dcu
File Copy: X:\Compon\Rave4\RV\RVPEMail.dfm
File Copy: X:\Compon\Rave4\RV\RVPEMemo.dcu
File Copy: X:\Compon\Rave4\RV\RVPEMemo.dfm
File Copy: X:\Compon\Rave4\RV\RVPEPLst.dcu
File Copy: X:\Compon\Rave4\RV\RVPEPLst.dfm
File Copy: X:\Compon\Rave4\RV\RVPEProj.dcu
File Copy: X:\Compon\Rave4\RV\RVPERLoc.dcu
File Copy: X:\Compon\Rave4\RV\RVPERLoc.dfm
File Copy: X:\Compon\Rave4\RV\RVPEStrL.dcu
File Copy: X:\Compon\Rave4\RV\RVPEStrL.dfm
File Copy: X:\Compon\Rave4\RV\RVPESys.dcu
File Copy: X:\Compon\Rave4\RV\RVProj.dcu
File Copy: X:\Compon\Rave4\RV\RVProj.res
File Copy: X:\Compon\Rave4\RV\RVSecurity.dcu
File Copy: X:\Compon\Rave4\RV\RVSQLDataView.dcu
File Copy: X:\Compon\Rave4\RV\RVTool.dcu
File Copy: X:\Compon\Rave4\RV\RVToolEvents.dcu
File Copy: X:\Compon\Rave4\RV\RVUtil.dcu
File Copy: X:\Compon\Rave4\RV\RVWzMD.dcu
File Copy: X:\Compon\Rave4\RV\RVWzMD.dfm
File Copy: X:\Compon\Rave4\RV\RVWzSimp.dcu
File Copy: X:\Compon\Rave4\RV\RVWzSimp.dfm
Made Dir: X:\Compon\Rave4\Tutor
Made Dir: X:\Compon\Rave4\Tutor\02
File Copy: X:\Compon\Rave4\Tutor\02\MAIN02.DFM
File Copy: X:\Compon\Rave4\Tutor\02\MAIN02.PAS
File Copy: X:\Compon\Rave4\Tutor\02\TUTOR02.DPR
File Copy: X:\Compon\Rave4\Tutor\02\TUTOR02.RES
Made Dir: X:\Compon\Rave4\Tutor\03
File Copy: X:\Compon\Rave4\Tutor\03\MAIN03.DFM
File Copy: X:\Compon\Rave4\Tutor\03\MAIN03.PAS
File Copy: X:\Compon\Rave4\Tutor\03\TUTOR03.DPR
File Copy: X:\Compon\Rave4\Tutor\03\TUTOR03.RES
Made Dir: X:\Compon\Rave4\Tutor\04
File Copy: X:\Compon\Rave4\Tutor\04\MAIN04.DFM
File Copy: X:\Compon\Rave4\Tutor\04\MAIN04.PAS
File Copy: X:\Compon\Rave4\Tutor\04\TUTOR04.DPR
File Copy: X:\Compon\Rave4\Tutor\04\TUTOR04.RES
Made Dir: X:\Compon\Rave4\Tutor\05
File Copy: X:\Compon\Rave4\Tutor\05\MAIN05.DFM
File Copy: X:\Compon\Rave4\Tutor\05\MAIN05.PAS
File Copy: X:\Compon\Rave4\Tutor\05\TUTOR05.DPR
File Copy: X:\Compon\Rave4\Tutor\05\TUTOR05.RES
Made Dir: X:\Compon\Rave4\Tutor\06
File Copy: X:\Compon\Rave4\Tutor\06\MAIN06.DFM
File Copy: X:\Compon\Rave4\Tutor\06\MAIN06.PAS
File Copy: X:\Compon\Rave4\Tutor\06\TUTOR06.DPR
File Copy: X:\Compon\Rave4\Tutor\06\TUTOR06.RES
Made Dir: X:\Compon\Rave4\Tutor\07
File Copy: X:\Compon\Rave4\Tutor\07\MAIN07.DFM
File Copy: X:\Compon\Rave4\Tutor\07\MAIN07.PAS
File Copy: X:\Compon\Rave4\Tutor\07\TUTOR07.DPR
File Copy: X:\Compon\Rave4\Tutor\07\TUTOR07.RES
Made Dir: X:\Compon\Rave4\Tutor\09
File Copy: X:\Compon\Rave4\Tutor\09\MAIN09.DFM
File Copy: X:\Compon\Rave4\Tutor\09\MAIN09.PAS
File Copy: X:\Compon\Rave4\Tutor\09\TUTOR09.DPR
File Copy: X:\Compon\Rave4\Tutor\09\TUTOR09.RES
Made Dir: X:\Compon\Rave4\Tutor\10
File Copy: X:\Compon\Rave4\Tutor\10\MAIN10.DFM
File Copy: X:\Compon\Rave4\Tutor\10\MAIN10.PAS
File Copy: X:\Compon\Rave4\Tutor\10\TUTOR10.DPR
File Copy: X:\Compon\Rave4\Tutor\10\TUTOR10.RES
Made Dir: X:\Compon\Rave4\Tutor\11
File Copy: X:\Compon\Rave4\Tutor\11\MAIN11.DFM
File Copy: X:\Compon\Rave4\Tutor\11\MAIN11.PAS
File Copy: X:\Compon\Rave4\Tutor\11\TUTOR11.DPR
File Copy: X:\Compon\Rave4\Tutor\11\TUTOR11.RES
Made Dir: X:\Compon\Rave4\Tutor\12
File Copy: X:\Compon\Rave4\Tutor\12\MAIN12.DFM
File Copy: X:\Compon\Rave4\Tutor\12\MAIN12.PAS
File Copy: X:\Compon\Rave4\Tutor\12\TUTOR12.DPR
File Copy: X:\Compon\Rave4\Tutor\12\TUTOR12.RES
File Copy: X:\Compon\Rave4\Tutor\12\TUTOR12.TXT
Made Dir: X:\Compon\Rave4\Tutor\13
File Copy: X:\Compon\Rave4\Tutor\13\MAIN13.DFM
File Copy: X:\Compon\Rave4\Tutor\13\MAIN13.PAS
File Copy: X:\Compon\Rave4\Tutor\13\TUTOR13.DPR
File Copy: X:\Compon\Rave4\Tutor\13\TUTOR13.RES
Made Dir: X:\Compon\Rave4\Tutor\14
File Copy: X:\Compon\Rave4\Tutor\14\MAIN14.DFM
File Copy: X:\Compon\Rave4\Tutor\14\MAIN14.PAS
File Copy: X:\Compon\Rave4\Tutor\14\TUTOR14.DPR
File Copy: X:\Compon\Rave4\Tutor\14\TUTOR14.RES
Made Dir: X:\Compon\Rave4\Tutor\15
File Copy: X:\Compon\Rave4\Tutor\15\MAIN15.DFM
File Copy: X:\Compon\Rave4\Tutor\15\MAIN15.PAS
File Copy: X:\Compon\Rave4\Tutor\15\TUTOR15.DPR
File Copy: X:\Compon\Rave4\Tutor\15\TUTOR15.RES
Made Dir: X:\Compon\Rave4\Demo
File Copy: X:\Compon\Rave4\Demo\BARDEMO.ZIP
File Copy: X:\Compon\Rave4\Demo\CHARTDEM.ZIP
File Copy: X:\Compon\Rave4\Demo\HTMLDEMO.ZIP
Made Dir: X:\Compon\Rave4\Demo\Code
File Copy: X:\Compon\Rave4\Demo\Code\DEMO01.DFM
File Copy: X:\Compon\Rave4\Demo\Code\demo01.PAS
File Copy: X:\Compon\Rave4\Demo\Code\DEMO02.DFM
File Copy: X:\Compon\Rave4\Demo\Code\demo02.PAS
File Copy: X:\Compon\Rave4\Demo\Code\DEMO03.DFM
File Copy: X:\Compon\Rave4\Demo\Code\demo03.PAS
File Copy: X:\Compon\Rave4\Demo\Code\DEMO04.DFM
File Copy: X:\Compon\Rave4\Demo\Code\demo04.PAS
File Copy: X:\Compon\Rave4\Demo\Code\DEMO05.DFM
File Copy: X:\Compon\Rave4\Demo\Code\demo05.PAS
File Copy: X:\Compon\Rave4\Demo\Code\demo05.txt
File Copy: X:\Compon\Rave4\Demo\Code\DEMO06.DFM
File Copy: X:\Compon\Rave4\Demo\Code\demo06.PAS
File Copy: X:\Compon\Rave4\Demo\Code\DEMO07.DFM
File Copy: X:\Compon\Rave4\Demo\Code\demo07.PAS
File Copy: X:\Compon\Rave4\Demo\Code\DEMO08.DFM
File Copy: X:\Compon\Rave4\Demo\Code\demo08.PAS
File Copy: X:\Compon\Rave4\Demo\Code\MAIN.dfm
File Copy: X:\Compon\Rave4\Demo\Code\MAIN.PAS
File Copy: X:\Compon\Rave4\Demo\Code\RPDEMO.BMP
File Copy: X:\Compon\Rave4\Demo\Code\rpdemo.DPR
File Copy: X:\Compon\Rave4\Demo\Code\rpdemo.dsk
File Copy: X:\Compon\Rave4\Demo\Code\RPDEMO.RES
File Copy: X:\Compon\Rave4\Demo\Code\RPDEMO.RTF
File Copy: X:\Compon\Rave4\Demo\Code\RTFDEMO.DFM
File Copy: X:\Compon\Rave4\Demo\Code\RTFDemo.PAS
Made Dir: X:\Compon\Rave4\Demo\Data
File Copy: X:\Compon\Rave4\Demo\Data\ACE32.DLL
File Copy: X:\Compon\Rave4\Demo\Data\ADSLOC32.DLL
File Copy: X:\Compon\Rave4\Demo\Data\ADSLOCAL.CFG
File Copy: X:\Compon\Rave4\Demo\Data\ANSI.CHR
File Copy: X:\Compon\Rave4\Demo\Data\AXCWS32.DLL
File Copy: X:\Compon\Rave4\Demo\Data\borlndmm.dll
File Copy: X:\Compon\Rave4\Demo\Data\call.ADT
File Copy: X:\Compon\Rave4\Demo\Data\customer.ADT
File Copy: X:\Compon\Rave4\Demo\Data\employee.ADT
File Copy: X:\Compon\Rave4\Demo\Data\EXTEND.CHR
File Copy: X:\Compon\Rave4\Demo\Data\invoice.ADT
File Copy: X:\Compon\Rave4\Demo\Data\invoiceitem.ADT
File Copy: X:\Compon\Rave4\Demo\Data\product.ADM
File Copy: X:\Compon\Rave4\Demo\Data\product.ADT
File Copy: X:\Compon\Rave4\Demo\Data\Tutorial.pdf
Made Dir: X:\Compon\Rave4\Demo\Visual
File Copy: X:\Compon\Rave4\Demo\Visual\DM.dfm
File Copy: X:\Compon\Rave4\Demo\Visual\DM.pas
File Copy: X:\Compon\Rave4\Demo\Visual\Main.dfm
File Copy: X:\Compon\Rave4\Demo\Visual\Main.pas
File Copy: X:\Compon\Rave4\Demo\Visual\RaveDemo.dpr
File Copy: X:\Compon\Rave4\Demo\Visual\RaveDemo.rav
File Copy: X:\Compon\Rave4\Demo\Visual\RaveDemo.res
Made Dir: X:\Compon\Rave4\Demo\VisualCB
File Copy: X:\Compon\Rave4\Demo\VisualCB\DM.cpp
File Copy: X:\Compon\Rave4\Demo\VisualCB\DM.dfm
File Copy: X:\Compon\Rave4\Demo\VisualCB\DM.h
File Copy: X:\Compon\Rave4\Demo\VisualCB\Main.cpp
File Copy: X:\Compon\Rave4\Demo\VisualCB\Main.dfm
File Copy: X:\Compon\Rave4\Demo\VisualCB\Main.h
File Copy: X:\Compon\Rave4\Demo\VisualCB\RaveDemo.bpr
File Copy: X:\Compon\Rave4\Demo\VisualCB\RaveDemo.cpp
File Copy: X:\Compon\Rave4\Demo\VisualCB\RaveDemo.rav
File Copy: X:\Compon\Rave4\Demo\VisualCB\RaveDemo.res
Made Dir: X:\Compon\Rave4\Redist
File Copy: X:\Compon\Rave4\Redist\borlndmm.dll
File Copy: X:\Compon\Rave4\Redist\rave.CNT
File Copy: X:\Compon\Rave4\Redist\RAVE.HLP
File Copy: X:\Compon\Rave4\Redist\ravepack.dll
File Copy: X:\Compon\Rave4\Redist\ravesolo.dll
File Copy: X:\Compon\Rave4\Redist\README.txt
File Copy: X:\Compon\Rave4\Redist\RVCL40.bpl
File Copy: X:\Compon\Rave4\Redist\rvclass.rvc
File Copy: X:\Compon\Rave4\Redist\RVCLB40.bpl
File Copy: X:\Compon\Rave4\Redist\RVCLG40.bpl
File Copy: X:\Compon\Rave4\Redist\RVCLLD40.bpl
File Copy: X:\Compon\Rave4\Redist\RVCLLE40.bpl
File Copy: X:\Compon\Rave4\Redist\RVCLR40.bpl
File Copy: X:\Compon\Rave4\Redist\RVCLS40.bpl
File Copy: X:\Compon\Rave4\Redist\RVCLWZ40.bpl
File Copy: X:\Compon\Rave4\Redist\rvcsbars.rvc
File Copy: X:\Compon\Rave4\Redist\rvcsdata.rvc
File Copy: X:\Compon\Rave4\Redist\rvcsdraw.rvc
File Copy: X:\Compon\Rave4\Redist\rvcsrpt.rvc
File Copy: X:\Compon\Rave4\Redist\rvcsstd.rvc
File Copy: X:\Compon\Rave4\Redist\rvdata.rvc
File Copy: X:\Compon\Rave4\Redist\rvproj.rvc
File Copy: X:\Compon\Rave4\Redist\SYSFUNC.rvc
File Copy: X:\Compon\Rave4\Redist\SYSTEM.rvc
File Copy: X:\Compon\Rave4\Redist\vcl50.bpl
File Copy: X:\Compon\Rave4\Redist\vcldb50.bpl
File Copy: X:\Compon\Rave4\Redist\vcljpg50.bpl
File Copy: X:\Compon\Rave4\Redist\vclx50.bpl
Made Dir: X:\Compon\Rave4\Language
File Copy: X:\Compon\Rave4\Language\BASE.rlf
File Copy: X:\Compon\Rave4\Language\Blank.rlf
File Copy: X:\Compon\Rave4\Language\Danish.rlf
File Copy: X:\Compon\Rave4\Language\Dutch.rlf
File Copy: X:\Compon\Rave4\Language\Finnish.rlf
File Copy: X:\Compon\Rave4\Language\French.rlf
File Copy: X:\Compon\Rave4\Language\German.rlf
File Copy: X:\Compon\Rave4\Language\Greek.rlf
File Copy: X:\Compon\Rave4\Language\Italian.rlf
File Copy: X:\Compon\Rave4\Language\Norweg.rlf
File Copy: X:\Compon\Rave4\Language\Polish.rlf
File Copy: X:\Compon\Rave4\Language\PortBraz.rlf
File Copy: X:\Compon\Rave4\Language\PortStd.rlf
File Copy: X:\Compon\Rave4\Language\rlfedit.exe
File Copy: X:\Compon\Rave4\Language\Russian.rlf
File Copy: X:\Compon\Rave4\Language\Spanish.rlf
File Copy: X:\Compon\Rave4\Language\Swedish.rlf
File Copy: X:\Compon\Rave4\RVCL40.BPL
File Copy: X:\Compon\Rave4\RVCLB40.BPL
File Copy: X:\Compon\Rave4\RVCLG40.BPL
File Copy: X:\Compon\Rave4\RVCLLD40.BPL
File Copy: X:\Compon\Rave4\RVCLLE40.BPL
File Copy: X:\Compon\Rave4\RVCLR40.BPL
File Copy: X:\Compon\Rave4\RVCLS40.BPL
File Copy: X:\Compon\Rave4\RVCLWZ40.BPL
File Copy: X:\Compon\Rave4\Demo\Visual\RaveDemo.dll
File Copy: X:\Compon\Rave4\Demo\VisualCB\RaveDemo.dll
File Copy: X:\Compon\Rave4\VCL50.BPL
File Copy: X:\Compon\Rave4\VCLDB50.BPL
File Copy: X:\Compon\Rave4\VCLJPG50.BPL
File Copy: X:\Compon\Rave4\VCLX50.BPL
File Copy: X:\Compon\Rave4\RAVE.HLP
File Copy: X:\Compon\Rave4\RAVE.CNT
File Copy: C:\WINNT\System32\RPRT40D5.BPL
File Copy: C:\WINNT\System32\RPRV40D5.BPL
Made Dir: X:\Compon\Rave4\D5
File Copy: X:\Compon\Rave4\D5\ILConfig.dcu
File Copy: X:\Compon\Rave4\D5\ILConfig_Default.dcu
File Copy: X:\Compon\Rave4\D5\ILRegister.dcu
File Copy: X:\Compon\Rave4\D5\LinkIL.dcu
File Copy: X:\Compon\Rave4\D5\NDRVCursor.dcu
File Copy: X:\Compon\Rave4\D5\NDRVStream.dcu
File Copy: X:\Compon\Rave4\D5\NDRVStrings.dcu
File Copy: X:\Compon\Rave4\D5\NDRVSystem.dcu
File Copy: X:\Compon\Rave4\D5\RPBars.dcu
File Copy: X:\Compon\Rave4\D5\RPBase.dcu
File Copy: X:\Compon\Rave4\D5\RPCanvas.dcu
File Copy: X:\Compon\Rave4\D5\RPCon.dcu
File Copy: X:\Compon\Rave4\D5\RPConBDE.dcu
File Copy: X:\Compon\Rave4\D5\RPConDS.dcu
File Copy: X:\Compon\Rave4\D5\RPCursor.dcu
File Copy: X:\Compon\Rave4\D5\RPDBTabl.dcu
File Copy: X:\Compon\Rave4\D5\RPDBUtil.dcu
File Copy: X:\Compon\Rave4\D5\RPDefine.dcu
File Copy: X:\Compon\Rave4\D5\RPDevice.dcu
File Copy: X:\Compon\Rave4\D5\RPDT40.bpl
File Copy: X:\Compon\Rave4\D5\RPFiler.dcu
File Copy: X:\Compon\Rave4\D5\RPFont.dcu
File Copy: X:\Compon\Rave4\D5\RPFPrint.dcu
File Copy: X:\Compon\Rave4\D5\RPHTFilr.dcu
File Copy: X:\Compon\Rave4\D5\rplabel.dcu
File Copy: X:\Compon\Rave4\D5\RPMemo.dcu
File Copy: X:\Compon\Rave4\D5\RPPreFrm.dcu
File Copy: X:\Compon\Rave4\D5\RPPreFrm.dfm
File Copy: X:\Compon\Rave4\D5\RPRave.dcu
File Copy: X:\Compon\Rave4\D5\RPRender.dcu
File Copy: X:\Compon\Rave4\D5\RPRender_HTML.dcu
File Copy: X:\Compon\Rave4\D5\RPRender_PDF.dcu
File Copy: X:\Compon\Rave4\D5\RPreview.dcu
File Copy: X:\Compon\Rave4\D5\RPrinter.dcu
File Copy: X:\Compon\Rave4\D5\RPRPTF.dcu
File Copy: X:\Compon\Rave4\D5\RPRT40D5.dcp
File Copy: X:\Compon\Rave4\D5\RPRTFilr.dcu
File Copy: X:\Compon\Rave4\D5\RPRV40D5.dcp
File Copy: X:\Compon\Rave4\D5\RPSECT.dcu
File Copy: X:\Compon\Rave4\D5\RPSetFrm.dcu
File Copy: X:\Compon\Rave4\D5\RPSetFrm.dfm
File Copy: X:\Compon\Rave4\D5\RPShell.dcu
File Copy: X:\Compon\Rave4\D5\RPSTAFRM.dcu
File Copy: X:\Compon\Rave4\D5\RPSTAFRM.DFM
File Copy: X:\Compon\Rave4\D5\RPSystem.dcu
File Copy: X:\Compon\Rave4\D5\RPTable.dcu
File Copy: X:\Compon\Rave4\D5\RPTChart.dcu
File Copy: X:\Compon\Rave4\D5\RPTXFilr.dcu
File Copy: X:\Compon\Rave4\D5\RVClass.dcu
File Copy: X:\Compon\Rave4\D5\RVCmHuff.dcu
File Copy: X:\Compon\Rave4\D5\RVCsBars.dcu
File Copy: X:\Compon\Rave4\D5\RVCsData.dcu
File Copy: X:\Compon\Rave4\D5\RVCsDraw.dcu
File Copy: X:\Compon\Rave4\D5\RVCsRpt.dcu
File Copy: X:\Compon\Rave4\D5\RVCsStd.dcu
File Copy: X:\Compon\Rave4\D5\RVData.dcu
File Copy: X:\Compon\Rave4\D5\RVDatabase.dcu
File Copy: X:\Compon\Rave4\D5\RVDataField.dcu
File Copy: X:\Compon\Rave4\D5\RVDefine.dcu
File Copy: X:\Compon\Rave4\D5\RVDirectDataView.dcu
File Copy: X:\Compon\Rave4\D5\RVProj.dcu
File Copy: X:\Compon\Rave4\D5\RVSecurity.dcu
File Copy: X:\Compon\Rave4\D5\RVSQLDataView.dcu
File Copy: X:\Compon\Rave4\D5\RVTool.dcu
File Copy: X:\Compon\Rave4\D5\RVUtil.dcu
RegDB Key: Software\Borland\Delphi\5.0\Known Packages
RegDB Val: Rave Design-Time Package
RegDB Name: X:\Compon\Rave4\D5\RPDT40.BPL
RegDB Root: 1
RegDB Key: Software\Borland\Delphi\5.0\Known Packages
RegDB Val: Rave Run-Time Package
RegDB Name: C:\WINNT\System32\RPRT40D5.BPL
RegDB Root: 1
RegDB Key: Software\Borland\Delphi\5.0\Known Packages
RegDB Val: Rave Rave Package
RegDB Name: C:\WINNT\System32\RPRV40D5.BPL
RegDB Root: 1
RegDB Key: Software\Borland\Delphi\5.0\Palette
RegDB Val: TReportPrinter;TReportFiler;TFilePrinter;TFilePreview;TReportSystem;TDetailShell;TMasterShell;TReportShell;TLabelShell;TDBTablePrinter;TTablePrinter;TRTFFiler;TTextFiler;TRPHTMLFiler;TRaveProject;TRPCustomConnection;TRPDataSetConnection;TRPTableConnection;TRPQueryConnection;TRPRenderPDF;TRPRenderHTML
RegDB Name: Report
RegDB Root: 1
RegDB Old: TReportPrinter;TReportFiler;TFilePrinter;TFilePreview;TReportSystem;TDetailShell;TMasterShell;TReportShell;TLabelShell;TDBTablePrinter;TTablePrinter;TRTFFiler;TRPHTMLFiler;TTextFiler;TRPCustomConnection;TRPDataSetConnection;TRPTableConnection;TRPQueryConnection;TRaveProject;
RegDB Key: Software\Nevrona Designs\Rave4\Packages
RegDB Val: X:\Compon\Rave4\RVCLB40.BPL
RegDB Name: Rave 4.0 Barcode Components
RegDB Root: 1
RegDB Key: Software\Nevrona Designs\Rave4\Packages
RegDB Val: X:\Compon\Rave4\RVCLLD40.BPL
RegDB Name: Rave 4.0 Delphi Syntax Compiler
RegDB Root: 1
RegDB Key: Software\Nevrona Designs\Rave4\Packages
RegDB Val: X:\Compon\Rave4\RVCLG40.BPL
RegDB Name: Rave 4.0 Graphics Components
RegDB Root: 1
RegDB Key: Software\Nevrona Designs\Rave4\Packages
RegDB Val: X:\Compon\Rave4\RVCLLE40.BPL
RegDB Name: Rave 4.0 Language Engine
RegDB Root: 1
RegDB Key: Software\Nevrona Designs\Rave4\Packages
RegDB Val: X:\Compon\Rave4\RVCLR40.BPL
RegDB Name: Rave 4.0 Report Components
RegDB Root: 1
RegDB Key: Software\Nevrona Designs\Rave4\Packages
RegDB Val: X:\Compon\Rave4\RVCLWZ40.BPL
RegDB Name: Rave 4.0 Report Wizards
RegDB Root: 1
RegDB Key: Software\Nevrona Designs\Rave4\Packages
RegDB Val: X:\Compon\Rave4\RVCLS40.BPL
RegDB Name: Rave 4.0 Standard Components
RegDB Root: 1
RegDB Key: Software\Nevrona Designs\Rave4
RegDB Val: X:\Compon\Rave4
RegDB Name: DesignerPath
RegDB Root: 2
***  Installation Started 10/16/01 14:11  ***
Title: Rave 4.0 Installation
Source: T:\TEMP\MARK\RPPRO\rave_be_405.exe
File Overwrite: X:\Compon\RAVE4\borlndmm.dll
File Overwrite: X:\Compon\RAVE4\license.txt
File Overwrite: X:\Compon\RAVE4\rave.exe
File Overwrite: X:\Compon\RAVE4\rave.inc
File Copy: X:\Compon\RAVE4\RaveBE.CNT
File Copy: X:\Compon\RAVE4\RaveBE.HLP
File Overwrite: X:\Compon\RAVE4\README.txt
File Overwrite: X:\Compon\RAVE4\REDIST.TXT
File Overwrite: X:\Compon\RAVE4\RPPRO.KWF
File Overwrite: X:\Compon\RAVE4\rvclass.rvc
File Overwrite: X:\Compon\RAVE4\rvcsbars.rvc
File Overwrite: X:\Compon\RAVE4\rvcsdata.rvc
File Overwrite: X:\Compon\RAVE4\rvcsdraw.rvc
File Overwrite: X:\Compon\RAVE4\rvcsrpt.rvc
File Overwrite: X:\Compon\RAVE4\rvcsstd.rvc
File Overwrite: X:\Compon\RAVE4\rvdata.rvc
File Overwrite: X:\Compon\RAVE4\rvproj.rvc
File Overwrite: X:\Compon\RAVE4\SYSFUNC.rvc
File Overwrite: X:\Compon\RAVE4\SYSTEM.rvc
File Overwrite: X:\Compon\RAVE4\WhatsNew.txt
File Overwrite: X:\Compon\RAVE4\Source\clean.bat
File Overwrite: X:\Compon\RAVE4\Source\CompUtil.dpr
File Overwrite: X:\Compon\RAVE4\Source\computil.exe
File Overwrite: X:\Compon\RAVE4\Source\fullc4.bat
File Overwrite: X:\Compon\RAVE4\Source\fullc5.bat
File Overwrite: X:\Compon\RAVE4\Source\fulld4.bat
File Overwrite: X:\Compon\RAVE4\Source\fulld5.bat
File Copy: X:\Compon\RAVE4\Source\fulld6.bat
File Overwrite: X:\Compon\RAVE4\Source\ILConfig.pas
File Overwrite: X:\Compon\RAVE4\Source\ILConfig_ADO.dfm
File Overwrite: X:\Compon\RAVE4\Source\ILConfig_ADO.pas
File Overwrite: X:\Compon\RAVE4\Source\ILConfig_Advantage.dfm
File Overwrite: X:\Compon\RAVE4\Source\ILConfig_Advantage.pas
File Overwrite: X:\Compon\RAVE4\Source\ILConfig_BDE.dfm
File Overwrite: X:\Compon\RAVE4\Source\ILConfig_BDE.pas
File Overwrite: X:\Compon\RAVE4\Source\ILConfig_Default.dfm
File Overwrite: X:\Compon\RAVE4\Source\ILConfig_Default.pas
File Overwrite: X:\Compon\RAVE4\Source\ILConfig_Interbase.dfm
File Overwrite: X:\Compon\RAVE4\Source\ILConfig_Interbase.pas
File Overwrite: X:\Compon\RAVE4\Source\ILConfig_ODBC.dfm
File Overwrite: X:\Compon\RAVE4\Source\ILConfig_ODBC.pas
File Overwrite: X:\Compon\RAVE4\Source\ILConfig_Oracle.dfm
File Overwrite: X:\Compon\RAVE4\Source\ILConfig_Oracle.pas
File Overwrite: X:\Compon\RAVE4\Source\ILRegister.pas
File Overwrite: X:\Compon\RAVE4\Source\LinkIL.pas
File Overwrite: X:\Compon\RAVE4\Source\LinkIL_ADO.pas
File Overwrite: X:\Compon\RAVE4\Source\LinkIL_Advantage.pas
File Overwrite: X:\Compon\RAVE4\Source\LinkIL_BDE.pas
File Overwrite: X:\Compon\RAVE4\Source\LinkIL_IBO.pas
File Overwrite: X:\Compon\RAVE4\Source\LinkIL_IBX.pas
File Overwrite: X:\Compon\RAVE4\Source\LinkIL_ODBC.pas
File Overwrite: X:\Compon\RAVE4\Source\LinkIL_Oracle.pas
File Overwrite: X:\Compon\RAVE4\Source\NDDefines.inc
File Overwrite: X:\Compon\RAVE4\Source\NDRVCursor.pas
File Overwrite: X:\Compon\RAVE4\Source\NDRVStream.pas
File Overwrite: X:\Compon\RAVE4\Source\NDRVStrings.pas
File Overwrite: X:\Compon\RAVE4\Source\NDRVSystem.pas
File Overwrite: X:\Compon\RAVE4\Source\rant.txt
File Overwrite: X:\Compon\RAVE4\Source\RaveCC.dpr
File Overwrite: X:\Compon\RAVE4\Source\ravecc.exe
File Overwrite: X:\Compon\RAVE4\Source\raved5.bat
File Overwrite: X:\Compon\RAVE4\Source\Rpaddfrm.dfm
File Overwrite: X:\Compon\RAVE4\Source\Rpaddfrm.pas
File Overwrite: X:\Compon\RAVE4\Source\RPBars.pas
File Overwrite: X:\Compon\RAVE4\Source\RPBase.pas
File Overwrite: X:\Compon\RAVE4\Source\RPCanvas.pas
File Overwrite: X:\Compon\RAVE4\Source\RPCEDFRM.DFM
File Overwrite: X:\Compon\RAVE4\Source\RPCEDFRM.PAS
File Overwrite: X:\Compon\RAVE4\Source\RPCon.pas
File Overwrite: X:\Compon\RAVE4\Source\RPConBDE.pas
File Overwrite: X:\Compon\RAVE4\Source\RPConDS.pas
File Overwrite: X:\Compon\RAVE4\Source\RPCursor.pas
File Overwrite: X:\Compon\RAVE4\Source\RPDBTabl.pas
File Overwrite: X:\Compon\RAVE4\Source\RPDBUtil.pas
File Overwrite: X:\Compon\RAVE4\Source\RPDefine.pas
File Overwrite: X:\Compon\RAVE4\Source\RPDevice.pas
File Overwrite: X:\Compon\RAVE4\Source\RPDT40.dpk
File Overwrite: X:\Compon\RAVE4\Source\RPExeFrm.dfm
File Overwrite: X:\Compon\RAVE4\Source\RPExeFrm.pas
File Overwrite: X:\Compon\RAVE4\Source\RPFiler.pas
File Overwrite: X:\Compon\RAVE4\Source\RPFont.pas
File Overwrite: X:\Compon\RAVE4\Source\RPFPrint.pas
File Overwrite: X:\Compon\RAVE4\Source\RPHTFilr.pas
File Overwrite: X:\Compon\RAVE4\Source\rplabel.pas
File Overwrite: X:\Compon\RAVE4\Source\RPMemo.pas
File Overwrite: X:\Compon\RAVE4\Source\RPPreFrm.dfm
File Overwrite: X:\Compon\RAVE4\Source\RPPreFrm.pas
File Overwrite: X:\Compon\RAVE4\Source\RPRave.pas
File Overwrite: X:\Compon\RAVE4\Source\RPReg.dcr
File Overwrite: X:\Compon\RAVE4\Source\RPReg.pas
File Overwrite: X:\Compon\RAVE4\Source\RPRender.pas
File Overwrite: X:\Compon\RAVE4\Source\RPRender_HTML.pas
File Overwrite: X:\Compon\RAVE4\Source\RPRender_PDF.pas
File Overwrite: X:\Compon\RAVE4\Source\RPreview.pas
File Overwrite: X:\Compon\RAVE4\Source\RPrinter.pas
File Overwrite: X:\Compon\RAVE4\Source\RPRPTF.pas
File Overwrite: X:\Compon\RAVE4\Source\RPRT40.dpk
File Overwrite: X:\Compon\RAVE4\Source\RPRTFilr.pas
File Overwrite: X:\Compon\RAVE4\Source\RPRV40.dpk
File Overwrite: X:\Compon\RAVE4\Source\rpsecfrm.dfm
File Overwrite: X:\Compon\RAVE4\Source\rpsecfrm.pas
File Overwrite: X:\Compon\RAVE4\Source\RPSECT.PAS
File Overwrite: X:\Compon\RAVE4\Source\RPSetFrm.dfm
File Overwrite: X:\Compon\RAVE4\Source\RPSetFrm.pas
File Overwrite: X:\Compon\RAVE4\Source\RPShell.pas
File Overwrite: X:\Compon\RAVE4\Source\RPSTAFRM.DFM
File Overwrite: X:\Compon\RAVE4\Source\RPSTAFRM.PAS
File Overwrite: X:\Compon\RAVE4\Source\RPSystem.pas
File Overwrite: X:\Compon\RAVE4\Source\RPTABCOL.PAS
File Overwrite: X:\Compon\RAVE4\Source\RPTABITM.PAS
File Overwrite: X:\Compon\RAVE4\Source\RPTable.pas
File Overwrite: X:\Compon\RAVE4\Source\RPTABSEC.PAS
File Overwrite: X:\Compon\RAVE4\Source\RPTChart.pas
File Overwrite: X:\Compon\RAVE4\Source\RPTXFilr.pas
File Overwrite: X:\Compon\RAVE4\Source\RPVer.pas
File Overwrite: X:\Compon\RAVE4\Source\RVCL40.dpk
File Overwrite: X:\Compon\RAVE4\Source\RVClass.pas
File Overwrite: X:\Compon\RAVE4\Source\RVClass.res
File Overwrite: X:\Compon\RAVE4\Source\RVClass.rvs
File Overwrite: X:\Compon\RAVE4\Source\RVCLB40.dpk
File Overwrite: X:\Compon\RAVE4\Source\RVCLG40.dpk
File Overwrite: X:\Compon\RAVE4\Source\RVCLLD40.dpk
File Overwrite: X:\Compon\RAVE4\Source\RVCLLE40.dpk
File Overwrite: X:\Compon\RAVE4\Source\RVCLR40.dpk
File Overwrite: X:\Compon\RAVE4\Source\RVCLS40.dpk
File Overwrite: X:\Compon\RAVE4\Source\RVCLWz40.dpk
File Overwrite: X:\Compon\RAVE4\Source\RVCmHuff.pas
File Overwrite: X:\Compon\RAVE4\Source\RVCsBars.pas
File Overwrite: X:\Compon\RAVE4\Source\RVCsBars.res
File Overwrite: X:\Compon\RAVE4\Source\RVCsBars.rvs
File Overwrite: X:\Compon\RAVE4\Source\RVCsData.pas
File Overwrite: X:\Compon\RAVE4\Source\RVCsData.res
File Overwrite: X:\Compon\RAVE4\Source\RVCsData.rvs
File Overwrite: X:\Compon\RAVE4\Source\RVCsDraw.pas
File Overwrite: X:\Compon\RAVE4\Source\RVCsDraw.res
File Overwrite: X:\Compon\RAVE4\Source\RVCsDraw.rvs
File Overwrite: X:\Compon\RAVE4\Source\RVCsRpt.pas
File Overwrite: X:\Compon\RAVE4\Source\RVCsRpt.res
File Overwrite: X:\Compon\RAVE4\Source\RVCsRpt.rvs
File Overwrite: X:\Compon\RAVE4\Source\RVCsStd.pas
File Overwrite: X:\Compon\RAVE4\Source\RVCsStd.res
File Overwrite: X:\Compon\RAVE4\Source\RVCsStd.rvs
File Overwrite: X:\Compon\RAVE4\Source\RVData.pas
File Overwrite: X:\Compon\RAVE4\Source\RVData.res
File Overwrite: X:\Compon\RAVE4\Source\RVData.rvs
File Overwrite: X:\Compon\RAVE4\Source\RVDatabase.pas
File Overwrite: X:\Compon\RAVE4\Source\RVDataField.pas
File Overwrite: X:\Compon\RAVE4\Source\RVDefine.pas
File Overwrite: X:\Compon\RAVE4\Source\RVDirectDataView.pas
File Overwrite: X:\Compon\RAVE4\Source\rvinfo.dat
File Overwrite: X:\Compon\RAVE4\Source\RVLDComp.pas
File Overwrite: X:\Compon\RAVE4\Source\RVLECode.pas
File Overwrite: X:\Compon\RAVE4\Source\RVLEDBug.pas
File Overwrite: X:\Compon\RAVE4\Source\RVLEDef.pas
File Overwrite: X:\Compon\RAVE4\Source\RVLEExpr.pas
File Overwrite: X:\Compon\RAVE4\Source\RVLEID.pas
File Overwrite: X:\Compon\RAVE4\Source\RVLEMod.pas
File Overwrite: X:\Compon\RAVE4\Source\RVLERun.pas
File Overwrite: X:\Compon\RAVE4\Source\RVLESys.inc
File Overwrite: X:\Compon\RAVE4\Source\RVLESys.pas
File Overwrite: X:\Compon\RAVE4\Source\RVLEType.pas
File Overwrite: X:\Compon\RAVE4\Source\RVLEUtil.pas
File Overwrite: X:\Compon\RAVE4\Source\RVPDEvnt.dfm
File Overwrite: X:\Compon\RAVE4\Source\RVPDEvnt.pas
File Overwrite: X:\Compon\RAVE4\Source\RVPEAnch.dfm
File Overwrite: X:\Compon\RAVE4\Source\RVPEAnch.pas
File Overwrite: X:\Compon\RAVE4\Source\RVPEBand.dfm
File Overwrite: X:\Compon\RAVE4\Source\RVPEBand.pas
File Overwrite: X:\Compon\RAVE4\Source\RVPECalc.pas
File Overwrite: X:\Compon\RAVE4\Source\RVPEData.pas
File Overwrite: X:\Compon\RAVE4\Source\RVPEDBAuth.dfm
File Overwrite: X:\Compon\RAVE4\Source\RVPEDBAuth.pas
File Overwrite: X:\Compon\RAVE4\Source\RVPEDMS.dfm
File Overwrite: X:\Compon\RAVE4\Source\RVPEDMS.pas
File Overwrite: X:\Compon\RAVE4\Source\RVPEDTxt.dfm
File Overwrite: X:\Compon\RAVE4\Source\RVPEDTxt.pas
File Overwrite: X:\Compon\RAVE4\Source\RVPEImg.dfm
File Overwrite: X:\Compon\RAVE4\Source\RVPEImg.pas
File Overwrite: X:\Compon\RAVE4\Source\RVPEMail.dfm
File Overwrite: X:\Compon\RAVE4\Source\RVPEMail.pas
File Overwrite: X:\Compon\RAVE4\Source\RVPEMemo.dfm
File Overwrite: X:\Compon\RAVE4\Source\RVPEMemo.pas
File Overwrite: X:\Compon\RAVE4\Source\RVPEPLst.dfm
File Overwrite: X:\Compon\RAVE4\Source\RVPEPLst.pas
File Overwrite: X:\Compon\RAVE4\Source\RVPEProj.pas
File Overwrite: X:\Compon\RAVE4\Source\RVPERLoc.dfm
File Overwrite: X:\Compon\RAVE4\Source\RVPERLoc.pas
File Overwrite: X:\Compon\RAVE4\Source\RVPERpt.pas
File Overwrite: X:\Compon\RAVE4\Source\RVPEStrL.dfm
File Overwrite: X:\Compon\RAVE4\Source\RVPEStrL.pas
File Overwrite: X:\Compon\RAVE4\Source\RVPESys.pas
File Overwrite: X:\Compon\RAVE4\Source\RVProj.pas
File Overwrite: X:\Compon\RAVE4\Source\RVProj.res
File Overwrite: X:\Compon\RAVE4\Source\RVProj.rvs
File Overwrite: X:\Compon\RAVE4\Source\rvs2inc.dpr
File Overwrite: X:\Compon\RAVE4\Source\rvs2inc.exe
File Overwrite: X:\Compon\RAVE4\Source\RVSecurity.pas
File Overwrite: X:\Compon\RAVE4\Source\RVSQLDataView.pas
File Overwrite: X:\Compon\RAVE4\Source\RVTool.pas
File Overwrite: X:\Compon\RAVE4\Source\RVToolEvents.pas
File Overwrite: X:\Compon\RAVE4\Source\RVUtil.pas
File Overwrite: X:\Compon\RAVE4\Source\RVWzMD.dfm
File Overwrite: X:\Compon\RAVE4\Source\RVWzMD.pas
File Overwrite: X:\Compon\RAVE4\Source\RVWzSimp.dfm
File Overwrite: X:\Compon\RAVE4\Source\RVWzSimp.pas
File Overwrite: X:\Compon\RAVE4\Source\SysFunc.rvs
File Overwrite: X:\Compon\RAVE4\DIBLAvail\DIBLADO.rvd
File Overwrite: X:\Compon\RAVE4\DIBLAvail\DIBLAdvantage.rvd
File Overwrite: X:\Compon\RAVE4\DIBLAvail\DIBLBDE.rvd
File Overwrite: X:\Compon\RAVE4\DIBLAvail\DIBLIBO.rvd
File Overwrite: X:\Compon\RAVE4\DIBLAvail\DIBLIBX.rvd
File Overwrite: X:\Compon\RAVE4\DIBLAvail\DIBLODBC.rvd
File Overwrite: X:\Compon\RAVE4\DIBLAvail\DIBLOracle.rvd
File Overwrite: X:\Compon\RAVE4\DIBLAvail\Source\DIBLADO.dpr
File Overwrite: X:\Compon\RAVE4\DIBLAvail\Source\DIBLAdvantage.dpr
File Overwrite: X:\Compon\RAVE4\DIBLAvail\Source\DIBLApollo.dpr
File Overwrite: X:\Compon\RAVE4\DIBLAvail\Source\DIBLBDE.dpr
File Copy: X:\Compon\RAVE4\DIBLAvail\Source\DIBLDBX.dpr
File Overwrite: X:\Compon\RAVE4\DIBLAvail\Source\DIBLIBO.dpr
File Overwrite: X:\Compon\RAVE4\DIBLAvail\Source\DIBLIBX.dpr
File Overwrite: X:\Compon\RAVE4\DIBLAvail\Source\DIBLLinkMain.pas
File Overwrite: X:\Compon\RAVE4\DIBLAvail\Source\DIBLODBC.dpr
File Overwrite: X:\Compon\RAVE4\DIBLAvail\Source\DIBLOracle.dpr
File Overwrite: X:\Compon\RAVE4\RV\ILConfig.dcu
File Overwrite: X:\Compon\RAVE4\RV\ILConfig_Default.dcu
File Overwrite: X:\Compon\RAVE4\RV\ILRegister.dcu
File Overwrite: X:\Compon\RAVE4\RV\LinkIL.dcu
File Overwrite: X:\Compon\RAVE4\RV\NDRVCursor.dcu
File Overwrite: X:\Compon\RAVE4\RV\NDRVStream.dcu
File Overwrite: X:\Compon\RAVE4\RV\NDRVStrings.dcu
File Overwrite: X:\Compon\RAVE4\RV\NDRVSystem.dcu
File Overwrite: X:\Compon\RAVE4\RV\RPBars.dcu
File Overwrite: X:\Compon\RAVE4\RV\RPBase.dcu
File Overwrite: X:\Compon\RAVE4\RV\RPCanvas.dcu
File Overwrite: X:\Compon\RAVE4\RV\RPCon.dcu
File Overwrite: X:\Compon\RAVE4\RV\RPCursor.dcu
File Overwrite: X:\Compon\RAVE4\RV\RPDefine.dcu
File Overwrite: X:\Compon\RAVE4\RV\RPDevice.dcu
File Overwrite: X:\Compon\RAVE4\RV\RPFiler.dcu
File Overwrite: X:\Compon\RAVE4\RV\RPFont.dcu
File Overwrite: X:\Compon\RAVE4\RV\RPFPrint.dcu
File Overwrite: X:\Compon\RAVE4\RV\RPHTFilr.dcu
File Overwrite: X:\Compon\RAVE4\RV\RPMemo.dcu
File Overwrite: X:\Compon\RAVE4\RV\RPPREFRM.dcu
File Overwrite: X:\Compon\RAVE4\RV\RPPREFRM.DFM
File Overwrite: X:\Compon\RAVE4\RV\RPRender.dcu
File Overwrite: X:\Compon\RAVE4\RV\RPRender_HTML.dcu
File Overwrite: X:\Compon\RAVE4\RV\RPRender_PDF.dcu
File Overwrite: X:\Compon\RAVE4\RV\RPreview.dcu
File Overwrite: X:\Compon\RAVE4\RV\RPrinter.dcu
File Overwrite: X:\Compon\RAVE4\RV\RPRPTF.dcu
File Overwrite: X:\Compon\RAVE4\RV\RPRTFilr.dcu
File Overwrite: X:\Compon\RAVE4\RV\RPSetFrm.dcu
File Overwrite: X:\Compon\RAVE4\RV\RPSetFrm.dfm
File Overwrite: X:\Compon\RAVE4\RV\RPSTAFRM.dcu
File Overwrite: X:\Compon\RAVE4\RV\RPSTAFRM.DFM
File Overwrite: X:\Compon\RAVE4\RV\RPSystem.dcu
File Overwrite: X:\Compon\RAVE4\RV\RPTXFilr.dcu
File Overwrite: X:\Compon\RAVE4\RV\RVCL40.dcp
File Overwrite: X:\Compon\RAVE4\RV\RVClass.dcu
File Overwrite: X:\Compon\RAVE4\RV\RVClass.res
File Overwrite: X:\Compon\RAVE4\RV\RVCLB40.dcp
File Overwrite: X:\Compon\RAVE4\RV\RVCLG40.dcp
File Overwrite: X:\Compon\RAVE4\RV\RVCLLD40.dcp
File Overwrite: X:\Compon\RAVE4\RV\RVCLLE40.dcp
File Overwrite: X:\Compon\RAVE4\RV\RVCLR40.dcp
File Overwrite: X:\Compon\RAVE4\RV\RVCLS40.dcp
File Overwrite: X:\Compon\RAVE4\RV\RVCLWZ40.dcp
File Overwrite: X:\Compon\RAVE4\RV\RVCmHuff.dcu
File Overwrite: X:\Compon\RAVE4\RV\RVCsBars.dcu
File Overwrite: X:\Compon\RAVE4\RV\RVCsBars.res
File Overwrite: X:\Compon\RAVE4\RV\RVCsData.dcu
File Overwrite: X:\Compon\RAVE4\RV\RVCsData.res
File Overwrite: X:\Compon\RAVE4\RV\RVCsDraw.dcu
File Overwrite: X:\Compon\RAVE4\RV\RVCsDraw.res
File Overwrite: X:\Compon\RAVE4\RV\RVCsRpt.dcu
File Overwrite: X:\Compon\RAVE4\RV\RVCsRpt.res
File Overwrite: X:\Compon\RAVE4\RV\RVCsStd.dcu
File Overwrite: X:\Compon\RAVE4\RV\RVCsStd.res
File Overwrite: X:\Compon\RAVE4\RV\RVData.dcu
File Overwrite: X:\Compon\RAVE4\RV\RVData.res
File Overwrite: X:\Compon\RAVE4\RV\RVDatabase.dcu
File Overwrite: X:\Compon\RAVE4\RV\RVDataField.dcu
File Overwrite: X:\Compon\RAVE4\RV\RVDefine.dcu
File Overwrite: X:\Compon\RAVE4\RV\RVDirectDataView.dcu
File Overwrite: X:\Compon\RAVE4\RV\RVLDComp.dcu
File Overwrite: X:\Compon\RAVE4\RV\RVLECode.dcu
File Overwrite: X:\Compon\RAVE4\RV\RVLEDBug.dcu
File Overwrite: X:\Compon\RAVE4\RV\RVLEDef.dcu
File Overwrite: X:\Compon\RAVE4\RV\RVLEExpr.dcu
File Overwrite: X:\Compon\RAVE4\RV\RVLEID.dcu
File Overwrite: X:\Compon\RAVE4\RV\RVLEMod.dcu
File Overwrite: X:\Compon\RAVE4\RV\RVLERun.dcu
File Overwrite: X:\Compon\RAVE4\RV\RVLESys.dcu
File Overwrite: X:\Compon\RAVE4\RV\RVLEType.dcu
File Overwrite: X:\Compon\RAVE4\RV\RVLEUtil.dcu
File Overwrite: X:\Compon\RAVE4\RV\RVPDEvnt.dcu
File Overwrite: X:\Compon\RAVE4\RV\RVPDEvnt.dfm
File Overwrite: X:\Compon\RAVE4\RV\RVPEAnch.dcu
File Overwrite: X:\Compon\RAVE4\RV\RVPEAnch.dfm
File Overwrite: X:\Compon\RAVE4\RV\RVPEBand.dcu
File Overwrite: X:\Compon\RAVE4\RV\RVPEBand.dfm
File Overwrite: X:\Compon\RAVE4\RV\RVPECalc.dcu
File Overwrite: X:\Compon\RAVE4\RV\RVPEData.dcu
File Overwrite: X:\Compon\RAVE4\RV\RVPEDBAuth.dcu
File Overwrite: X:\Compon\RAVE4\RV\RVPEDBAuth.dfm
File Overwrite: X:\Compon\RAVE4\RV\RVPEDMS.dcu
File Overwrite: X:\Compon\RAVE4\RV\RVPEDMS.dfm
File Overwrite: X:\Compon\RAVE4\RV\RVPEDTxt.dcu
File Overwrite: X:\Compon\RAVE4\RV\RVPEDTxt.dfm
File Overwrite: X:\Compon\RAVE4\RV\RVPEImg.dcu
File Overwrite: X:\Compon\RAVE4\RV\RVPEImg.dfm
File Overwrite: X:\Compon\RAVE4\RV\RVPEMail.dcu
File Overwrite: X:\Compon\RAVE4\RV\RVPEMail.dfm
File Overwrite: X:\Compon\RAVE4\RV\RVPEMemo.dcu
File Overwrite: X:\Compon\RAVE4\RV\RVPEMemo.dfm
File Overwrite: X:\Compon\RAVE4\RV\RVPEPLst.dcu
File Overwrite: X:\Compon\RAVE4\RV\RVPEPLst.dfm
File Overwrite: X:\Compon\RAVE4\RV\RVPEProj.dcu
File Overwrite: X:\Compon\RAVE4\RV\RVPERLoc.dcu
File Overwrite: X:\Compon\RAVE4\RV\RVPERLoc.dfm
File Overwrite: X:\Compon\RAVE4\RV\RVPEStrL.dcu
File Overwrite: X:\Compon\RAVE4\RV\RVPEStrL.dfm
File Overwrite: X:\Compon\RAVE4\RV\RVPESys.dcu
File Overwrite: X:\Compon\RAVE4\RV\RVProj.dcu
File Overwrite: X:\Compon\RAVE4\RV\RVProj.res
File Overwrite: X:\Compon\RAVE4\RV\RVSecurity.dcu
File Overwrite: X:\Compon\RAVE4\RV\RVSQLDataView.dcu
File Overwrite: X:\Compon\RAVE4\RV\RVTool.dcu
File Overwrite: X:\Compon\RAVE4\RV\RVToolEvents.dcu
File Overwrite: X:\Compon\RAVE4\RV\RVUtil.dcu
File Overwrite: X:\Compon\RAVE4\RV\RVWzMD.dcu
File Overwrite: X:\Compon\RAVE4\RV\RVWzMD.dfm
File Overwrite: X:\Compon\RAVE4\RV\RVWzSimp.dcu
File Overwrite: X:\Compon\RAVE4\RV\RVWzSimp.dfm
File Overwrite: X:\Compon\RAVE4\Tutor\02\MAIN02.DFM
File Overwrite: X:\Compon\RAVE4\Tutor\02\MAIN02.PAS
File Overwrite: X:\Compon\RAVE4\Tutor\02\TUTOR02.DPR
File Overwrite: X:\Compon\RAVE4\Tutor\02\TUTOR02.RES
File Overwrite: X:\Compon\RAVE4\Tutor\03\MAIN03.DFM
File Overwrite: X:\Compon\RAVE4\Tutor\03\MAIN03.PAS
File Overwrite: X:\Compon\RAVE4\Tutor\03\TUTOR03.DPR
File Overwrite: X:\Compon\RAVE4\Tutor\03\TUTOR03.RES
File Overwrite: X:\Compon\RAVE4\Tutor\04\MAIN04.DFM
File Overwrite: X:\Compon\RAVE4\Tutor\04\MAIN04.PAS
File Overwrite: X:\Compon\RAVE4\Tutor\04\TUTOR04.DPR
File Overwrite: X:\Compon\RAVE4\Tutor\04\TUTOR04.RES
File Overwrite: X:\Compon\RAVE4\Tutor\05\MAIN05.DFM
File Overwrite: X:\Compon\RAVE4\Tutor\05\MAIN05.PAS
File Overwrite: X:\Compon\RAVE4\Tutor\05\TUTOR05.DPR
File Overwrite: X:\Compon\RAVE4\Tutor\05\TUTOR05.RES
File Overwrite: X:\Compon\RAVE4\Tutor\06\MAIN06.DFM
File Overwrite: X:\Compon\RAVE4\Tutor\06\MAIN06.PAS
File Overwrite: X:\Compon\RAVE4\Tutor\06\TUTOR06.DPR
File Overwrite: X:\Compon\RAVE4\Tutor\06\TUTOR06.RES
File Overwrite: X:\Compon\RAVE4\Tutor\07\MAIN07.DFM
File Overwrite: X:\Compon\RAVE4\Tutor\07\MAIN07.PAS
File Overwrite: X:\Compon\RAVE4\Tutor\07\TUTOR07.DPR
File Overwrite: X:\Compon\RAVE4\Tutor\07\TUTOR07.RES
File Overwrite: X:\Compon\RAVE4\Tutor\09\MAIN09.DFM
File Overwrite: X:\Compon\RAVE4\Tutor\09\MAIN09.PAS
File Overwrite: X:\Compon\RAVE4\Tutor\09\TUTOR09.DPR
File Overwrite: X:\Compon\RAVE4\Tutor\09\TUTOR09.RES
File Overwrite: X:\Compon\RAVE4\Tutor\10\MAIN10.DFM
File Overwrite: X:\Compon\RAVE4\Tutor\10\MAIN10.PAS
File Overwrite: X:\Compon\RAVE4\Tutor\10\TUTOR10.DPR
File Overwrite: X:\Compon\RAVE4\Tutor\10\TUTOR10.RES
File Overwrite: X:\Compon\RAVE4\Tutor\11\MAIN11.DFM
File Overwrite: X:\Compon\RAVE4\Tutor\11\MAIN11.PAS
File Overwrite: X:\Compon\RAVE4\Tutor\11\TUTOR11.DPR
File Overwrite: X:\Compon\RAVE4\Tutor\11\TUTOR11.RES
File Overwrite: X:\Compon\RAVE4\Tutor\12\MAIN12.DFM
File Overwrite: X:\Compon\RAVE4\Tutor\12\MAIN12.PAS
File Overwrite: X:\Compon\RAVE4\Tutor\12\TUTOR12.DPR
File Overwrite: X:\Compon\RAVE4\Tutor\12\TUTOR12.RES
File Overwrite: X:\Compon\RAVE4\Tutor\12\TUTOR12.TXT
File Overwrite: X:\Compon\RAVE4\Tutor\13\MAIN13.DFM
File Overwrite: X:\Compon\RAVE4\Tutor\13\MAIN13.PAS
File Overwrite: X:\Compon\RAVE4\Tutor\13\TUTOR13.DPR
File Overwrite: X:\Compon\RAVE4\Tutor\13\TUTOR13.RES
File Overwrite: X:\Compon\RAVE4\Tutor\14\MAIN14.DFM
File Overwrite: X:\Compon\RAVE4\Tutor\14\MAIN14.PAS
File Overwrite: X:\Compon\RAVE4\Tutor\14\TUTOR14.DPR
File Overwrite: X:\Compon\RAVE4\Tutor\14\TUTOR14.RES
File Overwrite: X:\Compon\RAVE4\Tutor\15\MAIN15.DFM
File Overwrite: X:\Compon\RAVE4\Tutor\15\MAIN15.PAS
File Overwrite: X:\Compon\RAVE4\Tutor\15\TUTOR15.DPR
File Overwrite: X:\Compon\RAVE4\Tutor\15\TUTOR15.RES
File Overwrite: X:\Compon\RAVE4\Demo\BARDEMO.ZIP
File Overwrite: X:\Compon\RAVE4\Demo\CHARTDEM.ZIP
File Overwrite: X:\Compon\RAVE4\Demo\HTMLDEMO.ZIP
File Overwrite: X:\Compon\RAVE4\Demo\Code\DEMO01.DFM
File Overwrite: X:\Compon\RAVE4\Demo\Code\demo01.PAS
File Overwrite: X:\Compon\RAVE4\Demo\Code\DEMO02.DFM
File Overwrite: X:\Compon\RAVE4\Demo\Code\demo02.PAS
File Overwrite: X:\Compon\RAVE4\Demo\Code\DEMO03.DFM
File Overwrite: X:\Compon\RAVE4\Demo\Code\demo03.PAS
File Overwrite: X:\Compon\RAVE4\Demo\Code\DEMO04.DFM
File Overwrite: X:\Compon\RAVE4\Demo\Code\demo04.PAS
File Overwrite: X:\Compon\RAVE4\Demo\Code\DEMO05.DFM
File Overwrite: X:\Compon\RAVE4\Demo\Code\demo05.PAS
File Overwrite: X:\Compon\RAVE4\Demo\Code\demo05.txt
File Overwrite: X:\Compon\RAVE4\Demo\Code\DEMO06.DFM
File Overwrite: X:\Compon\RAVE4\Demo\Code\demo06.PAS
File Overwrite: X:\Compon\RAVE4\Demo\Code\DEMO07.DFM
File Overwrite: X:\Compon\RAVE4\Demo\Code\demo07.PAS
File Overwrite: X:\Compon\RAVE4\Demo\Code\DEMO08.DFM
File Overwrite: X:\Compon\RAVE4\Demo\Code\demo08.PAS
File Overwrite: X:\Compon\RAVE4\Demo\Code\MAIN.dfm
File Overwrite: X:\Compon\RAVE4\Demo\Code\MAIN.PAS
File Overwrite: X:\Compon\RAVE4\Demo\Code\RPDEMO.BMP
File Overwrite: X:\Compon\RAVE4\Demo\Code\rpdemo.DPR
File Overwrite: X:\Compon\RAVE4\Demo\Code\rpdemo.dsk
File Overwrite: X:\Compon\RAVE4\Demo\Code\RPDEMO.RES
File Overwrite: X:\Compon\RAVE4\Demo\Code\RPDEMO.RTF
File Overwrite: X:\Compon\RAVE4\Demo\Code\RTFDEMO.DFM
File Overwrite: X:\Compon\RAVE4\Demo\Code\RTFDemo.PAS
File Overwrite: X:\Compon\RAVE4\Demo\Data\ACE32.DLL
File Overwrite: X:\Compon\RAVE4\Demo\Data\ADSLOC32.DLL
File Overwrite: X:\Compon\RAVE4\Demo\Data\ADSLOCAL.CFG
File Overwrite: X:\Compon\RAVE4\Demo\Data\ANSI.CHR
File Overwrite: X:\Compon\RAVE4\Demo\Data\AXCWS32.DLL
File Overwrite: X:\Compon\RAVE4\Demo\Data\borlndmm.dll
File Overwrite: X:\Compon\RAVE4\Demo\Data\call.ADT
File Overwrite: X:\Compon\RAVE4\Demo\Data\customer.ADT
File Overwrite: X:\Compon\RAVE4\Demo\Data\employee.ADT
File Overwrite: X:\Compon\RAVE4\Demo\Data\EXTEND.CHR
File Overwrite: X:\Compon\RAVE4\Demo\Data\invoice.ADT
File Overwrite: X:\Compon\RAVE4\Demo\Data\invoiceitem.ADT
File Overwrite: X:\Compon\RAVE4\Demo\Data\product.ADM
File Overwrite: X:\Compon\RAVE4\Demo\Data\product.ADT
File Overwrite: X:\Compon\RAVE4\Demo\Data\Tutorial.pdf
File Overwrite: X:\Compon\RAVE4\Demo\Visual\DM.dfm
File Overwrite: X:\Compon\RAVE4\Demo\Visual\DM.pas
File Overwrite: X:\Compon\RAVE4\Demo\Visual\Main.dfm
File Overwrite: X:\Compon\RAVE4\Demo\Visual\Main.pas
File Overwrite: X:\Compon\RAVE4\Demo\Visual\RaveDemo.dpr
File Overwrite: X:\Compon\RAVE4\Demo\Visual\RaveDemo.rav
File Overwrite: X:\Compon\RAVE4\Demo\Visual\RaveDemo.res
File Overwrite: X:\Compon\RAVE4\Demo\VisualCB\DM.cpp
File Overwrite: X:\Compon\RAVE4\Demo\VisualCB\DM.dfm
File Overwrite: X:\Compon\RAVE4\Demo\VisualCB\DM.h
File Overwrite: X:\Compon\RAVE4\Demo\VisualCB\Main.cpp
File Overwrite: X:\Compon\RAVE4\Demo\VisualCB\Main.dfm
File Overwrite: X:\Compon\RAVE4\Demo\VisualCB\Main.h
File Overwrite: X:\Compon\RAVE4\Demo\VisualCB\RaveDemo.bpr
File Overwrite: X:\Compon\RAVE4\Demo\VisualCB\RaveDemo.cpp
File Overwrite: X:\Compon\RAVE4\Demo\VisualCB\RaveDemo.rav
File Overwrite: X:\Compon\RAVE4\Demo\VisualCB\RaveDemo.res
File Overwrite: X:\Compon\RAVE4\Redist\borlndmm.dll
File Overwrite: X:\Compon\RAVE4\Redist\RAVE.CNT
File Overwrite: X:\Compon\RAVE4\Redist\RAVE.HLP
File Copy: X:\Compon\RAVE4\Redist\RAVEBIG.CNT
File Copy: X:\Compon\RAVE4\Redist\RAVEBIG.HLP
File Overwrite: X:\Compon\RAVE4\Redist\ravepack.dll
File Overwrite: X:\Compon\RAVE4\Redist\ravesolo.dll
File Overwrite: X:\Compon\RAVE4\Redist\README.txt
File Overwrite: X:\Compon\RAVE4\Redist\RVCL40.bpl
File Overwrite: X:\Compon\RAVE4\Redist\rvclass.rvc
File Overwrite: X:\Compon\RAVE4\Redist\RVCLB40.bpl
File Overwrite: X:\Compon\RAVE4\Redist\RVCLG40.bpl
File Overwrite: X:\Compon\RAVE4\Redist\RVCLLD40.bpl
File Overwrite: X:\Compon\RAVE4\Redist\RVCLLE40.bpl
File Overwrite: X:\Compon\RAVE4\Redist\RVCLR40.bpl
File Overwrite: X:\Compon\RAVE4\Redist\RVCLS40.bpl
File Overwrite: X:\Compon\RAVE4\Redist\RVCLWZ40.bpl
File Overwrite: X:\Compon\RAVE4\Redist\rvcsbars.rvc
File Overwrite: X:\Compon\RAVE4\Redist\rvcsdata.rvc
File Overwrite: X:\Compon\RAVE4\Redist\rvcsdraw.rvc
File Overwrite: X:\Compon\RAVE4\Redist\rvcsrpt.rvc
File Overwrite: X:\Compon\RAVE4\Redist\rvcsstd.rvc
File Overwrite: X:\Compon\RAVE4\Redist\rvdata.rvc
File Overwrite: X:\Compon\RAVE4\Redist\rvproj.rvc
File Overwrite: X:\Compon\RAVE4\Redist\SYSFUNC.rvc
File Overwrite: X:\Compon\RAVE4\Redist\SYSTEM.rvc
File Overwrite: X:\Compon\RAVE4\Redist\vcl50.bpl
File Overwrite: X:\Compon\RAVE4\Redist\vcldb50.bpl
File Overwrite: X:\Compon\RAVE4\Redist\vcljpg50.bpl
File Overwrite: X:\Compon\RAVE4\Redist\vclx50.bpl
File Overwrite: X:\Compon\RAVE4\Language\BASE.rlf
File Overwrite: X:\Compon\RAVE4\Language\Blank.rlf
File Overwrite: X:\Compon\RAVE4\Language\Danish.rlf
File Overwrite: X:\Compon\RAVE4\Language\Dutch.rlf
File Overwrite: X:\Compon\RAVE4\Language\Finnish.rlf
File Overwrite: X:\Compon\RAVE4\Language\French.rlf
File Overwrite: X:\Compon\RAVE4\Language\German.rlf
File Overwrite: X:\Compon\RAVE4\Language\Greek.rlf
File Overwrite: X:\Compon\RAVE4\Language\Italian.rlf
File Overwrite: X:\Compon\RAVE4\Language\Norweg.rlf
File Overwrite: X:\Compon\RAVE4\Language\Polish.rlf
File Overwrite: X:\Compon\RAVE4\Language\PortBraz.rlf
File Overwrite: X:\Compon\RAVE4\Language\PortStd.rlf
File Overwrite: X:\Compon\RAVE4\Language\rlfedit.exe
File Overwrite: X:\Compon\RAVE4\Language\Russian.rlf
File Overwrite: X:\Compon\RAVE4\Language\Spanish.rlf
File Overwrite: X:\Compon\RAVE4\Language\Swedish.rlf
File Overwrite: X:\Compon\RAVE4\RVCL40.BPL
File Overwrite: X:\Compon\RAVE4\RVCLB40.BPL
File Overwrite: X:\Compon\RAVE4\RVCLG40.BPL
File Overwrite: X:\Compon\RAVE4\RVCLLD40.BPL
File Overwrite: X:\Compon\RAVE4\RVCLLE40.BPL
File Overwrite: X:\Compon\RAVE4\RVCLR40.BPL
File Overwrite: X:\Compon\RAVE4\RVCLS40.BPL
File Overwrite: X:\Compon\RAVE4\RVCLWZ40.BPL
File Overwrite: X:\Compon\RAVE4\Demo\Visual\RaveDemo.dll
File Overwrite: X:\Compon\RAVE4\Demo\VisualCB\RaveDemo.dll
File Overwrite: X:\Compon\RAVE4\VCL50.BPL
File Overwrite: X:\Compon\RAVE4\VCLDB50.BPL
File Overwrite: X:\Compon\RAVE4\VCLJPG50.BPL
File Overwrite: X:\Compon\RAVE4\VCLX50.BPL
File Overwrite: X:\Compon\RAVE4\RAVE.HLP
File Overwrite: X:\Compon\RAVE4\RAVE.CNT
File Overwrite: C:\WINNT\System32\RPRT40D5.BPL
File Overwrite: C:\WINNT\System32\RPRV40D5.BPL
File Overwrite: X:\Compon\RAVE4\D5\ILConfig.dcu
File Overwrite: X:\Compon\RAVE4\D5\ILConfig_Default.dcu
File Overwrite: X:\Compon\RAVE4\D5\ILRegister.dcu
File Overwrite: X:\Compon\RAVE4\D5\LinkIL.dcu
File Overwrite: X:\Compon\RAVE4\D5\NDRVCursor.dcu
File Overwrite: X:\Compon\RAVE4\D5\NDRVStream.dcu
File Overwrite: X:\Compon\RAVE4\D5\NDRVStrings.dcu
File Overwrite: X:\Compon\RAVE4\D5\NDRVSystem.dcu
File Overwrite: X:\Compon\RAVE4\D5\RPBars.dcu
File Overwrite: X:\Compon\RAVE4\D5\RPBase.dcu
File Overwrite: X:\Compon\RAVE4\D5\RPCanvas.dcu
File Overwrite: X:\Compon\RAVE4\D5\RPCon.dcu
File Overwrite: X:\Compon\RAVE4\D5\RPConBDE.dcu
File Overwrite: X:\Compon\RAVE4\D5\RPConDS.dcu
File Overwrite: X:\Compon\RAVE4\D5\RPCursor.dcu
File Overwrite: X:\Compon\RAVE4\D5\RPDBTabl.dcu
File Overwrite: X:\Compon\RAVE4\D5\RPDBUtil.dcu
File Overwrite: X:\Compon\RAVE4\D5\RPDefine.dcu
File Overwrite: X:\Compon\RAVE4\D5\RPDevice.dcu
File Overwrite: X:\Compon\RAVE4\D5\RPDT40.bpl
File Overwrite: X:\Compon\RAVE4\D5\RPFiler.dcu
File Overwrite: X:\Compon\RAVE4\D5\RPFont.dcu
File Overwrite: X:\Compon\RAVE4\D5\RPFPrint.dcu
File Overwrite: X:\Compon\RAVE4\D5\RPHTFilr.dcu
File Overwrite: X:\Compon\RAVE4\D5\rplabel.dcu
File Overwrite: X:\Compon\RAVE4\D5\RPMemo.dcu
File Overwrite: X:\Compon\RAVE4\D5\RPPREFRM.dcu
File Overwrite: X:\Compon\RAVE4\D5\RPPREFRM.DFM
File Overwrite: X:\Compon\RAVE4\D5\RPRave.dcu
File Overwrite: X:\Compon\RAVE4\D5\RPRender.dcu
File Overwrite: X:\Compon\RAVE4\D5\RPRender_HTML.dcu
File Overwrite: X:\Compon\RAVE4\D5\RPRender_PDF.dcu
File Overwrite: X:\Compon\RAVE4\D5\RPreview.dcu
File Overwrite: X:\Compon\RAVE4\D5\RPrinter.dcu
File Overwrite: X:\Compon\RAVE4\D5\RPRPTF.dcu
File Overwrite: X:\Compon\RAVE4\D5\RPRT40D5.dcp
File Overwrite: X:\Compon\RAVE4\D5\RPRTFilr.dcu
File Overwrite: X:\Compon\RAVE4\D5\RPRV40D5.dcp
File Overwrite: X:\Compon\RAVE4\D5\RPSECT.dcu
File Overwrite: X:\Compon\RAVE4\D5\RPSetFrm.dcu
File Overwrite: X:\Compon\RAVE4\D5\RPSetFrm.dfm
File Overwrite: X:\Compon\RAVE4\D5\RPShell.dcu
File Overwrite: X:\Compon\RAVE4\D5\RPSTAFRM.dcu
File Overwrite: X:\Compon\RAVE4\D5\RPSTAFRM.DFM
File Overwrite: X:\Compon\RAVE4\D5\RPSystem.dcu
File Overwrite: X:\Compon\RAVE4\D5\RPTable.dcu
File Overwrite: X:\Compon\RAVE4\D5\RPTChart.dcu
File Overwrite: X:\Compon\RAVE4\D5\RPTXFilr.dcu
File Overwrite: X:\Compon\RAVE4\D5\RVClass.dcu
File Overwrite: X:\Compon\RAVE4\D5\RVCmHuff.dcu
File Overwrite: X:\Compon\RAVE4\D5\RVCsBars.dcu
File Overwrite: X:\Compon\RAVE4\D5\RVCsData.dcu
File Overwrite: X:\Compon\RAVE4\D5\RVCsDraw.dcu
File Overwrite: X:\Compon\RAVE4\D5\RVCsRpt.dcu
File Overwrite: X:\Compon\RAVE4\D5\RVCsStd.dcu
File Overwrite: X:\Compon\RAVE4\D5\RVData.dcu
File Overwrite: X:\Compon\RAVE4\D5\RVDatabase.dcu
File Overwrite: X:\Compon\RAVE4\D5\RVDataField.dcu
File Overwrite: X:\Compon\RAVE4\D5\RVDefine.dcu
File Overwrite: X:\Compon\RAVE4\D5\RVDirectDataView.dcu
File Copy: X:\Compon\RAVE4\D5\RVLECode.dcu
File Copy: X:\Compon\RAVE4\D5\RVLEDBug.dcu
File Copy: X:\Compon\RAVE4\D5\RVLEDef.dcu
File Copy: X:\Compon\RAVE4\D5\RVLEExpr.dcu
File Copy: X:\Compon\RAVE4\D5\RVLEID.dcu
File Copy: X:\Compon\RAVE4\D5\RVLEMod.dcu
File Copy: X:\Compon\RAVE4\D5\RVLERun.dcu
File Copy: X:\Compon\RAVE4\D5\RVLESys.dcu
File Copy: X:\Compon\RAVE4\D5\RVLEType.dcu
File Copy: X:\Compon\RAVE4\D5\RVLEUtil.dcu
File Overwrite: X:\Compon\RAVE4\D5\RVProj.dcu
File Overwrite: X:\Compon\RAVE4\D5\RVSecurity.dcu
File Overwrite: X:\Compon\RAVE4\D5\RVSQLDataView.dcu
File Overwrite: X:\Compon\RAVE4\D5\RVTool.dcu
File Overwrite: X:\Compon\RAVE4\D5\RVUtil.dcu
File Copy: X:\Compon\RAVE4\D5\ILConfig.pas
File Copy: X:\Compon\RAVE4\D5\ILConfig_ADO.dfm
File Copy: X:\Compon\RAVE4\D5\ILConfig_ADO.pas
File Copy: X:\Compon\RAVE4\D5\ILConfig_Advantage.dfm
File Copy: X:\Compon\RAVE4\D5\ILConfig_Advantage.pas
File Copy: X:\Compon\RAVE4\D5\ILConfig_BDE.dfm
File Copy: X:\Compon\RAVE4\D5\ILConfig_BDE.pas
File Copy: X:\Compon\RAVE4\D5\ILConfig_Default.dfm
File Copy: X:\Compon\RAVE4\D5\ILConfig_Default.pas
File Copy: X:\Compon\RAVE4\D5\ILConfig_Interbase.dfm
File Copy: X:\Compon\RAVE4\D5\ILConfig_Interbase.pas
File Copy: X:\Compon\RAVE4\D5\ILConfig_ODBC.dfm
File Copy: X:\Compon\RAVE4\D5\ILConfig_ODBC.pas
File Copy: X:\Compon\RAVE4\D5\ILConfig_Oracle.dfm
File Copy: X:\Compon\RAVE4\D5\ILConfig_Oracle.pas
File Copy: X:\Compon\RAVE4\D5\ILRegister.pas
File Copy: X:\Compon\RAVE4\D5\LinkIL.pas
File Copy: X:\Compon\RAVE4\D5\LinkIL_ADO.pas
File Copy: X:\Compon\RAVE4\D5\LinkIL_Advantage.pas
File Copy: X:\Compon\RAVE4\D5\LinkIL_BDE.pas
File Copy: X:\Compon\RAVE4\D5\LinkIL_IBO.pas
File Copy: X:\Compon\RAVE4\D5\LinkIL_IBX.pas
File Copy: X:\Compon\RAVE4\D5\LinkIL_ODBC.pas
File Copy: X:\Compon\RAVE4\D5\LinkIL_Oracle.pas
RegDB Key: Software\Borland\Delphi\5.0\Known Packages
RegDB Val: Rave Design-Time Package
RegDB Name: X:\Compon\RAVE4\D5\RPDT40.BPL
RegDB Root: 1
RegDB Old: ReportPrinter Pro 4.0 Design-Time Package
RegDB Key: Software\Borland\Delphi\5.0\Known Packages
RegDB Val: Rave Run-Time Package
RegDB Name: C:\WINNT\System32\RPRT40D5.BPL
RegDB Root: 1
RegDB Old: Rave Reports 4.0 Run-Time Package
RegDB Key: Software\Borland\Delphi\5.0\Known Packages
RegDB Val: Rave Rave Package
RegDB Name: C:\WINNT\System32\RPRV40D5.BPL
RegDB Root: 1
RegDB Old: Rave Reports 4.0 Package
RegDB Key: Software\Borland\Delphi\5.0\Palette
RegDB Val: TReportPrinter;TReportFiler;TFilePrinter;TFilePreview;TReportSystem;TDetailShell;TMasterShell;TReportShell;TLabelShell;TDBTablePrinter;TTablePrinter;TRTFFiler;TTextFiler;TRPHTMLFiler;TRaveProject;TRPCustomConnection;TRPDataSetConnection;TRPTableConnection;TRPQueryConnection;TRPRenderPDF;TRPRenderHTML
RegDB Name: Report
RegDB Root: 1
RegDB Old: TReportPrinter;TReportFiler;TFilePrinter;TFilePreview;TReportSystem;TDetailShell;TMasterShell;TReportShell;TLabelShell;TDBTablePrinter;TTablePrinter;TRTFFiler;TTextFiler;TRPHTMLFiler;TRaveProject;TRPCustomConnection;TRPDataSetConnection;TRPTableConnection;TRPQueryConnection;TRPRenderPDF;TRPRenderHTML;
File Copy: C:\WINNT\System32\RPRT40D6.BPL
File Copy: C:\WINNT\System32\RPRV40D6.BPL
Made Dir: X:\Compon\RAVE4\D6
File Copy: X:\Compon\RAVE4\D6\ILConfig.dcu
File Copy: X:\Compon\RAVE4\D6\ILConfig_Default.dcu
File Copy: X:\Compon\RAVE4\D6\ILRegister.dcu
File Copy: X:\Compon\RAVE4\D6\LinkIL.dcu
File Copy: X:\Compon\RAVE4\D6\NDRVCursor.dcu
File Copy: X:\Compon\RAVE4\D6\NDRVStream.dcu
File Copy: X:\Compon\RAVE4\D6\NDRVStrings.dcu
File Copy: X:\Compon\RAVE4\D6\NDRVSystem.dcu
File Copy: X:\Compon\RAVE4\D6\RPBars.dcu
File Copy: X:\Compon\RAVE4\D6\RPBase.dcu
File Copy: X:\Compon\RAVE4\D6\RPCanvas.dcu
File Copy: X:\Compon\RAVE4\D6\RPCon.dcu
File Copy: X:\Compon\RAVE4\D6\RPConBDE.dcu
File Copy: X:\Compon\RAVE4\D6\RPConDS.dcu
File Copy: X:\Compon\RAVE4\D6\RPCursor.dcu
File Copy: X:\Compon\RAVE4\D6\RPDBTabl.dcu
File Copy: X:\Compon\RAVE4\D6\RPDBUtil.dcu
File Copy: X:\Compon\RAVE4\D6\RPDefine.dcu
File Copy: X:\Compon\RAVE4\D6\RPDevice.dcu
File Copy: X:\Compon\RAVE4\D6\RPDT40.bpl
File Copy: X:\Compon\RAVE4\D6\RPFiler.dcu
File Copy: X:\Compon\RAVE4\D6\RPFont.dcu
File Copy: X:\Compon\RAVE4\D6\RPFPrint.dcu
File Copy: X:\Compon\RAVE4\D6\RPHTFilr.dcu
File Copy: X:\Compon\RAVE4\D6\rplabel.dcu
File Copy: X:\Compon\RAVE4\D6\RPMemo.dcu
File Copy: X:\Compon\RAVE4\D6\RPPREFRM.dcu
File Copy: X:\Compon\RAVE4\D6\RPPREFRM.DFM
File Copy: X:\Compon\RAVE4\D6\RPRave.dcu
File Copy: X:\Compon\RAVE4\D6\RPRender.dcu
File Copy: X:\Compon\RAVE4\D6\RPRender_HTML.dcu
File Copy: X:\Compon\RAVE4\D6\RPRender_PDF.dcu
File Copy: X:\Compon\RAVE4\D6\RPreview.dcu
File Copy: X:\Compon\RAVE4\D6\RPrinter.dcu
File Copy: X:\Compon\RAVE4\D6\RPRPTF.dcu
File Copy: X:\Compon\RAVE4\D6\RPRT40D6.dcp
File Copy: X:\Compon\RAVE4\D6\RPRTFilr.dcu
File Copy: X:\Compon\RAVE4\D6\RPRV40D6.dcp
File Copy: X:\Compon\RAVE4\D6\RPSECT.dcu
File Copy: X:\Compon\RAVE4\D6\RPSetFrm.dcu
File Copy: X:\Compon\RAVE4\D6\RPSetFrm.dfm
File Copy: X:\Compon\RAVE4\D6\RPShell.dcu
File Copy: X:\Compon\RAVE4\D6\RPSTAFRM.dcu
File Copy: X:\Compon\RAVE4\D6\RPSTAFRM.DFM
File Copy: X:\Compon\RAVE4\D6\RPSystem.dcu
File Copy: X:\Compon\RAVE4\D6\RPTable.dcu
File Copy: X:\Compon\RAVE4\D6\RPTChart.dcu
File Copy: X:\Compon\RAVE4\D6\RPTXFilr.dcu
File Copy: X:\Compon\RAVE4\D6\RVClass.dcu
File Copy: X:\Compon\RAVE4\D6\RVCmHuff.dcu
File Copy: X:\Compon\RAVE4\D6\RVCsBars.dcu
File Copy: X:\Compon\RAVE4\D6\RVCsData.dcu
File Copy: X:\Compon\RAVE4\D6\RVCsDraw.dcu
File Copy: X:\Compon\RAVE4\D6\RVCsRpt.dcu
File Copy: X:\Compon\RAVE4\D6\RVCsStd.dcu
File Copy: X:\Compon\RAVE4\D6\RVData.dcu
File Copy: X:\Compon\RAVE4\D6\RVDatabase.dcu
File Copy: X:\Compon\RAVE4\D6\RVDataField.dcu
File Copy: X:\Compon\RAVE4\D6\RVDefine.dcu
File Copy: X:\Compon\RAVE4\D6\RVDirectDataView.dcu
File Copy: X:\Compon\RAVE4\D6\RVLECode.dcu
File Copy: X:\Compon\RAVE4\D6\RVLEDBug.dcu
File Copy: X:\Compon\RAVE4\D6\RVLEDef.dcu
File Copy: X:\Compon\RAVE4\D6\RVLEExpr.dcu
File Copy: X:\Compon\RAVE4\D6\RVLEID.dcu
File Copy: X:\Compon\RAVE4\D6\RVLEMod.dcu
File Copy: X:\Compon\RAVE4\D6\RVLERun.dcu
File Copy: X:\Compon\RAVE4\D6\RVLESys.dcu
File Copy: X:\Compon\RAVE4\D6\RVLEType.dcu
File Copy: X:\Compon\RAVE4\D6\RVLEUtil.dcu
File Copy: X:\Compon\RAVE4\D6\RVProj.dcu
File Copy: X:\Compon\RAVE4\D6\RVSecurity.dcu
File Copy: X:\Compon\RAVE4\D6\RVSQLDataView.dcu
File Copy: X:\Compon\RAVE4\D6\RVTool.dcu
File Copy: X:\Compon\RAVE4\D6\RVUtil.dcu
File Copy: X:\Compon\RAVE4\D6\ILConfig.pas
File Copy: X:\Compon\RAVE4\D6\ILConfig_ADO.dfm
File Copy: X:\Compon\RAVE4\D6\ILConfig_ADO.pas
File Copy: X:\Compon\RAVE4\D6\ILConfig_Advantage.dfm
File Copy: X:\Compon\RAVE4\D6\ILConfig_Advantage.pas
File Copy: X:\Compon\RAVE4\D6\ILConfig_BDE.dfm
File Copy: X:\Compon\RAVE4\D6\ILConfig_BDE.pas
File Copy: X:\Compon\RAVE4\D6\ILConfig_Default.dfm
File Copy: X:\Compon\RAVE4\D6\ILConfig_Default.pas
File Copy: X:\Compon\RAVE4\D6\ILConfig_Interbase.dfm
File Copy: X:\Compon\RAVE4\D6\ILConfig_Interbase.pas
File Copy: X:\Compon\RAVE4\D6\ILConfig_ODBC.dfm
File Copy: X:\Compon\RAVE4\D6\ILConfig_ODBC.pas
File Copy: X:\Compon\RAVE4\D6\ILConfig_Oracle.dfm
File Copy: X:\Compon\RAVE4\D6\ILConfig_Oracle.pas
File Copy: X:\Compon\RAVE4\D6\ILRegister.pas
File Copy: X:\Compon\RAVE4\D6\LinkIL.pas
File Copy: X:\Compon\RAVE4\D6\LinkIL_ADO.pas
File Copy: X:\Compon\RAVE4\D6\LinkIL_Advantage.pas
File Copy: X:\Compon\RAVE4\D6\LinkIL_BDE.pas
File Copy: X:\Compon\RAVE4\D6\LinkIL_IBO.pas
File Copy: X:\Compon\RAVE4\D6\LinkIL_IBX.pas
File Copy: X:\Compon\RAVE4\D6\LinkIL_ODBC.pas
File Copy: X:\Compon\RAVE4\D6\LinkIL_Oracle.pas
RegDB Key: Software\Borland\Delphi\6.0\Known Packages
RegDB Val: Rave Design-Time Package
RegDB Name: X:\Compon\RAVE4\D6\RPDT40.BPL
RegDB Root: 1
RegDB Key: Software\Borland\Delphi\6.0\Known Packages
RegDB Val: Rave Run-Time Package
RegDB Name: C:\WINNT\System32\RPRT40D6.BPL
RegDB Root: 1
RegDB Key: Software\Borland\Delphi\6.0\Known Packages
RegDB Val: Rave Rave Package
RegDB Name: C:\WINNT\System32\RPRV40D6.BPL
RegDB Root: 1
RegDB Key: Software\Borland\Delphi\6.0\Palette
RegDB Val: TReportPrinter;TReportFiler;TFilePrinter;TFilePreview;TReportSystem;TDetailShell;TMasterShell;TReportShell;TLabelShell;TDBTablePrinter;TTablePrinter;TRTFFiler;TTextFiler;TRPHTMLFiler;TRaveProject;TRPCustomConnection;TRPDataSetConnection;TRPTableConnection;TRPQueryConnection;TRPRenderPDF;TRPRenderHTML
RegDB Name: Report
RegDB Root: 1
RegDB Key: Software\Nevrona Designs\Rave4\Packages
RegDB Val: X:\Compon\RAVE4\RVCLB40.BPL
RegDB Name: Rave 4.0 Barcode Components
RegDB Root: 1
RegDB Key: Software\Nevrona Designs\Rave4\Packages
RegDB Val: X:\Compon\RAVE4\RVCLLD40.BPL
RegDB Name: Rave 4.0 Delphi Syntax Compiler
RegDB Root: 1
RegDB Key: Software\Nevrona Designs\Rave4\Packages
RegDB Val: X:\Compon\RAVE4\RVCLG40.BPL
RegDB Name: Rave 4.0 Graphics Components
RegDB Root: 1
RegDB Key: Software\Nevrona Designs\Rave4\Packages
RegDB Val: X:\Compon\RAVE4\RVCLLE40.BPL
RegDB Name: Rave 4.0 Language Engine
RegDB Root: 1
RegDB Key: Software\Nevrona Designs\Rave4\Packages
RegDB Val: X:\Compon\RAVE4\RVCLR40.BPL
RegDB Name: Rave 4.0 Report Components
RegDB Root: 1
RegDB Key: Software\Nevrona Designs\Rave4\Packages
RegDB Val: X:\Compon\RAVE4\RVCLWZ40.BPL
RegDB Name: Rave 4.0 Report Wizards
RegDB Root: 1
RegDB Key: Software\Nevrona Designs\Rave4\Packages
RegDB Val: X:\Compon\RAVE4\RVCLS40.BPL
RegDB Name: Rave 4.0 Standard Components
RegDB Root: 1
RegDB Key: Software\Nevrona Designs\Rave4
RegDB Val: X:\Compon\RAVE4
RegDB Name: DesignerPath
RegDB Root: 2
RegDB Old: X:\Compon\Rave4
