***  Installation Started 03/14/02 11:29  ***
Title: Abbrevia Installation
Source: C:\(TPSTMP)\SETUP.EXE
File Copy: X:\COMPON\TPOWER\ABBREV.302\UNWISE.EXE
RegDB Key: Software\Microsoft\Windows\CurrentVersion\Uninstall\Abbrevia
RegDB Val: Abbrevia
RegDB Name: DisplayName
RegDB Root: 2
RegDB Key: Software\Microsoft\Windows\CurrentVersion\Uninstall\Abbrevia
RegDB Val: X:\COMPON\TPOWER\ABBREV.302\UNWISE.EXE X:\COMPON\TPOWER\ABBREV.302\INSTALL.LOG
RegDB Name: UninstallString
RegDB Root: 2
INI File: C:\WINNT\FINISH32.INI
INI Sect: compilers
INI Item: InstallD3
INI Val: 0
INI Old: 0
INI File: C:\WINNT\FINISH32.INI
INI Sect: compilers
INI Item: InstallD4
INI Val: 0
INI Old: 0
INI File: C:\WINNT\FINISH32.INI
INI Sect: compilers
INI Item: InstallD5
INI Val: 0
INI Old: 1
INI File: C:\WINNT\FINISH32.INI
INI Sect: compilers
INI Item: InstallD6
INI Val: 0
INI Old: 1
INI File: C:\WINNT\FINISH32.INI
INI Sect: compilers
INI Item: InstallC3
INI Val: 0
INI Old: 0
INI File: C:\WINNT\FINISH32.INI
INI Sect: compilers
INI Item: InstallC4
INI Val: 0
INI Old: 0
INI File: C:\WINNT\FINISH32.INI
INI Sect: compilers
INI Item: InstallC5
INI Val: 0
INI Old: 0
INI File: C:\WINNT\FINISH32.INI
INI Sect: constants
INI Item: Version
INI Val: 301
INI Old: 302
INI File: C:\WINNT\FINISH32.INI
INI Sect: constants
INI Item: DelphiCfg3
INI Val: DELPHI3.CFG
INI Old: DELPHI3.CFG
INI File: C:\WINNT\FINISH32.INI
INI Sect: constants
INI Item: DelphiCfg4
INI Val: DELPHI4.CFG
INI Old: DELPHI4.CFG
INI File: C:\WINNT\FINISH32.INI
INI Sect: constants
INI Item: DelphiCfg5
INI Val: DELPHI5.CNT
INI Old: DELPHI5.CNT
INI File: C:\WINNT\FINISH32.INI
INI Sect: constants
INI Item: HelpNameD
INI Val: ABBREVIA.HLP
INI Old: ABBREVIA.HLP
INI File: C:\WINNT\FINISH32.INI
INI Sect: constants
INI Item: HelpCntNameD
INI Val: ABBREVIA.CNT
INI Old: ABBREVIA.CNT
INI File: C:\WINNT\FINISH32.INI
INI Sect: constants
INI Item: HelpLinkD
INI Val: :LINK ABBREVIA.HLP
INI Old: :LINK ABBREVIA.HLP
INI File: C:\WINNT\FINISH32.INI
INI Sect: constants
INI Item: HelpNameC
INI Val: ABBRBCB.HLP
INI Old: ABBRBCB.HLP
INI File: C:\WINNT\FINISH32.INI
INI Sect: constants
INI Item: OHIHelpNameC3
INI Val: BCB.OHI
INI Old: BCB.OHI
INI File: C:\WINNT\FINISH32.INI
INI Sect: constants
INI Item: OHIHelpNameC4
INI Val: BCB4.OHI
INI Old: BCB4.OHI
INI File: C:\WINNT\FINISH32.INI
INI Sect: constants
INI Item: OHIHelpNameC5
INI Val: BCB5.OHI
INI Old: BCB5.OHI
INI File: C:\WINNT\FINISH32.INI
INI Sect: constants
INI Item: HelpIndexC
INI Val: :INDEX Abbrevia Reference =ABBREVIABCB.HLP
INI Old: :INDEX Abbrevia Reference =ABBRBCB.HLP
INI File: C:\WINNT\FINISH32.INI
INI Sect: constants
INI Item: OHIHelpNameD6
INI Val: DELPHI6.OHI
INI Old: DELPHI6.OHI
INI File: C:\WINNT\FINISH32.INI
INI Sect: constants
INI Item: HelpIndexD
INI Val: :INDEX Abbrevia Reference =ABBREVIA.HLP
INI Old: :INDEX Abbrevia Reference =ABBREVIA.HLP
INI File: C:\WINNT\FINISH32.INI
INI Sect: constants
INI Item: TrialRunObj
INI Val: ABTRIAL.OBJ
INI Old: ABTRIAL.OBJ
INI File: C:\WINNT\FINISH32.INI
INI Sect: constants
INI Item: pkName1
INI Val: Abbrevia Components
INI Old: TurboPower Abbrevia
INI File: C:\WINNT\FINISH32.INI
INI Sect: constants
INI Item: pkNameTR
INI Val: Abbrevia (trial-run)
INI Old: TurboPower Abbrevia (Trial-run)
INI File: C:\WINNT\FINISH32.INI
INI Sect: constants
INI Item: pkLetter
INI Val: B
INI Old: B
INI File: C:\WINNT\FINISH32.INI
INI Sect: constants
INI Item: pkDesignID1
INI Val: _D
INI Old: _D
INI File: C:\WINNT\FINISH32.INI
INI Sect: constants
INI Item: pkDesignVCL1
INI Val: VD
INI Old: VD
INI File: C:\WINNT\FINISH32.INI
INI Sect: constants
INI Item: pkDesignCLX1
INI Val: CD
INI Old: CD
INI File: C:\WINNT\FINISH32.INI
INI Sect: constants
INI Item: PrependDir
INI Val: FALSE
INI Old: FALSE
INI File: C:\WINNT\FINISH32.INI
INI Sect: oldpackages
INI Item: TAB100_D.DPL
INI Val: 1
INI Old: 1
INI File: C:\WINNT\FINISH32.INI
INI Sect: oldpackages
INI Item: TAB101_D.DPL
INI Val: 1
INI Old: 1
INI File: C:\WINNT\FINISH32.INI
INI Sect: oldpackages
INI Item: TAB102_D.DPL
INI Val: 1
INI Old: 1
INI File: C:\WINNT\FINISH32.INI
INI Sect: oldpackages
INI Item: TAB103_D.DPL
INI Val: 1
INI Old: 1
INI File: C:\WINNT\FINISH32.INI
INI Sect: oldpackages
INI Item: TAB104_D.DPL
INI Val: 1
INI Old: 1
INI File: C:\WINNT\FINISH32.INI
INI Sect: oldpackages
INI Item: TAB100_D.BPL
INI Val: 1
INI Old: 1
INI File: C:\WINNT\FINISH32.INI
INI Sect: oldpackages
INI Item: TAB101_D.BPL
INI Val: 1
INI Old: 1
INI File: C:\WINNT\FINISH32.INI
INI Sect: oldpackages
INI Item: TAB102_D.BPL
INI Val: 1
INI Old: 1
INI File: C:\WINNT\FINISH32.INI
INI Sect: oldpackages
INI Item: TAB103_D.BPL
INI Val: 1
INI Old: 1
INI File: C:\WINNT\FINISH32.INI
INI Sect: oldpackages
INI Item: TAB104_D.BPL
INI Val: 1
INI Old: 1
INI File: C:\WINNT\FINISH32.INI
INI Sect: oldpackages
INI Item: TAB105_D.BPL
INI Val: 1
INI Old: 1
INI File: C:\WINNT\FINISH32.INI
INI Sect: oldpackages
INI Item: B106_D30.DPL
INI Val: 1
INI Old: 1
INI File: C:\WINNT\FINISH32.INI
INI Sect: oldpackages
INI Item: B106_D35.BPL
INI Val: 1
INI Old: 1
INI File: C:\WINNT\FINISH32.INI
INI Sect: oldpackages
INI Item: B106_D40.BPL
INI Val: 1
INI Old: 1
INI File: C:\WINNT\FINISH32.INI
INI Sect: oldpackages
INI Item: B107_D30.DPL
INI Val: 1
INI Old: 1
INI File: C:\WINNT\FINISH32.INI
INI Sect: oldpackages
INI Item: B107_D35.BPL
INI Val: 1
INI Old: 1
INI File: C:\WINNT\FINISH32.INI
INI Sect: oldpackages
INI Item: B107_D40.BPL
INI Val: 1
INI Old: 1
INI File: C:\WINNT\FINISH32.INI
INI Sect: oldpackages
INI Item: B108_D30.DPL
INI Val: 1
INI Old: 1
INI File: C:\WINNT\FINISH32.INI
INI Sect: oldpackages
INI Item: B108_D35.BPL
INI Val: 1
INI Old: 1
INI File: C:\WINNT\FINISH32.INI
INI Sect: oldpackages
INI Item: B108_D40.BPL
INI Val: 1
INI Old: 1
INI File: C:\WINNT\FINISH32.INI
INI Sect: oldpackages
INI Item: B200_D30.DPL
INI Val: 1
INI Old: 1
INI File: C:\WINNT\FINISH32.INI
INI Sect: oldpackages
INI Item: B200_D35.BPL
INI Val: 1
INI Old: 1
INI File: C:\WINNT\FINISH32.INI
INI Sect: oldpackages
INI Item: B200_D40.BPL
INI Val: 1
INI Old: 1
INI File: C:\WINNT\FINISH32.INI
INI Sect: oldpackages
INI Item: B201_D30.DPL
INI Val: 1
INI Old: 1
INI File: C:\WINNT\FINISH32.INI
INI Sect: oldpackages
INI Item: B201_D35.BPL
INI Val: 1
INI Old: 1
INI File: C:\WINNT\FINISH32.INI
INI Sect: oldpackages
INI Item: B201_D40.BPL
INI Val: 1
INI Old: 1
INI File: C:\WINNT\FINISH32.INI
INI Sect: oldpackages
INI Item: B201_D41.BPL
INI Val: 1
INI Old: 1
INI File: C:\WINNT\FINISH32.INI
INI Sect: oldpackages
INI Item: B202_D30.DPL
INI Val: 1
INI Old: 1
INI File: C:\WINNT\FINISH32.INI
INI Sect: oldpackages
INI Item: B202_D35.BPL
INI Val: 1
INI Old: 1
INI File: C:\WINNT\FINISH32.INI
INI Sect: oldpackages
INI Item: B202_D40.BPL
INI Val: 1
INI Old: 1
INI File: C:\WINNT\FINISH32.INI
INI Sect: oldpackages
INI Item: B202_D41.BPL
INI Val: 1
INI Old: 1
INI File: C:\WINNT\FINISH32.INI
INI Sect: oldpackages
INI Item: B202_D50.BPL
INI Val: 1
INI Old: 1
INI File: C:\WINNT\FINISH32.INI
INI Sect: oldpackages
INI Item: B203_D30.DPL
INI Val: 1
INI Old: 1
INI File: C:\WINNT\FINISH32.INI
INI Sect: oldpackages
INI Item: B203_D35.BPL
INI Val: 1
INI Old: 1
INI File: C:\WINNT\FINISH32.INI
INI Sect: oldpackages
INI Item: B203_D40.BPL
INI Val: 1
INI Old: 1
INI File: C:\WINNT\FINISH32.INI
INI Sect: oldpackages
INI Item: B203_D41.BPL
INI Val: 1
INI Old: 1
INI File: C:\WINNT\FINISH32.INI
INI Sect: oldpackages
INI Item: B203_D50.BPL
INI Val: 1
INI Old: 1
INI File: C:\WINNT\FINISH32.INI
INI Sect: oldpackages
INI Item: B203_D51.BPL
INI Val: 1
INI Old: 1
INI File: C:\WINNT\FINISH32.INI
INI Sect: oldpackages
INI Item: B204_D30.DPL
INI Val: 1
INI Old: 1
INI File: C:\WINNT\FINISH32.INI
INI Sect: oldpackages
INI Item: B204_D35.BPL
INI Val: 1
INI Old: 1
INI File: C:\WINNT\FINISH32.INI
INI Sect: oldpackages
INI Item: B204_D40.BPL
INI Val: 1
INI Old: 1
INI File: C:\WINNT\FINISH32.INI
INI Sect: oldpackages
INI Item: B204_D41.BPL
INI Val: 1
INI Old: 1
INI File: C:\WINNT\FINISH32.INI
INI Sect: oldpackages
INI Item: B204_D50.BPL
INI Val: 1
INI Old: 1
INI File: C:\WINNT\FINISH32.INI
INI Sect: oldpackages
INI Item: B204_D51.BPL
INI Val: 1
INI Old: 1
INI File: C:\WINNT\FINISH32.INI
INI Sect: oldpackages
INI Item: TAB100_T.DPL
INI Val: 1
INI Old: 1
INI File: C:\WINNT\FINISH32.INI
INI Sect: oldpackages
INI Item: TAB101_T.DPL
INI Val: 1
INI Old: 1
INI File: C:\WINNT\FINISH32.INI
INI Sect: oldpackages
INI Item: TAB102_T.DPL
INI Val: 1
INI Old: 1
INI File: C:\WINNT\FINISH32.INI
INI Sect: oldpackages
INI Item: TAB103_T.DPL
INI Val: 1
INI Old: 1
INI File: C:\WINNT\FINISH32.INI
INI Sect: oldpackages
INI Item: TAB104_T.DPL
INI Val: 1
INI Old: 1
INI File: C:\WINNT\FINISH32.INI
INI Sect: oldpackages
INI Item: TAB105_T.DPL
INI Val: 1
INI Old: 1
INI File: C:\WINNT\FINISH32.INI
INI Sect: oldpackages
INI Item: TAB100_T.BPL
INI Val: 1
INI Old: 1
INI File: C:\WINNT\FINISH32.INI
INI Sect: oldpackages
INI Item: TAB101_T.BPL
INI Val: 1
INI Old: 1
INI File: C:\WINNT\FINISH32.INI
INI Sect: oldpackages
INI Item: TAB102_T.BPL
INI Val: 1
INI Old: 1
INI File: C:\WINNT\FINISH32.INI
INI Sect: oldpackages
INI Item: TAB103_T.BPL
INI Val: 1
INI Old: 1
INI File: C:\WINNT\FINISH32.INI
INI Sect: oldpackages
INI Item: TAB104_T.BPL
INI Val: 1
INI Old: 1
INI File: C:\WINNT\FINISH32.INI
INI Sect: oldpackages
INI Item: TAB105_T.BPL
INI Val: 1
INI Old: 1
INI File: C:\WINNT\FINISH32.INI
INI Sect: oldpackages
INI Item: B105_T30.DPL
INI Val: 1
INI Old: 1
INI File: C:\WINNT\FINISH32.INI
INI Sect: oldpackages
INI Item: B105_T35.BPL
INI Val: 1
INI Old: 1
INI File: C:\WINNT\FINISH32.INI
INI Sect: oldpackages
INI Item: B105_T40.BPL
INI Val: 1
INI Old: 1
INI File: C:\WINNT\FINISH32.INI
INI Sect: oldpackages
INI Item: B106_T30.DPL
INI Val: 1
INI Old: 1
INI File: C:\WINNT\FINISH32.INI
INI Sect: oldpackages
INI Item: B106_T35.BPL
INI Val: 1
INI Old: 1
INI File: C:\WINNT\FINISH32.INI
INI Sect: oldpackages
INI Item: B106_T40.BPL
INI Val: 1
INI Old: 1
INI File: C:\WINNT\FINISH32.INI
INI Sect: oldpackages
INI Item: B107_T30.DPL
INI Val: 1
INI Old: 1
INI File: C:\WINNT\FINISH32.INI
INI Sect: oldpackages
INI Item: B107_T35.BPL
INI Val: 1
INI Old: 1
INI File: C:\WINNT\FINISH32.INI
INI Sect: oldpackages
INI Item: B107_T40.BPL
INI Val: 1
INI Old: 1
INI File: C:\WINNT\FINISH32.INI
INI Sect: oldpackages
INI Item: B108_T30.DPL
INI Val: 1
INI Old: 1
INI File: C:\WINNT\FINISH32.INI
INI Sect: oldpackages
INI Item: B108_T35.BPL
INI Val: 1
INI Old: 1
INI File: C:\WINNT\FINISH32.INI
INI Sect: oldpackages
INI Item: B108_T40.BPL
INI Val: 1
INI Old: 1
INI File: C:\WINNT\FINISH32.INI
INI Sect: oldpackages
INI Item: B200_T30.DPL
INI Val: 1
INI Old: 1
INI File: C:\WINNT\FINISH32.INI
INI Sect: oldpackages
INI Item: B200_T35.BPL
INI Val: 1
INI Old: 1
INI File: C:\WINNT\FINISH32.INI
INI Sect: oldpackages
INI Item: B200_T40.BPL
INI Val: 1
INI Old: 1
INI File: C:\WINNT\FINISH32.INI
INI Sect: oldpackages
INI Item: B201_T30.DPL
INI Val: 1
INI Old: 1
INI File: C:\WINNT\FINISH32.INI
INI Sect: oldpackages
INI Item: B201_T35.BPL
INI Val: 1
INI Old: 1
INI File: C:\WINNT\FINISH32.INI
INI Sect: oldpackages
INI Item: B201_T40.BPL
INI Val: 1
INI Old: 1
INI File: C:\WINNT\FINISH32.INI
INI Sect: oldpackages
INI Item: B201_T41.BPL
INI Val: 1
INI Old: 1
INI File: C:\WINNT\FINISH32.INI
INI Sect: oldpackages
INI Item: B202_T30.DPL
INI Val: 1
INI Old: 1
INI File: C:\WINNT\FINISH32.INI
INI Sect: oldpackages
INI Item: B202_T35.BPL
INI Val: 1
INI Old: 1
INI File: C:\WINNT\FINISH32.INI
INI Sect: oldpackages
INI Item: B202_T40.BPL
INI Val: 1
INI Old: 1
INI File: C:\WINNT\FINISH32.INI
INI Sect: oldpackages
INI Item: B202_T41.BPL
INI Val: 1
INI Old: 1
INI File: C:\WINNT\FINISH32.INI
INI Sect: oldpackages
INI Item: B202_T50.BPL
INI Val: 1
INI Old: 1
INI File: C:\WINNT\FINISH32.INI
INI Sect: oldpackages
INI Item: B203_T30.DPL
INI Val: 1
INI Old: 1
INI File: C:\WINNT\FINISH32.INI
INI Sect: oldpackages
INI Item: B203_T35.BPL
INI Val: 1
INI Old: 1
INI File: C:\WINNT\FINISH32.INI
INI Sect: oldpackages
INI Item: B203_T40.BPL
INI Val: 1
INI Old: 1
INI File: C:\WINNT\FINISH32.INI
INI Sect: oldpackages
INI Item: B203_T41.BPL
INI Val: 1
INI Old: 1
INI File: C:\WINNT\FINISH32.INI
INI Sect: oldpackages
INI Item: B203_T50.BPL
INI Val: 1
INI Old: 1
INI File: C:\WINNT\FINISH32.INI
INI Sect: oldpackages
INI Item: B203_T51.BPL
INI Val: 1
INI Old: 1
INI File: C:\WINNT\FINISH32.INI
INI Sect: oldpackages
INI Item: B204_T30.DPL
INI Val: 1
INI Old: 1
INI File: C:\WINNT\FINISH32.INI
INI Sect: oldpackages
INI Item: B204_T35.BPL
INI Val: 1
INI Old: 1
INI File: C:\WINNT\FINISH32.INI
INI Sect: oldpackages
INI Item: B204_T40.BPL
INI Val: 1
INI Old: 1
INI File: C:\WINNT\FINISH32.INI
INI Sect: oldpackages
INI Item: B204_T41.BPL
INI Val: 1
INI Old: 1
INI File: C:\WINNT\FINISH32.INI
INI Sect: oldpackages
INI Item: B204_T50.BPL
INI Val: 1
INI Old: 1
INI File: C:\WINNT\FINISH32.INI
INI Sect: oldpackages
INI Item: B204_T51.BPL
INI Val: 1
INI Old: 1
INI File: C:\WINNT\FINISH32.INI
INI Sect: oldpackages
INI Item: B300_D30.DPL
INI Val: 1
INI Old: 1
INI File: C:\WINNT\FINISH32.INI
INI Sect: oldpackages
INI Item: B300_D35.BPL
INI Val: 1
INI Old: 1
INI File: C:\WINNT\FINISH32.INI
INI Sect: oldpackages
INI Item: B300_D40.BPL
INI Val: 1
INI Old: 1
INI File: C:\WINNT\FINISH32.INI
INI Sect: oldpackages
INI Item: B300_D41.BPL
INI Val: 1
INI Old: 1
INI File: C:\WINNT\FINISH32.INI
INI Sect: oldpackages
INI Item: B300_D50.BPL
INI Val: 1
INI Old: 1
INI File: C:\WINNT\FINISH32.INI
INI Sect: oldpackages
INI Item: B300_D51.BPL
INI Val: 1
INI Old: 1
INI File: C:\WINNT\FINISH32.INI
INI Sect: oldpackages
INI Item: B300_D60.BPL
INI Val: 1
INI Old: 1
INI File: C:\WINNT\FINISH32.INI
INI Sect: oldpackages
INI Item: B300VD60.BPL
INI Val: 1
INI Old: 1
INI File: C:\WINNT\FINISH32.INI
INI Sect: oldpackages
INI Item: B300CD60.BPL
INI Val: 1
INI Old: 1
INI File: C:\WINNT\FINISH32.INI
INI Sect: compilers
INI Item: InstallD6
INI Val: 1
INI Old: 0
File Copy: X:\COMPON\TPOWER\ABBREV.302\AbZipTyp.pas
File Copy: X:\COMPON\TPOWER\ABBREV.302\AbUnzPrc.pas
File Copy: X:\COMPON\TPOWER\ABBREV.302\AbUtils.pas
File Copy: X:\COMPON\TPOWER\ABBREV.302\AbUnzper.pas
File Copy: X:\COMPON\TPOWER\ABBREV.302\AbZBrows.pas
File Copy: X:\COMPON\TPOWER\ABBREV.302\AbArcTyp.pas
File Copy: X:\COMPON\TPOWER\ABBREV.302\AbZipKit.pas
File Copy: X:\COMPON\TPOWER\ABBREV.302\AbZipper.pas
File Copy: X:\COMPON\TPOWER\ABBREV.302\AbExcept.pas
File Copy: X:\COMPON\TPOWER\ABBREV.302\AbZipPrc.pas
File Copy: X:\COMPON\TPOWER\ABBREV.302\AbDfDec.pas
File Copy: X:\COMPON\TPOWER\ABBREV.302\AbDfEnc.pas
File Copy: X:\COMPON\TPOWER\ABBREV.302\AbGZTyp.pas
File Copy: X:\COMPON\TPOWER\ABBREV.302\AbTarTyp.pas
File Copy: X:\COMPON\TPOWER\ABBREV.302\AbBase.pas
File Copy: X:\COMPON\TPOWER\ABBREV.302\AbBrowse.pas
File Copy: X:\COMPON\TPOWER\ABBREV.302\AbCabExt.pas
File Copy: X:\COMPON\TPOWER\ABBREV.302\AbCabKit.pas
File Copy: X:\COMPON\TPOWER\ABBREV.302\AbCabMak.pas
File Copy: X:\COMPON\TPOWER\ABBREV.302\AbCabTyp.pas
File Copy: X:\COMPON\TPOWER\ABBREV.302\AbCBrows.pas
File Copy: X:\COMPON\TPOWER\ABBREV.302\AbCView.pas
File Copy: X:\COMPON\TPOWER\ABBREV.302\AbFciFdi.pas
File Copy: X:\COMPON\TPOWER\ABBREV.302\AbMeter.pas
File Copy: X:\COMPON\TPOWER\ABBREV.302\AbSelfEx.pas
File Copy: X:\COMPON\TPOWER\ABBREV.302\AbView.pas
File Copy: X:\COMPON\TPOWER\ABBREV.302\AbZipExt.pas
File Copy: X:\COMPON\TPOWER\ABBREV.302\AbZView.pas
File Copy: X:\COMPON\TPOWER\ABBREV.302\AbDlgDir.pas
File Copy: X:\COMPON\TPOWER\ABBREV.302\AbConst.pas
File Copy: X:\COMPON\TPOWER\ABBREV.302\AbPePass.pas
File Copy: X:\COMPON\TPOWER\ABBREV.302\AbZipOut.rc
File Copy: X:\COMPON\TPOWER\ABBREV.302\abreg.res
File Copy: X:\COMPON\TPOWER\ABBREV.302\AbPeCol.pas
File Copy: X:\COMPON\TPOWER\ABBREV.302\AbPeVer.pas
File Copy: X:\COMPON\TPOWER\ABBREV.302\AbDlgPwd.pas
File Copy: X:\COMPON\TPOWER\ABBREV.302\AbPeDir.pas
File Copy: X:\COMPON\TPOWER\ABBREV.302\AbPeFn.pas
File Copy: X:\COMPON\TPOWER\ABBREV.302\AbBitBkt.pas
File Copy: X:\COMPON\TPOWER\ABBREV.302\AbVMStrm.pas
File Copy: X:\COMPON\TPOWER\ABBREV.302\AbZipOut.pas
File Copy: X:\COMPON\TPOWER\ABBREV.302\abreg.pas
File Copy: X:\COMPON\TPOWER\ABBREV.302\AbDefine.inc
File Copy: X:\COMPON\TPOWER\ABBREV.302\AbDlgDir.dfm
File Copy: X:\COMPON\TPOWER\ABBREV.302\AbDlgPwd.dfm
File Copy: X:\COMPON\TPOWER\ABBREV.302\AbPeCol.dfm
File Copy: X:\COMPON\TPOWER\ABBREV.302\AbPeVer.dfm
File Copy: X:\COMPON\TPOWER\ABBREV.302\AbQDgDir.xfm
File Copy: X:\COMPON\TPOWER\ABBREV.302\AbQDgPwd.xfm
File Copy: X:\COMPON\TPOWER\ABBREV.302\AbQPeCol.xfm
File Copy: X:\COMPON\TPOWER\ABBREV.302\AbQPeVer.xfm
Made Dir: TurboPower
Made Dir: TurboPower\Abbrevia
Made Dir: TurboPower\Abbrevia\Backup
File Overwrite: X:\COMPON\TPOWER\ABBREV.302\abreg.res
File Copy: X:\COMPON\TPOWER\ABBREV.302\AbZipOut.r32
File Copy: X:\COMPON\TPOWER\ABBREV.302\abbseclx.pas
File Copy: X:\COMPON\TPOWER\ABBREV.302\abbsevcl.pas
File Copy: X:\COMPON\TPOWER\ABBREV.302\AbCompnd.pas
File Copy: X:\COMPON\TPOWER\ABBREV.302\AbDfBase.pas
File Copy: X:\COMPON\TPOWER\ABBREV.302\AbDfCryS.pas
File Copy: X:\COMPON\TPOWER\ABBREV.302\AbDfHufD.pas
File Copy: X:\COMPON\TPOWER\ABBREV.302\AbDfInW.pas
File Copy: X:\COMPON\TPOWER\ABBREV.302\AbDfOutW.pas
File Copy: X:\COMPON\TPOWER\ABBREV.302\AbDfPkMg.pas
File Copy: X:\COMPON\TPOWER\ABBREV.302\AbDfStrm.pas
File Copy: X:\COMPON\TPOWER\ABBREV.302\AbDfXlat.pas
File Copy: X:\COMPON\TPOWER\ABBREV.302\AbHexVw.pas
File Copy: X:\COMPON\TPOWER\ABBREV.302\AbQCmpnd.pas
File Copy: X:\COMPON\TPOWER\ABBREV.302\AbQCView.pas
File Copy: X:\COMPON\TPOWER\ABBREV.302\AbQDgDir.pas
File Copy: X:\COMPON\TPOWER\ABBREV.302\AbQDgPwd.pas
File Copy: X:\COMPON\TPOWER\ABBREV.302\AbQMeter.pas
File Copy: X:\COMPON\TPOWER\ABBREV.302\AbQPeCol.pas
File Copy: X:\COMPON\TPOWER\ABBREV.302\AbQPeDir.pas
File Copy: X:\COMPON\TPOWER\ABBREV.302\AbQPeFn.pas
File Copy: X:\COMPON\TPOWER\ABBREV.302\AbQPePas.pas
File Copy: X:\COMPON\TPOWER\ABBREV.302\AbQPeVer.pas
File Copy: X:\COMPON\TPOWER\ABBREV.302\AbQView.pas
File Copy: X:\COMPON\TPOWER\ABBREV.302\AbQZpOut.pas
File Copy: X:\COMPON\TPOWER\ABBREV.302\AbQZView.pas
File Copy: X:\COMPON\TPOWER\ABBREV.302\AbRegClx.pas
File Copy: X:\COMPON\TPOWER\ABBREV.302\AbRegLinux.pas
File Copy: X:\COMPON\TPOWER\ABBREV.302\AbRegVcl.pas
File Overwrite: X:\COMPON\TPOWER\ABBREV.302\AbReg.pas
File Copy: X:\COMPON\TPOWER\ABBREV.302\AbSpanSt.pas
File Overwrite: X:\COMPON\TPOWER\ABBREV.302\AbBseCLX.pas
File Overwrite: X:\COMPON\TPOWER\ABBREV.302\AbBseVCL.pas
File Copy: X:\COMPON\TPOWER\ABBREV.302\AbZLTyp.pas
File Copy: X:\COMPON\TPOWER\ABBREV.302\AbCompnd.inc
File Copy: X:\COMPON\TPOWER\ABBREV.302\AbCView.inc
File Copy: X:\COMPON\TPOWER\ABBREV.302\AbDlgDir.inc
File Copy: X:\COMPON\TPOWER\ABBREV.302\AbDlgPwd.inc
File Copy: X:\COMPON\TPOWER\ABBREV.302\AbMeter.inc
File Copy: X:\COMPON\TPOWER\ABBREV.302\AbPeCol.inc
File Copy: X:\COMPON\TPOWER\ABBREV.302\AbPeDir.inc
File Copy: X:\COMPON\TPOWER\ABBREV.302\AbPeFn.inc
File Copy: X:\COMPON\TPOWER\ABBREV.302\AbPePass.inc
File Copy: X:\COMPON\TPOWER\ABBREV.302\AbPeVer.inc
File Copy: X:\COMPON\TPOWER\ABBREV.302\AbView.inc
File Copy: X:\COMPON\TPOWER\ABBREV.302\AbZipOut.inc
File Copy: X:\COMPON\TPOWER\ABBREV.302\AbZView.inc
File Copy: X:\COMPON\TPOWER\ABBREV.302\AbZipCry.pas
File Copy: X:\COMPON\TPOWER\ABBREV.302\Abswstm.pas
File Overwrite: X:\COMPON\TPOWER\ABBREV.302\AbVMStrm.pas
File Copy: X:\COMPON\TPOWER\ABBREV.302\README.HLP
File Copy: X:\COMPON\TPOWER\ABBREV.302\README.CNT
File Copy: X:\COMPON\TPOWER\ABBREV.302\license.txt
Made Dir: X:\COMPON\TPOWER\ABBREV.302\Redist
File Copy: X:\COMPON\TPOWER\ABBREV.302\Redist\deploy.hlp
File Copy: X:\COMPON\TPOWER\ABBREV.302\B301vr60.res
File Copy: X:\COMPON\TPOWER\ABBREV.302\B301vr60.dpk
File Copy: X:\COMPON\TPOWER\ABBREV.302\B301vr60.dcp
File Copy: X:\COMPON\TPOWER\ABBREV.302\B301vd60.res
File Copy: X:\COMPON\TPOWER\ABBREV.302\B301vr60.bpl
File Copy: X:\COMPON\TPOWER\ABBREV.302\B301vd60.dpk
File Copy: X:\COMPON\TPOWER\ABBREV.302\B301vd60.bpl
File Copy: X:\COMPON\TPOWER\ABBREV.302\B301_r60.bpl
File Copy: X:\COMPON\TPOWER\ABBREV.302\B301_r60.dpk
File Copy: X:\COMPON\TPOWER\ABBREV.302\B301_r60.res
File Copy: X:\COMPON\TPOWER\ABBREV.302\B301_r60.dcp
File Copy: X:\COMPON\TPOWER\ABBREV.302\Redist\B301vr60.bpl
File Overwrite: D:\Program Files\BORLAND\Delphi6\Projects\Bpl\B301vr60.bpl
Backup Copy: TurboPower\Abbrevia\Backup\B301vr60.bpl
File Overwrite: D:\Program Files\BORLAND\Delphi6\Projects\Bpl\B301vd60.bpl
Backup Copy: TurboPower\Abbrevia\Backup\B301vd60.bpl
File Overwrite: D:\Program Files\BORLAND\Delphi6\Projects\Bpl\B301vr60.dcp
Backup Copy: TurboPower\Abbrevia\Backup\B301vr60.dcp
File Copy: D:\Program Files\BORLAND\Delphi6\Projects\Bpl\B301_r60.bpl
File Copy: D:\Program Files\BORLAND\Delphi6\Projects\Bpl\B301_r60.dcp
File Copy: X:\COMPON\TPOWER\ABBREV.302\B301cr60.res
File Copy: X:\COMPON\TPOWER\ABBREV.302\B301cr60.dpk
File Copy: X:\COMPON\TPOWER\ABBREV.302\B301cr60.dcp
File Copy: X:\COMPON\TPOWER\ABBREV.302\B301cr60.bpl
File Copy: X:\COMPON\TPOWER\ABBREV.302\B301cd60.res
File Copy: X:\COMPON\TPOWER\ABBREV.302\B301cd60.dpk
File Copy: X:\COMPON\TPOWER\ABBREV.302\B301cd60.bpl
File Copy: X:\COMPON\TPOWER\ABBREV.302\Redist\B301cr60.bpl
File Copy: D:\Program Files\BORLAND\Delphi6\Projects\Bpl\B301cr60.bpl
File Copy: D:\Program Files\BORLAND\Delphi6\Projects\Bpl\B301cd60.bpl
File Copy: D:\Program Files\BORLAND\Delphi6\Projects\Bpl\B301cr60.dcp
Made Dir: X:\COMPON\TPOWER\ABBREV.302\Examples
Made Dir: X:\COMPON\TPOWER\ABBREV.302\Examples\Delphi
File Copy: X:\COMPON\TPOWER\ABBREV.302\Examples\Delphi\Abbrexam.cfg
File Copy: X:\COMPON\TPOWER\ABBREV.302\Examples\Delphi\Abbrexam.dpr
File Copy: X:\COMPON\TPOWER\ABBREV.302\Examples\Delphi\Abbrexam.SQS
File Copy: X:\COMPON\TPOWER\ABBREV.302\Examples\Delphi\BASEDLGU.dfb
File Copy: X:\COMPON\TPOWER\ABBREV.302\Examples\Delphi\BASEDLGU.DFM
File Copy: X:\COMPON\TPOWER\ABBREV.302\Examples\Delphi\BASEDLGU.dft
File Copy: X:\COMPON\TPOWER\ABBREV.302\Examples\Delphi\BaseDlgu.pas
File Copy: X:\COMPON\TPOWER\ABBREV.302\Examples\Delphi\CabExt.cfg
File Copy: X:\COMPON\TPOWER\ABBREV.302\Examples\Delphi\CabExt.CWS
File Copy: X:\COMPON\TPOWER\ABBREV.302\Examples\Delphi\CabExt.dpr
File Copy: X:\COMPON\TPOWER\ABBREV.302\Examples\Delphi\CabExt.SQS
File Copy: X:\COMPON\TPOWER\ABBREV.302\Examples\Delphi\CabExt1.dfb
File Copy: X:\COMPON\TPOWER\ABBREV.302\Examples\Delphi\CabExt1.dfm
File Copy: X:\COMPON\TPOWER\ABBREV.302\Examples\Delphi\CabExt1.dft
File Copy: X:\COMPON\TPOWER\ABBREV.302\Examples\Delphi\CabExt1.pas
File Copy: X:\COMPON\TPOWER\ABBREV.302\Examples\Delphi\CabFind.cfg
File Copy: X:\COMPON\TPOWER\ABBREV.302\Examples\Delphi\CabFind.dpr
File Copy: X:\COMPON\TPOWER\ABBREV.302\Examples\Delphi\CabFind.res
File Copy: X:\COMPON\TPOWER\ABBREV.302\Examples\Delphi\CabFind.SQS
File Copy: X:\COMPON\TPOWER\ABBREV.302\Examples\Delphi\CabFind1.dfb
File Copy: X:\COMPON\TPOWER\ABBREV.302\Examples\Delphi\CabFind1.dfm
File Copy: X:\COMPON\TPOWER\ABBREV.302\Examples\Delphi\CabFind1.dft
File Copy: X:\COMPON\TPOWER\ABBREV.302\Examples\Delphi\CabFind1.pas
File Copy: X:\COMPON\TPOWER\ABBREV.302\Examples\Delphi\CabView.cfg
File Copy: X:\COMPON\TPOWER\ABBREV.302\Examples\Delphi\CabView.CWS
File Copy: X:\COMPON\TPOWER\ABBREV.302\Examples\Delphi\CabView.dpr
File Copy: X:\COMPON\TPOWER\ABBREV.302\Examples\Delphi\CabView.SQS
File Copy: X:\COMPON\TPOWER\ABBREV.302\Examples\Delphi\CabView1.dfb
File Copy: X:\COMPON\TPOWER\ABBREV.302\Examples\Delphi\CabView1.dfm
File Copy: X:\COMPON\TPOWER\ABBREV.302\Examples\Delphi\CabView1.dft
File Copy: X:\COMPON\TPOWER\ABBREV.302\Examples\Delphi\CabView1.PAS
File Copy: X:\COMPON\TPOWER\ABBREV.302\Examples\Delphi\Chapter1.wmf
File Copy: X:\COMPON\TPOWER\ABBREV.302\Examples\Delphi\Chapter2.wmf
File Copy: X:\COMPON\TPOWER\ABBREV.302\Examples\Delphi\Chapter3.wmf
File Copy: X:\COMPON\TPOWER\ABBREV.302\Examples\Delphi\Chapter4.wmf
File Copy: X:\COMPON\TPOWER\ABBREV.302\Examples\Delphi\Chapter5.wmf
File Copy: X:\COMPON\TPOWER\ABBREV.302\Examples\Delphi\Chapter6.wmf
File Copy: X:\COMPON\TPOWER\ABBREV.302\Examples\Delphi\CompPad.cfg
File Copy: X:\COMPON\TPOWER\ABBREV.302\Examples\Delphi\CompPad.dpr
File Copy: X:\COMPON\TPOWER\ABBREV.302\Examples\Delphi\CompPad.res
File Copy: X:\COMPON\TPOWER\ABBREV.302\Examples\Delphi\CompPad.SQS
File Copy: X:\COMPON\TPOWER\ABBREV.302\Examples\Delphi\CompPad.zip
File Copy: X:\COMPON\TPOWER\ABBREV.302\Examples\Delphi\Contents.dpr
File Copy: X:\COMPON\TPOWER\ABBREV.302\Examples\Delphi\convert.LOG
File Copy: X:\COMPON\TPOWER\ABBREV.302\Examples\Delphi\Demo.cab
File Copy: X:\COMPON\TPOWER\ABBREV.302\Examples\Delphi\DEMO.ZIP
File Copy: X:\COMPON\TPOWER\ABBREV.302\Examples\Delphi\dgAbout.dfb
File Copy: X:\COMPON\TPOWER\ABBREV.302\Examples\Delphi\dgAbout.dfm
File Copy: X:\COMPON\TPOWER\ABBREV.302\Examples\Delphi\dgAbout.dft
File Copy: X:\COMPON\TPOWER\ABBREV.302\Examples\Delphi\dgAbout.pas
File Copy: X:\COMPON\TPOWER\ABBREV.302\Examples\Delphi\ExCBrows.cfg
File Copy: X:\COMPON\TPOWER\ABBREV.302\Examples\Delphi\ExCBrows.CWS
File Copy: X:\COMPON\TPOWER\ABBREV.302\Examples\Delphi\ExCBrows.dpr
File Copy: X:\COMPON\TPOWER\ABBREV.302\Examples\Delphi\ExCBrows.SQS
File Copy: X:\COMPON\TPOWER\ABBREV.302\Examples\Delphi\ExCBrowu.dfb
File Copy: X:\COMPON\TPOWER\ABBREV.302\Examples\Delphi\ExCBrowu.dfm
File Copy: X:\COMPON\TPOWER\ABBREV.302\Examples\Delphi\ExCBrowu.dft
File Copy: X:\COMPON\TPOWER\ABBREV.302\Examples\Delphi\ExCBrowu.pas
File Copy: X:\COMPON\TPOWER\ABBREV.302\Examples\Delphi\ExCf.cfg
File Copy: X:\COMPON\TPOWER\ABBREV.302\Examples\Delphi\ExCf.CWS
File Copy: X:\COMPON\TPOWER\ABBREV.302\Examples\Delphi\ExCf.dpr
File Copy: X:\COMPON\TPOWER\ABBREV.302\Examples\Delphi\ExCf.res
File Copy: X:\COMPON\TPOWER\ABBREV.302\Examples\Delphi\ExCf.SQS
File Copy: X:\COMPON\TPOWER\ABBREV.302\Examples\Delphi\ExFilter.cfg
File Copy: X:\COMPON\TPOWER\ABBREV.302\Examples\Delphi\ExFilter.dpr
File Copy: X:\COMPON\TPOWER\ABBREV.302\Examples\Delphi\ExFilter.SQS
File Copy: X:\COMPON\TPOWER\ABBREV.302\Examples\Delphi\EXFILTRU.dfb
File Copy: X:\COMPON\TPOWER\ABBREV.302\Examples\Delphi\EXFILTRU.DFM
File Copy: X:\COMPON\TPOWER\ABBREV.302\Examples\Delphi\EXFILTRU.dft
File Copy: X:\COMPON\TPOWER\ABBREV.302\Examples\Delphi\ExFiltru.pas
File Copy: X:\COMPON\TPOWER\ABBREV.302\Examples\Delphi\EXZIPPER.CWS
File Copy: X:\COMPON\TPOWER\ABBREV.302\Examples\Delphi\EXZIPPER.DPR
File Copy: X:\COMPON\TPOWER\ABBREV.302\Examples\Delphi\EXZIPPER.SQS
File Copy: X:\COMPON\TPOWER\ABBREV.302\Examples\Delphi\EXZIPPRU.dfb
File Copy: X:\COMPON\TPOWER\ABBREV.302\Examples\Delphi\EXZIPPRU.dfm
File Copy: X:\COMPON\TPOWER\ABBREV.302\Examples\Delphi\EXZIPPRU.dft
File Copy: X:\COMPON\TPOWER\ABBREV.302\Examples\Delphi\EXZIPPRU.PAS
File Copy: X:\COMPON\TPOWER\ABBREV.302\Examples\Delphi\FCITest1.dfb
File Copy: X:\COMPON\TPOWER\ABBREV.302\Examples\Delphi\FCITest1.dfm
File Copy: X:\COMPON\TPOWER\ABBREV.302\Examples\Delphi\FCITest1.dft
File Copy: X:\COMPON\TPOWER\ABBREV.302\Examples\Delphi\FCITest1.pas
File Copy: X:\COMPON\TPOWER\ABBREV.302\Examples\Delphi\Finder.cfg
File Copy: X:\COMPON\TPOWER\ABBREV.302\Examples\Delphi\Finder.CWS
File Copy: X:\COMPON\TPOWER\ABBREV.302\Examples\Delphi\Finder.dpr
File Copy: X:\COMPON\TPOWER\ABBREV.302\Examples\Delphi\Finder.SQS
File Copy: X:\COMPON\TPOWER\ABBREV.302\Examples\Delphi\Log.txt
File Copy: X:\COMPON\TPOWER\ABBREV.302\Examples\Delphi\MakeCab.cfg
File Copy: X:\COMPON\TPOWER\ABBREV.302\Examples\Delphi\MakeCab.CWS
File Copy: X:\COMPON\TPOWER\ABBREV.302\Examples\Delphi\MakeCab.dpr
File Copy: X:\COMPON\TPOWER\ABBREV.302\Examples\Delphi\MakeCab.SQS
File Copy: X:\COMPON\TPOWER\ABBREV.302\Examples\Delphi\MakeCab1.dfb
File Copy: X:\COMPON\TPOWER\ABBREV.302\Examples\Delphi\MakeCab1.dfm
File Copy: X:\COMPON\TPOWER\ABBREV.302\Examples\Delphi\MakeCab1.dft
File Copy: X:\COMPON\TPOWER\ABBREV.302\Examples\Delphi\MakeCab1.pas
File Copy: X:\COMPON\TPOWER\ABBREV.302\Examples\Delphi\makesfx.cfg
File Copy: X:\COMPON\TPOWER\ABBREV.302\Examples\Delphi\makesfx.CWS
File Copy: X:\COMPON\TPOWER\ABBREV.302\Examples\Delphi\makesfx.dpr
File Copy: X:\COMPON\TPOWER\ABBREV.302\Examples\Delphi\makesfx.SQS
File Copy: X:\COMPON\TPOWER\ABBREV.302\Examples\Delphi\SELFSTBV.DPR
File Copy: X:\COMPON\TPOWER\ABBREV.302\Examples\Delphi\SELFSTUB.DPR
File Copy: X:\COMPON\TPOWER\ABBREV.302\Examples\Delphi\SLFSTBV1.dfb
File Copy: X:\COMPON\TPOWER\ABBREV.302\Examples\Delphi\SLFSTBV1.DFM
File Copy: X:\COMPON\TPOWER\ABBREV.302\Examples\Delphi\SLFSTBV1.dft
File Copy: X:\COMPON\TPOWER\ABBREV.302\Examples\Delphi\SLFSTBV1.PAS
File Copy: X:\COMPON\TPOWER\ABBREV.302\Examples\Delphi\spntst0.dfb
File Copy: X:\COMPON\TPOWER\ABBREV.302\Examples\Delphi\spntst0.dfm
File Copy: X:\COMPON\TPOWER\ABBREV.302\Examples\Delphi\spntst0.dft
File Copy: X:\COMPON\TPOWER\ABBREV.302\Examples\Delphi\spntst0.pas
File Copy: X:\COMPON\TPOWER\ABBREV.302\Examples\Delphi\Streams.cfg
File Copy: X:\COMPON\TPOWER\ABBREV.302\Examples\Delphi\Streams.CWS
File Copy: X:\COMPON\TPOWER\ABBREV.302\Examples\Delphi\Streams.dpr
File Copy: X:\COMPON\TPOWER\ABBREV.302\Examples\Delphi\Streams.SQS
File Copy: X:\COMPON\TPOWER\ABBREV.302\Examples\Delphi\Streams1.dfb
File Copy: X:\COMPON\TPOWER\ABBREV.302\Examples\Delphi\Streams1.dfm
File Copy: X:\COMPON\TPOWER\ABBREV.302\Examples\Delphi\Streams1.dft
File Copy: X:\COMPON\TPOWER\ABBREV.302\Examples\Delphi\Streams1.pas
File Copy: X:\COMPON\TPOWER\ABBREV.302\Examples\Delphi\StrmBmp.dpr
File Copy: X:\COMPON\TPOWER\ABBREV.302\Examples\Delphi\StrmBmpU.dfb
File Copy: X:\COMPON\TPOWER\ABBREV.302\Examples\Delphi\StrmBmpU.dfm
File Copy: X:\COMPON\TPOWER\ABBREV.302\Examples\Delphi\StrmBmpU.dft
File Copy: X:\COMPON\TPOWER\ABBREV.302\Examples\Delphi\StrmBmpU.pas
File Copy: X:\COMPON\TPOWER\ABBREV.302\Examples\Delphi\StrmPad.dpr
File Copy: X:\COMPON\TPOWER\ABBREV.302\Examples\Delphi\TPZip.cfg
File Copy: X:\COMPON\TPOWER\ABBREV.302\Examples\Delphi\TPZip.CWS
File Copy: X:\COMPON\TPOWER\ABBREV.302\Examples\Delphi\TPZip.dpr
File Copy: X:\COMPON\TPOWER\ABBREV.302\Examples\Delphi\tpzip.ico
File Copy: X:\COMPON\TPOWER\ABBREV.302\Examples\Delphi\TPZip.INI
File Copy: X:\COMPON\TPOWER\ABBREV.302\Examples\Delphi\tpzip.r32
File Copy: X:\COMPON\TPOWER\ABBREV.302\Examples\Delphi\TPZIP.RC
File Copy: X:\COMPON\TPOWER\ABBREV.302\Examples\Delphi\TPZip.SQS
File Copy: X:\COMPON\TPOWER\ABBREV.302\Examples\Delphi\TPZIP31.HLP
File Copy: X:\COMPON\TPOWER\ABBREV.302\Examples\Delphi\ubasedlg.dfb
File Copy: X:\COMPON\TPOWER\ABBREV.302\Examples\Delphi\ubasedlg.dfm
File Copy: X:\COMPON\TPOWER\ABBREV.302\Examples\Delphi\ubasedlg.dft
File Copy: X:\COMPON\TPOWER\ABBREV.302\Examples\Delphi\ubasedlg.pas
File Copy: X:\COMPON\TPOWER\ABBREV.302\Examples\Delphi\uCfGenDg.dfb
File Copy: X:\COMPON\TPOWER\ABBREV.302\Examples\Delphi\uCfGenDg.dfm
File Copy: X:\COMPON\TPOWER\ABBREV.302\Examples\Delphi\uCfGenDg.dft
File Copy: X:\COMPON\TPOWER\ABBREV.302\Examples\Delphi\uCfGenDg.pas
File Copy: X:\COMPON\TPOWER\ABBREV.302\Examples\Delphi\uCfMain.dfb
File Copy: X:\COMPON\TPOWER\ABBREV.302\Examples\Delphi\uCfMain.dfm
File Copy: X:\COMPON\TPOWER\ABBREV.302\Examples\Delphi\uCfMain.dft
File Copy: X:\COMPON\TPOWER\ABBREV.302\Examples\Delphi\uCfMain.pas
File Copy: X:\COMPON\TPOWER\ABBREV.302\Examples\Delphi\uCfNewDg.dfb
File Copy: X:\COMPON\TPOWER\ABBREV.302\Examples\Delphi\uCfNewDg.dfm
File Copy: X:\COMPON\TPOWER\ABBREV.302\Examples\Delphi\uCfNewDg.dft
File Copy: X:\COMPON\TPOWER\ABBREV.302\Examples\Delphi\uCfNewDg.pas
File Copy: X:\COMPON\TPOWER\ABBREV.302\Examples\Delphi\ucomppad.dfb
File Copy: X:\COMPON\TPOWER\ABBREV.302\Examples\Delphi\ucomppad.dfm
File Copy: X:\COMPON\TPOWER\ABBREV.302\Examples\Delphi\ucomppad.dft
File Copy: X:\COMPON\TPOWER\ABBREV.302\Examples\Delphi\ucomppad.pas
File Copy: X:\COMPON\TPOWER\ABBREV.302\Examples\Delphi\UContent.dfb
File Copy: X:\COMPON\TPOWER\ABBREV.302\Examples\Delphi\UContent.dfm
File Copy: X:\COMPON\TPOWER\ABBREV.302\Examples\Delphi\UContent.dft
File Copy: X:\COMPON\TPOWER\ABBREV.302\Examples\Delphi\UContent.pas
File Copy: X:\COMPON\TPOWER\ABBREV.302\Examples\Delphi\udemodlg.dfb
File Copy: X:\COMPON\TPOWER\ABBREV.302\Examples\Delphi\udemodlg.dfm
File Copy: X:\COMPON\TPOWER\ABBREV.302\Examples\Delphi\udemodlg.dft
File Copy: X:\COMPON\TPOWER\ABBREV.302\Examples\Delphi\udemodlg.pas
File Copy: X:\COMPON\TPOWER\ABBREV.302\Examples\Delphi\uexample.dfb
File Copy: X:\COMPON\TPOWER\ABBREV.302\Examples\Delphi\uexample.dfm
File Copy: X:\COMPON\TPOWER\ABBREV.302\Examples\Delphi\uexample.dft
File Copy: X:\COMPON\TPOWER\ABBREV.302\Examples\Delphi\uexample.pas
File Copy: X:\COMPON\TPOWER\ABBREV.302\Examples\Delphi\ufinder.dfb
File Copy: X:\COMPON\TPOWER\ABBREV.302\Examples\Delphi\ufinder.dfm
File Copy: X:\COMPON\TPOWER\ABBREV.302\Examples\Delphi\ufinder.dft
File Copy: X:\COMPON\TPOWER\ABBREV.302\Examples\Delphi\ufinder.pas
File Copy: X:\COMPON\TPOWER\ABBREV.302\Examples\Delphi\UMain.dfb
File Copy: X:\COMPON\TPOWER\ABBREV.302\Examples\Delphi\UMain.dfm
File Copy: X:\COMPON\TPOWER\ABBREV.302\Examples\Delphi\UMain.dft
File Copy: X:\COMPON\TPOWER\ABBREV.302\Examples\Delphi\UMain.pas
File Copy: X:\COMPON\TPOWER\ABBREV.302\Examples\Delphi\umakesfx.dfb
File Copy: X:\COMPON\TPOWER\ABBREV.302\Examples\Delphi\umakesfx.dfm
File Copy: X:\COMPON\TPOWER\ABBREV.302\Examples\Delphi\umakesfx.dft
File Copy: X:\COMPON\TPOWER\ABBREV.302\Examples\Delphi\umakesfx.pas
File Copy: X:\COMPON\TPOWER\ABBREV.302\Examples\Delphi\Unzip.dpr
File Copy: X:\COMPON\TPOWER\ABBREV.302\Examples\Delphi\UsingApi.dpr
File Copy: X:\COMPON\TPOWER\ABBREV.302\Examples\Delphi\usplash.dfb
File Copy: X:\COMPON\TPOWER\ABBREV.302\Examples\Delphi\usplash.dfm
File Copy: X:\COMPON\TPOWER\ABBREV.302\Examples\Delphi\usplash.dft
File Copy: X:\COMPON\TPOWER\ABBREV.302\Examples\Delphi\usplash.pas
File Copy: X:\COMPON\TPOWER\ABBREV.302\Examples\Delphi\Ustrpad.dfb
File Copy: X:\COMPON\TPOWER\ABBREV.302\Examples\Delphi\Ustrpad.dfm
File Copy: X:\COMPON\TPOWER\ABBREV.302\Examples\Delphi\Ustrpad.dft
File Copy: X:\COMPON\TPOWER\ABBREV.302\Examples\Delphi\Ustrpad.pas
File Copy: X:\COMPON\TPOWER\ABBREV.302\Examples\Delphi\Uunzip.dfb
File Copy: X:\COMPON\TPOWER\ABBREV.302\Examples\Delphi\Uunzip.dfm
File Copy: X:\COMPON\TPOWER\ABBREV.302\Examples\Delphi\Uunzip.dft
File Copy: X:\COMPON\TPOWER\ABBREV.302\Examples\Delphi\Uunzip.pas
File Copy: X:\COMPON\TPOWER\ABBREV.302\Examples\Delphi\UZIP.dfb
File Copy: X:\COMPON\TPOWER\ABBREV.302\Examples\Delphi\UZIP.DFM
File Copy: X:\COMPON\TPOWER\ABBREV.302\Examples\Delphi\UZIP.dft
File Copy: X:\COMPON\TPOWER\ABBREV.302\Examples\Delphi\UZIP.PAS
File Copy: X:\COMPON\TPOWER\ABBREV.302\Examples\Delphi\ZIPPER.DPR
File Copy: X:\COMPON\TPOWER\ABBREV.302\Examples\Delphi\ZipReg.dpr
File Copy: X:\COMPON\TPOWER\ABBREV.302\Examples\Delphi\ZipReg1.dfb
File Copy: X:\COMPON\TPOWER\ABBREV.302\Examples\Delphi\ZipReg1.dfm
File Copy: X:\COMPON\TPOWER\ABBREV.302\Examples\Delphi\ZipReg1.dft
File Copy: X:\COMPON\TPOWER\ABBREV.302\Examples\Delphi\ZipReg1.pas
File Copy: X:\COMPON\TPOWER\ABBREV.302\Examples\Delphi\ZipView.cfg
File Copy: X:\COMPON\TPOWER\ABBREV.302\Examples\Delphi\ZipView.CWS
File Copy: X:\COMPON\TPOWER\ABBREV.302\Examples\Delphi\ZipView.dpr
File Copy: X:\COMPON\TPOWER\ABBREV.302\Examples\Delphi\ZipView.SQS
File Copy: X:\COMPON\TPOWER\ABBREV.302\Examples\Delphi\ZipView1.dfb
File Copy: X:\COMPON\TPOWER\ABBREV.302\Examples\Delphi\ZipView1.dfm
File Copy: X:\COMPON\TPOWER\ABBREV.302\Examples\Delphi\ZipView1.dft
File Copy: X:\COMPON\TPOWER\ABBREV.302\Examples\Delphi\ZipView1.PAS
Made Dir: X:\COMPON\TPOWER\ABBREV.302\Help
Made Dir: X:\COMPON\TPOWER\ABBREV.302\Help\Delphi
File Copy: X:\COMPON\TPOWER\ABBREV.302\Help\Delphi\ABBREVIA.HLP
File Copy: X:\COMPON\TPOWER\ABBREV.302\Help\Delphi\abbrevia.cnt
Made Dir: X:\COMPON\TPOWER\ABBREV.302\Com
File Copy: X:\COMPON\TPOWER\ABBREV.302\Com\abbrevia.tlb
File Copy: X:\COMPON\TPOWER\ABBREV.302\Com\abbrevia.dll
Made Dir: C:\Documents and Settings\markd6\Start Menu\Programs\TurboPower
Made Dir: C:\Documents and Settings\markd6\Start Menu\Programs\TurboPower\Abbrevia
Shell Link: C:\Documents and Settings\markd6\Start Menu\Programs\TurboPower\Abbrevia\Latest news about Abbrevia.lnk
Shell Link: C:\Documents and Settings\markd6\Start Menu\Programs\TurboPower\Abbrevia\Abbrevia license.lnk
Shell Link: C:\Documents and Settings\markd6\Start Menu\Programs\TurboPower\Abbrevia\Uninstall Abbrevia.lnk
Shell Link: C:\Documents and Settings\markd6\Start Menu\Programs\TurboPower\Abbrevia\Abbrevia help for Delphi.lnk
RegDB Key: Software\TurboPower\Abbrevia
RegDB Val: X:\COMPON\TPOWER\ABBREV.302
RegDB Name: AppPath
RegDB Root: 2
RegDB Key: Software\TurboPower\Abbrevia
RegDB Val: 301
RegDB Name: Version
RegDB Root: 2
RegDB Key: Software\TurboPower\Abbrevia
RegDB Val: 
RegDB Name: COM Object
RegDB Root: 2
RegDB Key: Software\TurboPower\Abbrevia
RegDB Val: A
RegDB Name: Examples
RegDB Root: 2
RegDB Key: Software\TurboPower\Abbrevia
RegDB Val: A
RegDB Name: Help
RegDB Root: 2
RegDB Key: Software\TurboPower\Abbrevia
RegDB Val: D
RegDB Name: Compilers
RegDB Root: 2
Made Dir: TurboPower
Made Dir: TurboPower\Abbrevia
Made Dir: TurboPower\Abbrevia\Backup
Self-Register: X:\COMPON\TPOWER\ABBREV.302\COM\ABBREVIA.DLL
User Rights: Admin
***  Installation Started 03/14/02 11:31  ***
Title: Abbrevia Installation
Source: X:\COMPON\TPOWER\INSTALLS\AB302P.EXE
Made Dir: TurboPower
Made Dir: TurboPower\Abbrevia
Made Dir: TurboPower\Abbrevia\Backup
File Overwrite: X:\COMPON\TPOWER\ABBREV.302\UNWISE.EXE
Backup Copy: TurboPower\Abbrevia\Backup\UNWISE.EXE
RegDB Key: Software\Microsoft\Windows\CurrentVersion\Uninstall\TurboPower Abbrevia, (Patch to version 3.02)
RegDB Val: TurboPower Abbrevia, (Patch to version 3.02)
RegDB Name: DisplayName
RegDB Root: 2
RegDB Old: TurboPower Abbrevia, (Patch to version 3.02)
RegDB Key: Software\Microsoft\Windows\CurrentVersion\Uninstall\TurboPower Abbrevia, (Patch to version 3.02)
RegDB Val: X:\COMPON\TPOWER\ABBREV.302\UNWISE.EXE X:\COMPON\TPOWER\ABBREV.302\INSTALL.LOG
RegDB Name: UninstallString
RegDB Root: 2
RegDB Old: X:\COMPON\TPOWER\ABBREV.302\UNWISE.EXE X:\COMPON\TPOWER\ABBREV.302\INSTALL.LOG
INI File: C:\WINNT\FINISH32.INI
INI Sect: compilers
INI Item: InstallD3
INI Val: 0
INI Old: 0
INI File: C:\WINNT\FINISH32.INI
INI Sect: compilers
INI Item: InstallD4
INI Val: 0
INI Old: 0
INI File: C:\WINNT\FINISH32.INI
INI Sect: compilers
INI Item: InstallD5
INI Val: 0
INI Old: 0
INI File: C:\WINNT\FINISH32.INI
INI Sect: compilers
INI Item: InstallD6
INI Val: 0
INI Old: 1
INI File: C:\WINNT\FINISH32.INI
INI Sect: compilers
INI Item: InstallC3
INI Val: 0
INI Old: 0
INI File: C:\WINNT\FINISH32.INI
INI Sect: compilers
INI Item: InstallC4
INI Val: 0
INI Old: 0
INI File: C:\WINNT\FINISH32.INI
INI Sect: compilers
INI Item: InstallC5
INI Val: 0
INI Old: 0
INI File: C:\WINNT\FINISH32.INI
INI Sect: constants
INI Item: Version
INI Val: 302
INI Old: 301
INI File: C:\WINNT\FINISH32.INI
INI Sect: constants
INI Item: DelphiCfg3
INI Val: DELPHI3.CFG
INI Old: DELPHI3.CFG
INI File: C:\WINNT\FINISH32.INI
INI Sect: constants
INI Item: DelphiCfg4
INI Val: DELPHI4.CFG
INI Old: DELPHI4.CFG
INI File: C:\WINNT\FINISH32.INI
INI Sect: constants
INI Item: DelphiCfg5
INI Val: DELPHI5.CNT
INI Old: DELPHI5.CNT
INI File: C:\WINNT\FINISH32.INI
INI Sect: constants
INI Item: DelphiCfg6
INI Val: DELPHI6.CNT
INI Old: DELPHI6.CNT
INI File: C:\WINNT\FINISH32.INI
INI Sect: constants
INI Item: HelpNameD
INI Val: ABBREVIA.HLP
INI Old: ABBREVIA.HLP
INI File: C:\WINNT\FINISH32.INI
INI Sect: constants
INI Item: HelpNameC
INI Val: ABBRBCB.HLP
INI Old: ABBRBCB.HLP
INI File: C:\WINNT\FINISH32.INI
INI Sect: constants
INI Item: HelpCntNameD
INI Val: ABBREVIA.CNT
INI Old: ABBREVIA.CNT
INI File: C:\WINNT\FINISH32.INI
INI Sect: constants
INI Item: HelpLinkD
INI Val: :LINK ABBREVIA.HLP
INI Old: :LINK ABBREVIA.HLP
INI File: C:\WINNT\FINISH32.INI
INI Sect: constants
INI Item: OHIHelpNameC3
INI Val: BCB.OHI
INI Old: BCB.OHI
INI File: C:\WINNT\FINISH32.INI
INI Sect: constants
INI Item: OHIHelpNameC4
INI Val: BCB4.OHI
INI Old: BCB4.OHI
INI File: C:\WINNT\FINISH32.INI
INI Sect: constants
INI Item: OHIHelpNameC5
INI Val: BCB5.OHI
INI Old: BCB5.OHI
INI File: C:\WINNT\FINISH32.INI
INI Sect: constants
INI Item: OHIHelpNameD6
INI Val: DELPHI6.OHI
INI Old: DELPHI6.OHI
INI File: C:\WINNT\FINISH32.INI
INI Sect: constants
INI Item: HelpIndexC
INI Val: :INDEX Abbrevia Reference =ABBRBCB.HLP
INI Old: :INDEX Abbrevia Reference =ABBREVIABCB.HLP
INI File: C:\WINNT\FINISH32.INI
INI Sect: constants
INI Item: HelpIndexD
INI Val: :INDEX Abbrevia Reference =ABBREVIA.HLP
INI Old: :INDEX Abbrevia Reference =ABBREVIA.HLP
INI File: C:\WINNT\FINISH32.INI
INI Sect: constants
INI Item: TrialRunObj
INI Val: ABTRIAL.OBJ
INI Old: ABTRIAL.OBJ
INI File: C:\WINNT\FINISH32.INI
INI Sect: constants
INI Item: pkName1
INI Val: TurboPower Abbrevia 
INI Old: Abbrevia Components
INI File: C:\WINNT\FINISH32.INI
INI Sect: constants
INI Item: pkNameTR
INI Val: TurboPower Abbrevia (Trial-run)
INI Old: Abbrevia (trial-run)
INI File: C:\WINNT\FINISH32.INI
INI Sect: constants
INI Item: pkLetter
INI Val: B
INI Old: B
INI File: C:\WINNT\FINISH32.INI
INI Sect: constants
INI Item: pkDesignID1
INI Val: _D
INI Old: _D
INI File: C:\WINNT\FINISH32.INI
INI Sect: constants
INI Item: pkDesignVCL1
INI Val: VD
INI Old: VD
INI File: C:\WINNT\FINISH32.INI
INI Sect: constants
INI Item: pkDesignCLX1
INI Val: CD
INI Old: CD
INI File: C:\WINNT\FINISH32.INI
INI Sect: constants
INI Item: PrependDir
INI Val: FALSE
INI Old: FALSE
INI File: C:\WINNT\FINISH32.INI
INI Sect: oldpackages
INI Item: TAB100_D.DPL
INI Val: 1
INI Old: 1
INI File: C:\WINNT\FINISH32.INI
INI Sect: oldpackages
INI Item: TAB101_D.DPL
INI Val: 1
INI Old: 1
INI File: C:\WINNT\FINISH32.INI
INI Sect: oldpackages
INI Item: TAB102_D.DPL
INI Val: 1
INI Old: 1
INI File: C:\WINNT\FINISH32.INI
INI Sect: oldpackages
INI Item: TAB103_D.DPL
INI Val: 1
INI Old: 1
INI File: C:\WINNT\FINISH32.INI
INI Sect: oldpackages
INI Item: TAB104_D.DPL
INI Val: 1
INI Old: 1
INI File: C:\WINNT\FINISH32.INI
INI Sect: oldpackages
INI Item: TAB100_D.BPL
INI Val: 1
INI Old: 1
INI File: C:\WINNT\FINISH32.INI
INI Sect: oldpackages
INI Item: TAB101_D.BPL
INI Val: 1
INI Old: 1
INI File: C:\WINNT\FINISH32.INI
INI Sect: oldpackages
INI Item: TAB102_D.BPL
INI Val: 1
INI Old: 1
INI File: C:\WINNT\FINISH32.INI
INI Sect: oldpackages
INI Item: TAB103_D.BPL
INI Val: 1
INI Old: 1
INI File: C:\WINNT\FINISH32.INI
INI Sect: oldpackages
INI Item: TAB104_D.BPL
INI Val: 1
INI Old: 1
INI File: C:\WINNT\FINISH32.INI
INI Sect: oldpackages
INI Item: TAB105_D.BPL
INI Val: 1
INI Old: 1
INI File: C:\WINNT\FINISH32.INI
INI Sect: oldpackages
INI Item: B106_D30.DPL
INI Val: 1
INI Old: 1
INI File: C:\WINNT\FINISH32.INI
INI Sect: oldpackages
INI Item: B106_D35.BPL
INI Val: 1
INI Old: 1
INI File: C:\WINNT\FINISH32.INI
INI Sect: oldpackages
INI Item: B106_D40.BPL
INI Val: 1
INI Old: 1
INI File: C:\WINNT\FINISH32.INI
INI Sect: oldpackages
INI Item: B107_D30.DPL
INI Val: 1
INI Old: 1
INI File: C:\WINNT\FINISH32.INI
INI Sect: oldpackages
INI Item: B107_D35.BPL
INI Val: 1
INI Old: 1
INI File: C:\WINNT\FINISH32.INI
INI Sect: oldpackages
INI Item: B107_D40.BPL
INI Val: 1
INI Old: 1
INI File: C:\WINNT\FINISH32.INI
INI Sect: oldpackages
INI Item: B108_D30.DPL
INI Val: 1
INI Old: 1
INI File: C:\WINNT\FINISH32.INI
INI Sect: oldpackages
INI Item: B108_D35.BPL
INI Val: 1
INI Old: 1
INI File: C:\WINNT\FINISH32.INI
INI Sect: oldpackages
INI Item: B108_D40.BPL
INI Val: 1
INI Old: 1
INI File: C:\WINNT\FINISH32.INI
INI Sect: oldpackages
INI Item: B200_D30.DPL
INI Val: 1
INI Old: 1
INI File: C:\WINNT\FINISH32.INI
INI Sect: oldpackages
INI Item: B200_D35.BPL
INI Val: 1
INI Old: 1
INI File: C:\WINNT\FINISH32.INI
INI Sect: oldpackages
INI Item: B200_D40.BPL
INI Val: 1
INI Old: 1
INI File: C:\WINNT\FINISH32.INI
INI Sect: oldpackages
INI Item: B201_D30.DPL
INI Val: 1
INI Old: 1
INI File: C:\WINNT\FINISH32.INI
INI Sect: oldpackages
INI Item: B201_D35.BPL
INI Val: 1
INI Old: 1
INI File: C:\WINNT\FINISH32.INI
INI Sect: oldpackages
INI Item: B201_D40.BPL
INI Val: 1
INI Old: 1
INI File: C:\WINNT\FINISH32.INI
INI Sect: oldpackages
INI Item: B201_D41.BPL
INI Val: 1
INI Old: 1
INI File: C:\WINNT\FINISH32.INI
INI Sect: oldpackages
INI Item: B202_D30.DPL
INI Val: 1
INI Old: 1
INI File: C:\WINNT\FINISH32.INI
INI Sect: oldpackages
INI Item: B202_D35.BPL
INI Val: 1
INI Old: 1
INI File: C:\WINNT\FINISH32.INI
INI Sect: oldpackages
INI Item: B202_D40.BPL
INI Val: 1
INI Old: 1
INI File: C:\WINNT\FINISH32.INI
INI Sect: oldpackages
INI Item: B202_D41.BPL
INI Val: 1
INI Old: 1
INI File: C:\WINNT\FINISH32.INI
INI Sect: oldpackages
INI Item: B202_D50.BPL
INI Val: 1
INI Old: 1
INI File: C:\WINNT\FINISH32.INI
INI Sect: oldpackages
INI Item: B203_D30.DPL
INI Val: 1
INI Old: 1
INI File: C:\WINNT\FINISH32.INI
INI Sect: oldpackages
INI Item: B203_D35.BPL
INI Val: 1
INI Old: 1
INI File: C:\WINNT\FINISH32.INI
INI Sect: oldpackages
INI Item: B203_D40.BPL
INI Val: 1
INI Old: 1
INI File: C:\WINNT\FINISH32.INI
INI Sect: oldpackages
INI Item: B203_D41.BPL
INI Val: 1
INI Old: 1
INI File: C:\WINNT\FINISH32.INI
INI Sect: oldpackages
INI Item: B203_D50.BPL
INI Val: 1
INI Old: 1
INI File: C:\WINNT\FINISH32.INI
INI Sect: oldpackages
INI Item: B203_D51.BPL
INI Val: 1
INI Old: 1
INI File: C:\WINNT\FINISH32.INI
INI Sect: oldpackages
INI Item: B204_D30.DPL
INI Val: 1
INI Old: 1
INI File: C:\WINNT\FINISH32.INI
INI Sect: oldpackages
INI Item: B204_D35.BPL
INI Val: 1
INI Old: 1
INI File: C:\WINNT\FINISH32.INI
INI Sect: oldpackages
INI Item: B204_D40.BPL
INI Val: 1
INI Old: 1
INI File: C:\WINNT\FINISH32.INI
INI Sect: oldpackages
INI Item: B204_D41.BPL
INI Val: 1
INI Old: 1
INI File: C:\WINNT\FINISH32.INI
INI Sect: oldpackages
INI Item: B204_D50.BPL
INI Val: 1
INI Old: 1
INI File: C:\WINNT\FINISH32.INI
INI Sect: oldpackages
INI Item: B204_D51.BPL
INI Val: 1
INI Old: 1
INI File: C:\WINNT\FINISH32.INI
INI Sect: oldpackages
INI Item: TAB100_T.DPL
INI Val: 1
INI Old: 1
INI File: C:\WINNT\FINISH32.INI
INI Sect: oldpackages
INI Item: TAB101_T.DPL
INI Val: 1
INI Old: 1
INI File: C:\WINNT\FINISH32.INI
INI Sect: oldpackages
INI Item: TAB102_T.DPL
INI Val: 1
INI Old: 1
INI File: C:\WINNT\FINISH32.INI
INI Sect: oldpackages
INI Item: TAB103_T.DPL
INI Val: 1
INI Old: 1
INI File: C:\WINNT\FINISH32.INI
INI Sect: oldpackages
INI Item: TAB104_T.DPL
INI Val: 1
INI Old: 1
INI File: C:\WINNT\FINISH32.INI
INI Sect: oldpackages
INI Item: TAB105_T.DPL
INI Val: 1
INI Old: 1
INI File: C:\WINNT\FINISH32.INI
INI Sect: oldpackages
INI Item: TAB100_T.BPL
INI Val: 1
INI Old: 1
INI File: C:\WINNT\FINISH32.INI
INI Sect: oldpackages
INI Item: TAB101_T.BPL
INI Val: 1
INI Old: 1
INI File: C:\WINNT\FINISH32.INI
INI Sect: oldpackages
INI Item: TAB102_T.BPL
INI Val: 1
INI Old: 1
INI File: C:\WINNT\FINISH32.INI
INI Sect: oldpackages
INI Item: TAB103_T.BPL
INI Val: 1
INI Old: 1
INI File: C:\WINNT\FINISH32.INI
INI Sect: oldpackages
INI Item: TAB104_T.BPL
INI Val: 1
INI Old: 1
INI File: C:\WINNT\FINISH32.INI
INI Sect: oldpackages
INI Item: TAB105_T.BPL
INI Val: 1
INI Old: 1
INI File: C:\WINNT\FINISH32.INI
INI Sect: oldpackages
INI Item: B105_T30.DPL
INI Val: 1
INI Old: 1
INI File: C:\WINNT\FINISH32.INI
INI Sect: oldpackages
INI Item: B105_T35.BPL
INI Val: 1
INI Old: 1
INI File: C:\WINNT\FINISH32.INI
INI Sect: oldpackages
INI Item: B105_T40.BPL
INI Val: 1
INI Old: 1
INI File: C:\WINNT\FINISH32.INI
INI Sect: oldpackages
INI Item: B106_T30.DPL
INI Val: 1
INI Old: 1
INI File: C:\WINNT\FINISH32.INI
INI Sect: oldpackages
INI Item: B106_T35.BPL
INI Val: 1
INI Old: 1
INI File: C:\WINNT\FINISH32.INI
INI Sect: oldpackages
INI Item: B106_T40.BPL
INI Val: 1
INI Old: 1
INI File: C:\WINNT\FINISH32.INI
INI Sect: oldpackages
INI Item: B107_T30.DPL
INI Val: 1
INI Old: 1
INI File: C:\WINNT\FINISH32.INI
INI Sect: oldpackages
INI Item: B107_T35.BPL
INI Val: 1
INI Old: 1
INI File: C:\WINNT\FINISH32.INI
INI Sect: oldpackages
INI Item: B107_T40.BPL
INI Val: 1
INI Old: 1
INI File: C:\WINNT\FINISH32.INI
INI Sect: oldpackages
INI Item: B108_T30.DPL
INI Val: 1
INI Old: 1
INI File: C:\WINNT\FINISH32.INI
INI Sect: oldpackages
INI Item: B108_T35.BPL
INI Val: 1
INI Old: 1
INI File: C:\WINNT\FINISH32.INI
INI Sect: oldpackages
INI Item: B108_T40.BPL
INI Val: 1
INI Old: 1
INI File: C:\WINNT\FINISH32.INI
INI Sect: oldpackages
INI Item: B200_T30.DPL
INI Val: 1
INI Old: 1
INI File: C:\WINNT\FINISH32.INI
INI Sect: oldpackages
INI Item: B200_T35.BPL
INI Val: 1
INI Old: 1
INI File: C:\WINNT\FINISH32.INI
INI Sect: oldpackages
INI Item: B200_T40.BPL
INI Val: 1
INI Old: 1
INI File: C:\WINNT\FINISH32.INI
INI Sect: oldpackages
INI Item: B201_T30.DPL
INI Val: 1
INI Old: 1
INI File: C:\WINNT\FINISH32.INI
INI Sect: oldpackages
INI Item: B201_T35.BPL
INI Val: 1
INI Old: 1
INI File: C:\WINNT\FINISH32.INI
INI Sect: oldpackages
INI Item: B201_T40.BPL
INI Val: 1
INI Old: 1
INI File: C:\WINNT\FINISH32.INI
INI Sect: oldpackages
INI Item: B201_T41.BPL
INI Val: 1
INI Old: 1
INI File: C:\WINNT\FINISH32.INI
INI Sect: oldpackages
INI Item: B202_T30.DPL
INI Val: 1
INI Old: 1
INI File: C:\WINNT\FINISH32.INI
INI Sect: oldpackages
INI Item: B202_T35.BPL
INI Val: 1
INI Old: 1
INI File: C:\WINNT\FINISH32.INI
INI Sect: oldpackages
INI Item: B202_T40.BPL
INI Val: 1
INI Old: 1
INI File: C:\WINNT\FINISH32.INI
INI Sect: oldpackages
INI Item: B202_T41.BPL
INI Val: 1
INI Old: 1
INI File: C:\WINNT\FINISH32.INI
INI Sect: oldpackages
INI Item: B202_T50.BPL
INI Val: 1
INI Old: 1
INI File: C:\WINNT\FINISH32.INI
INI Sect: oldpackages
INI Item: B203_T30.DPL
INI Val: 1
INI Old: 1
INI File: C:\WINNT\FINISH32.INI
INI Sect: oldpackages
INI Item: B203_T35.BPL
INI Val: 1
INI Old: 1
INI File: C:\WINNT\FINISH32.INI
INI Sect: oldpackages
INI Item: B203_T40.BPL
INI Val: 1
INI Old: 1
INI File: C:\WINNT\FINISH32.INI
INI Sect: oldpackages
INI Item: B203_T41.BPL
INI Val: 1
INI Old: 1
INI File: C:\WINNT\FINISH32.INI
INI Sect: oldpackages
INI Item: B203_T50.BPL
INI Val: 1
INI Old: 1
INI File: C:\WINNT\FINISH32.INI
INI Sect: oldpackages
INI Item: B203_T51.BPL
INI Val: 1
INI Old: 1
INI File: C:\WINNT\FINISH32.INI
INI Sect: oldpackages
INI Item: B204_T30.DPL
INI Val: 1
INI Old: 1
INI File: C:\WINNT\FINISH32.INI
INI Sect: oldpackages
INI Item: B204_T35.BPL
INI Val: 1
INI Old: 1
INI File: C:\WINNT\FINISH32.INI
INI Sect: oldpackages
INI Item: B204_T40.BPL
INI Val: 1
INI Old: 1
INI File: C:\WINNT\FINISH32.INI
INI Sect: oldpackages
INI Item: B204_T41.BPL
INI Val: 1
INI Old: 1
INI File: C:\WINNT\FINISH32.INI
INI Sect: oldpackages
INI Item: B204_T50.BPL
INI Val: 1
INI Old: 1
INI File: C:\WINNT\FINISH32.INI
INI Sect: oldpackages
INI Item: B204_T51.BPL
INI Val: 1
INI Old: 1
INI File: C:\WINNT\FINISH32.INI
INI Sect: oldpackages
INI Item: B300_D30.DPL
INI Val: 1
INI Old: 1
INI File: C:\WINNT\FINISH32.INI
INI Sect: oldpackages
INI Item: B300_D35.BPL
INI Val: 1
INI Old: 1
INI File: C:\WINNT\FINISH32.INI
INI Sect: oldpackages
INI Item: B300_D40.BPL
INI Val: 1
INI Old: 1
INI File: C:\WINNT\FINISH32.INI
INI Sect: oldpackages
INI Item: B300_D41.BPL
INI Val: 1
INI Old: 1
INI File: C:\WINNT\FINISH32.INI
INI Sect: oldpackages
INI Item: B300_D50.BPL
INI Val: 1
INI Old: 1
INI File: C:\WINNT\FINISH32.INI
INI Sect: oldpackages
INI Item: B300_D51.BPL
INI Val: 1
INI Old: 1
INI File: C:\WINNT\FINISH32.INI
INI Sect: oldpackages
INI Item: B300_D60.BPL
INI Val: 1
INI Old: 1
INI File: C:\WINNT\FINISH32.INI
INI Sect: oldpackages
INI Item: B300VD60.BPL
INI Val: 1
INI Old: 1
INI File: C:\WINNT\FINISH32.INI
INI Sect: oldpackages
INI Item: B300CD60.BPL
INI Val: 1
INI Old: 1
INI File: C:\WINNT\FINISH32.INI
INI Sect: oldpackages
INI Item: B300_T30.DPL
INI Val: 1
INI Old: 1
INI File: C:\WINNT\FINISH32.INI
INI Sect: oldpackages
INI Item: B300_T35.BPL
INI Val: 1
INI Old: 1
INI File: C:\WINNT\FINISH32.INI
INI Sect: oldpackages
INI Item: B300_T40.BPL
INI Val: 1
INI Old: 1
INI File: C:\WINNT\FINISH32.INI
INI Sect: oldpackages
INI Item: B300_T41.BPL
INI Val: 1
INI Old: 1
INI File: C:\WINNT\FINISH32.INI
INI Sect: oldpackages
INI Item: B300_T50.BPL
INI Val: 1
INI Old: 1
INI File: C:\WINNT\FINISH32.INI
INI Sect: oldpackages
INI Item: B300_T51.BPL
INI Val: 1
INI Old: 1
INI File: C:\WINNT\FINISH32.INI
INI Sect: oldpackages
INI Item: B300_T60.BPL
INI Val: 1
INI Old: 1
INI File: C:\WINNT\FINISH32.INI
INI Sect: oldpackages
INI Item: B301_D30.DPL
INI Val: 1
INI Old: 1
INI File: C:\WINNT\FINISH32.INI
INI Sect: oldpackages
INI Item: B301_D35.BPL
INI Val: 1
INI Old: 1
INI File: C:\WINNT\FINISH32.INI
INI Sect: oldpackages
INI Item: B301_D40.BPL
INI Val: 1
INI Old: 1
INI File: C:\WINNT\FINISH32.INI
INI Sect: oldpackages
INI Item: B301_D41.BPL
INI Val: 1
INI Old: 1
INI File: C:\WINNT\FINISH32.INI
INI Sect: oldpackages
INI Item: B301_D50.BPL
INI Val: 1
INI Old: 1
INI File: C:\WINNT\FINISH32.INI
INI Sect: oldpackages
INI Item: B301_D51.BPL
INI Val: 1
INI Old: 1
INI File: C:\WINNT\FINISH32.INI
INI Sect: oldpackages
INI Item: B301_D60.BPL
INI Val: 1
INI Old: 1
INI File: C:\WINNT\FINISH32.INI
INI Sect: oldpackages
INI Item: B301VD60.BPL
INI Val: 1
INI Old: 1
INI File: C:\WINNT\FINISH32.INI
INI Sect: oldpackages
INI Item: B301CD60.BPL
INI Val: 1
INI Old: 1
INI File: C:\WINNT\FINISH32.INI
INI Sect: oldpackages
INI Item: B301_T30.DPL
INI Val: 1
INI Old: 1
INI File: C:\WINNT\FINISH32.INI
INI Sect: oldpackages
INI Item: B301_T35.BPL
INI Val: 1
INI Old: 1
INI File: C:\WINNT\FINISH32.INI
INI Sect: oldpackages
INI Item: B301_T40.BPL
INI Val: 1
INI Old: 1
INI File: C:\WINNT\FINISH32.INI
INI Sect: oldpackages
INI Item: B301_T41.BPL
INI Val: 1
INI Old: 1
INI File: C:\WINNT\FINISH32.INI
INI Sect: oldpackages
INI Item: B301_T50.BPL
INI Val: 1
INI Old: 1
INI File: C:\WINNT\FINISH32.INI
INI Sect: oldpackages
INI Item: B301_T51.BPL
INI Val: 1
INI Old: 1
INI File: C:\WINNT\FINISH32.INI
INI Sect: oldpackages
INI Item: B301_T60.BPL
INI Val: 1
INI Old: 1
INI File: C:\WINNT\FINISH32.INI
INI Sect: compilers
INI Item: InstallD5
INI Val: 1
INI Old: 0
INI File: C:\WINNT\FINISH32.INI
INI Sect: compilers
INI Item: InstallD6
INI Val: 1
INI Old: 0
File Overwrite: X:\COMPON\TPOWER\ABBREV.302\AbZipTyp.pas
Backup Copy: TurboPower\Abbrevia\Backup\AbZipTyp.pas
File Overwrite: X:\COMPON\TPOWER\ABBREV.302\AbUnzPrc.pas
Backup Copy: TurboPower\Abbrevia\Backup\AbUnzPrc.pas
File Overwrite: X:\COMPON\TPOWER\ABBREV.302\AbUtils.pas
Backup Copy: TurboPower\Abbrevia\Backup\AbUtils.pas
File Overwrite: X:\COMPON\TPOWER\ABBREV.302\AbUnzper.pas
Backup Copy: TurboPower\Abbrevia\Backup\AbUnzper.pas
File Overwrite: X:\COMPON\TPOWER\ABBREV.302\AbZBrows.pas
Backup Copy: TurboPower\Abbrevia\Backup\AbZBrows.pas
File Overwrite: X:\COMPON\TPOWER\ABBREV.302\AbArcTyp.pas
Backup Copy: TurboPower\Abbrevia\Backup\AbArcTyp.pas
File Overwrite: X:\COMPON\TPOWER\ABBREV.302\AbZipKit.pas
Backup Copy: TurboPower\Abbrevia\Backup\AbZipKit.pas
File Overwrite: X:\COMPON\TPOWER\ABBREV.302\AbZipper.pas
Backup Copy: TurboPower\Abbrevia\Backup\AbZipper.pas
File Overwrite: X:\COMPON\TPOWER\ABBREV.302\AbExcept.pas
Backup Copy: TurboPower\Abbrevia\Backup\AbExcept.pas
File Overwrite: X:\COMPON\TPOWER\ABBREV.302\AbZipPrc.pas
Backup Copy: TurboPower\Abbrevia\Backup\AbZipPrc.pas
File Overwrite: X:\COMPON\TPOWER\ABBREV.302\AbDfDec.pas
Backup Copy: TurboPower\Abbrevia\Backup\AbDfDec.pas
File Overwrite: X:\COMPON\TPOWER\ABBREV.302\AbDfEnc.pas
Backup Copy: TurboPower\Abbrevia\Backup\AbDfEnc.pas
File Overwrite: X:\COMPON\TPOWER\ABBREV.302\AbGZTyp.pas
Backup Copy: TurboPower\Abbrevia\Backup\AbGZTyp.pas
File Overwrite: X:\COMPON\TPOWER\ABBREV.302\AbTarTyp.pas
Backup Copy: TurboPower\Abbrevia\Backup\AbTarTyp.pas
File Overwrite: X:\COMPON\TPOWER\ABBREV.302\AbBase.pas
Backup Copy: TurboPower\Abbrevia\Backup\AbBase.pas
File Overwrite: X:\COMPON\TPOWER\ABBREV.302\AbBrowse.pas
Backup Copy: TurboPower\Abbrevia\Backup\AbBrowse.pas
File Overwrite: X:\COMPON\TPOWER\ABBREV.302\AbCabExt.pas
Backup Copy: TurboPower\Abbrevia\Backup\AbCabExt.pas
File Overwrite: X:\COMPON\TPOWER\ABBREV.302\AbCabKit.pas
Backup Copy: TurboPower\Abbrevia\Backup\AbCabKit.pas
File Overwrite: X:\COMPON\TPOWER\ABBREV.302\AbCabMak.pas
Backup Copy: TurboPower\Abbrevia\Backup\AbCabMak.pas
File Overwrite: X:\COMPON\TPOWER\ABBREV.302\AbCabTyp.pas
Backup Copy: TurboPower\Abbrevia\Backup\AbCabTyp.pas
File Overwrite: X:\COMPON\TPOWER\ABBREV.302\AbCBrows.pas
Backup Copy: TurboPower\Abbrevia\Backup\AbCBrows.pas
File Overwrite: X:\COMPON\TPOWER\ABBREV.302\AbCView.pas
Backup Copy: TurboPower\Abbrevia\Backup\AbCView.pas
File Overwrite: X:\COMPON\TPOWER\ABBREV.302\AbFciFdi.pas
Backup Copy: TurboPower\Abbrevia\Backup\AbFciFdi.pas
File Overwrite: X:\COMPON\TPOWER\ABBREV.302\AbMeter.pas
Backup Copy: TurboPower\Abbrevia\Backup\AbMeter.pas
File Overwrite: X:\COMPON\TPOWER\ABBREV.302\AbSelfEx.pas
Backup Copy: TurboPower\Abbrevia\Backup\AbSelfEx.pas
File Overwrite: X:\COMPON\TPOWER\ABBREV.302\AbView.pas
Backup Copy: TurboPower\Abbrevia\Backup\AbView.pas
File Overwrite: X:\COMPON\TPOWER\ABBREV.302\AbZipExt.pas
Backup Copy: TurboPower\Abbrevia\Backup\AbZipExt.pas
File Overwrite: X:\COMPON\TPOWER\ABBREV.302\AbZView.pas
Backup Copy: TurboPower\Abbrevia\Backup\AbZView.pas
File Overwrite: X:\COMPON\TPOWER\ABBREV.302\AbDlgDir.pas
Backup Copy: TurboPower\Abbrevia\Backup\AbDlgDir.pas
File Overwrite: X:\COMPON\TPOWER\ABBREV.302\AbConst.pas
Backup Copy: TurboPower\Abbrevia\Backup\AbConst.pas
File Overwrite: X:\COMPON\TPOWER\ABBREV.302\AbPePass.pas
Backup Copy: TurboPower\Abbrevia\Backup\AbPePass.pas
File Overwrite: X:\COMPON\TPOWER\ABBREV.302\AbZipOut.rc
File Overwrite: X:\COMPON\TPOWER\ABBREV.302\abreg.res
File Overwrite: X:\COMPON\TPOWER\ABBREV.302\AbPeCol.pas
Backup Copy: TurboPower\Abbrevia\Backup\AbPeCol.pas
File Overwrite: X:\COMPON\TPOWER\ABBREV.302\AbPeVer.pas
Backup Copy: TurboPower\Abbrevia\Backup\AbPeVer.pas
File Overwrite: X:\COMPON\TPOWER\ABBREV.302\AbDlgPwd.pas
Backup Copy: TurboPower\Abbrevia\Backup\AbDlgPwd.pas
File Overwrite: X:\COMPON\TPOWER\ABBREV.302\AbPeDir.pas
Backup Copy: TurboPower\Abbrevia\Backup\AbPeDir.pas
File Overwrite: X:\COMPON\TPOWER\ABBREV.302\AbPeFn.pas
Backup Copy: TurboPower\Abbrevia\Backup\AbPeFn.pas
File Overwrite: X:\COMPON\TPOWER\ABBREV.302\AbBitBkt.pas
Backup Copy: TurboPower\Abbrevia\Backup\AbBitBkt.pas
File Overwrite: X:\COMPON\TPOWER\ABBREV.302\AbVMStrm.pas
Backup Copy: TurboPower\Abbrevia\Backup\AbVMStrm.pas
File Overwrite: X:\COMPON\TPOWER\ABBREV.302\AbZipOut.pas
Backup Copy: TurboPower\Abbrevia\Backup\AbZipOut.pas
File Overwrite: X:\COMPON\TPOWER\ABBREV.302\abreg.pas
Backup Copy: TurboPower\Abbrevia\Backup\abreg.pas
File Overwrite: X:\COMPON\TPOWER\ABBREV.302\AbDefine.inc
Backup Copy: TurboPower\Abbrevia\Backup\AbDefine.inc
File Overwrite: X:\COMPON\TPOWER\ABBREV.302\AbDlgDir.dfm
File Overwrite: X:\COMPON\TPOWER\ABBREV.302\AbDlgPwd.dfm
File Overwrite: X:\COMPON\TPOWER\ABBREV.302\AbPeCol.dfm
File Overwrite: X:\COMPON\TPOWER\ABBREV.302\AbPeVer.dfm
Backup Copy: TurboPower\Abbrevia\Backup\AbPeVer.dfm
File Copy: X:\COMPON\TPOWER\ABBREV.302\Abtrial.dfm
File Overwrite: X:\COMPON\TPOWER\ABBREV.302\AbQDgDir.xfm
File Overwrite: X:\COMPON\TPOWER\ABBREV.302\AbQDgPwd.xfm
File Overwrite: X:\COMPON\TPOWER\ABBREV.302\AbQPeCol.xfm
File Overwrite: X:\COMPON\TPOWER\ABBREV.302\AbQPeVer.xfm
Backup Copy: TurboPower\Abbrevia\Backup\AbQPeVer.xfm
File Overwrite: X:\COMPON\TPOWER\ABBREV.302\abreg.res
File Overwrite: X:\COMPON\TPOWER\ABBREV.302\AbZipOut.r32
File Overwrite: X:\COMPON\TPOWER\ABBREV.302\abbseclx.pas
Backup Copy: TurboPower\Abbrevia\Backup\abbseclx.pas
File Overwrite: X:\COMPON\TPOWER\ABBREV.302\abbsevcl.pas
Backup Copy: TurboPower\Abbrevia\Backup\abbsevcl.pas
File Overwrite: X:\COMPON\TPOWER\ABBREV.302\AbCompnd.pas
Backup Copy: TurboPower\Abbrevia\Backup\AbCompnd.pas
File Overwrite: X:\COMPON\TPOWER\ABBREV.302\AbDfBase.pas
Backup Copy: TurboPower\Abbrevia\Backup\AbDfBase.pas
File Overwrite: X:\COMPON\TPOWER\ABBREV.302\AbDfCryS.pas
Backup Copy: TurboPower\Abbrevia\Backup\AbDfCryS.pas
File Overwrite: X:\COMPON\TPOWER\ABBREV.302\AbDfHufD.pas
Backup Copy: TurboPower\Abbrevia\Backup\AbDfHufD.pas
File Overwrite: X:\COMPON\TPOWER\ABBREV.302\AbDfInW.pas
Backup Copy: TurboPower\Abbrevia\Backup\AbDfInW.pas
File Overwrite: X:\COMPON\TPOWER\ABBREV.302\AbDfOutW.pas
Backup Copy: TurboPower\Abbrevia\Backup\AbDfOutW.pas
File Overwrite: X:\COMPON\TPOWER\ABBREV.302\AbDfPkMg.pas
Backup Copy: TurboPower\Abbrevia\Backup\AbDfPkMg.pas
File Overwrite: X:\COMPON\TPOWER\ABBREV.302\AbDfStrm.pas
Backup Copy: TurboPower\Abbrevia\Backup\AbDfStrm.pas
File Overwrite: X:\COMPON\TPOWER\ABBREV.302\AbDfXlat.pas
Backup Copy: TurboPower\Abbrevia\Backup\AbDfXlat.pas
File Overwrite: X:\COMPON\TPOWER\ABBREV.302\AbHexVw.pas
Backup Copy: TurboPower\Abbrevia\Backup\AbHexVw.pas
File Overwrite: X:\COMPON\TPOWER\ABBREV.302\AbQCmpnd.pas
Backup Copy: TurboPower\Abbrevia\Backup\AbQCmpnd.pas
File Overwrite: X:\COMPON\TPOWER\ABBREV.302\AbQCView.pas
Backup Copy: TurboPower\Abbrevia\Backup\AbQCView.pas
File Overwrite: X:\COMPON\TPOWER\ABBREV.302\AbQDgDir.pas
Backup Copy: TurboPower\Abbrevia\Backup\AbQDgDir.pas
File Overwrite: X:\COMPON\TPOWER\ABBREV.302\AbQDgPwd.pas
Backup Copy: TurboPower\Abbrevia\Backup\AbQDgPwd.pas
File Overwrite: X:\COMPON\TPOWER\ABBREV.302\AbQMeter.pas
Backup Copy: TurboPower\Abbrevia\Backup\AbQMeter.pas
File Overwrite: X:\COMPON\TPOWER\ABBREV.302\AbQPeCol.pas
Backup Copy: TurboPower\Abbrevia\Backup\AbQPeCol.pas
File Overwrite: X:\COMPON\TPOWER\ABBREV.302\AbQPeDir.pas
Backup Copy: TurboPower\Abbrevia\Backup\AbQPeDir.pas
File Overwrite: X:\COMPON\TPOWER\ABBREV.302\AbQPeFn.pas
Backup Copy: TurboPower\Abbrevia\Backup\AbQPeFn.pas
File Overwrite: X:\COMPON\TPOWER\ABBREV.302\AbQPePas.pas
Backup Copy: TurboPower\Abbrevia\Backup\AbQPePas.pas
File Overwrite: X:\COMPON\TPOWER\ABBREV.302\AbQPeVer.pas
Backup Copy: TurboPower\Abbrevia\Backup\AbQPeVer.pas
File Overwrite: X:\COMPON\TPOWER\ABBREV.302\AbQView.pas
Backup Copy: TurboPower\Abbrevia\Backup\AbQView.pas
File Overwrite: X:\COMPON\TPOWER\ABBREV.302\AbQZpOut.pas
Backup Copy: TurboPower\Abbrevia\Backup\AbQZpOut.pas
File Overwrite: X:\COMPON\TPOWER\ABBREV.302\AbQZView.pas
Backup Copy: TurboPower\Abbrevia\Backup\AbQZView.pas
File Overwrite: X:\COMPON\TPOWER\ABBREV.302\AbRegClx.pas
Backup Copy: TurboPower\Abbrevia\Backup\AbRegClx.pas
File Overwrite: X:\COMPON\TPOWER\ABBREV.302\AbRegLinux.pas
Backup Copy: TurboPower\Abbrevia\Backup\AbRegLinux.pas
File Overwrite: X:\COMPON\TPOWER\ABBREV.302\AbRegVcl.pas
Backup Copy: TurboPower\Abbrevia\Backup\AbRegVcl.pas
File Overwrite: X:\COMPON\TPOWER\ABBREV.302\AbReg.pas
File Overwrite: X:\COMPON\TPOWER\ABBREV.302\AbSpanSt.pas
Backup Copy: TurboPower\Abbrevia\Backup\AbSpanSt.pas
File Overwrite: X:\COMPON\TPOWER\ABBREV.302\AbBseCLX.pas
File Overwrite: X:\COMPON\TPOWER\ABBREV.302\AbBseVCL.pas
File Overwrite: X:\COMPON\TPOWER\ABBREV.302\AbZLTyp.pas
Backup Copy: TurboPower\Abbrevia\Backup\AbZLTyp.pas
File Overwrite: X:\COMPON\TPOWER\ABBREV.302\AbCompnd.inc
Backup Copy: TurboPower\Abbrevia\Backup\AbCompnd.inc
File Overwrite: X:\COMPON\TPOWER\ABBREV.302\AbCView.inc
Backup Copy: TurboPower\Abbrevia\Backup\AbCView.inc
File Overwrite: X:\COMPON\TPOWER\ABBREV.302\AbDlgDir.inc
Backup Copy: TurboPower\Abbrevia\Backup\AbDlgDir.inc
File Overwrite: X:\COMPON\TPOWER\ABBREV.302\AbDlgPwd.inc
Backup Copy: TurboPower\Abbrevia\Backup\AbDlgPwd.inc
File Overwrite: X:\COMPON\TPOWER\ABBREV.302\AbMeter.inc
Backup Copy: TurboPower\Abbrevia\Backup\AbMeter.inc
File Overwrite: X:\COMPON\TPOWER\ABBREV.302\AbPeCol.inc
Backup Copy: TurboPower\Abbrevia\Backup\AbPeCol.inc
File Overwrite: X:\COMPON\TPOWER\ABBREV.302\AbPeDir.inc
Backup Copy: TurboPower\Abbrevia\Backup\AbPeDir.inc
File Overwrite: X:\COMPON\TPOWER\ABBREV.302\AbPeFn.inc
Backup Copy: TurboPower\Abbrevia\Backup\AbPeFn.inc
File Overwrite: X:\COMPON\TPOWER\ABBREV.302\AbPePass.inc
Backup Copy: TurboPower\Abbrevia\Backup\AbPePass.inc
File Overwrite: X:\COMPON\TPOWER\ABBREV.302\AbPeVer.inc
Backup Copy: TurboPower\Abbrevia\Backup\AbPeVer.inc
File Overwrite: X:\COMPON\TPOWER\ABBREV.302\AbView.inc
Backup Copy: TurboPower\Abbrevia\Backup\AbView.inc
File Overwrite: X:\COMPON\TPOWER\ABBREV.302\AbZipOut.inc
Backup Copy: TurboPower\Abbrevia\Backup\AbZipOut.inc
File Overwrite: X:\COMPON\TPOWER\ABBREV.302\AbZView.inc
Backup Copy: TurboPower\Abbrevia\Backup\AbZView.inc
File Overwrite: X:\COMPON\TPOWER\ABBREV.302\AbZipCry.pas
Backup Copy: TurboPower\Abbrevia\Backup\AbZipCry.pas
File Overwrite: X:\COMPON\TPOWER\ABBREV.302\Abswstm.pas
Backup Copy: TurboPower\Abbrevia\Backup\Abswstm.pas
File Overwrite: X:\COMPON\TPOWER\ABBREV.302\AbVMStrm.pas
File Overwrite: X:\COMPON\TPOWER\ABBREV.302\README.HLP
File Overwrite: X:\COMPON\TPOWER\ABBREV.302\README.CNT
File Copy: X:\COMPON\TPOWER\ABBREV.302\license.pdf
File Overwrite: X:\COMPON\TPOWER\ABBREV.302\Redist\deploy.hlp
File Copy: X:\COMPON\TPOWER\ABBREV.302\B302_r50.res
File Copy: X:\COMPON\TPOWER\ABBREV.302\B302_r50.dpk
File Copy: X:\COMPON\TPOWER\ABBREV.302\B302_r50.dcp
File Copy: X:\COMPON\TPOWER\ABBREV.302\B302_r50.bpl
File Copy: X:\COMPON\TPOWER\ABBREV.302\B302_d50.res
File Copy: X:\COMPON\TPOWER\ABBREV.302\B302_d50.dpk
File Copy: X:\COMPON\TPOWER\ABBREV.302\B302_d50.bpl
File Copy: X:\COMPON\TPOWER\ABBREV.302\Redist\B302_r50.bpl
File Copy: d:\program files\borland\Delphi5\Projects\Bpl\B302_r50.bpl
File Copy: d:\program files\borland\Delphi5\Projects\Bpl\B302_d50.bpl
File Copy: d:\program files\borland\Delphi5\Projects\Bpl\B302_r50.dcp
File Copy: X:\COMPON\TPOWER\ABBREV.302\B302vr60.res
File Copy: X:\COMPON\TPOWER\ABBREV.302\B302vr60.dpk
File Copy: X:\COMPON\TPOWER\ABBREV.302\B302vr60.dcp
File Copy: X:\COMPON\TPOWER\ABBREV.302\B302vd60.res
File Copy: X:\COMPON\TPOWER\ABBREV.302\B302vr60.bpl
File Copy: X:\COMPON\TPOWER\ABBREV.302\B302vd60.dpk
File Copy: X:\COMPON\TPOWER\ABBREV.302\B302vd60.bpl
File Copy: X:\COMPON\TPOWER\ABBREV.302\B302_r60.bpl
File Copy: X:\COMPON\TPOWER\ABBREV.302\B302_r60.dpk
File Copy: X:\COMPON\TPOWER\ABBREV.302\B302_r60.res
File Copy: X:\COMPON\TPOWER\ABBREV.302\B302_r60.dcp
File Copy: X:\COMPON\TPOWER\ABBREV.302\Redist\B302vr60.bpl
File Copy: D:\Program Files\BORLAND\Delphi6\Projects\Bpl\B302vr60.bpl
File Copy: D:\Program Files\BORLAND\Delphi6\Projects\Bpl\B302vd60.bpl
File Copy: D:\Program Files\BORLAND\Delphi6\Projects\Bpl\B302vr60.dcp
File Copy: D:\Program Files\BORLAND\Delphi6\Projects\Bpl\B302_r60.bpl
File Copy: D:\Program Files\BORLAND\Delphi6\Projects\Bpl\B302_r60.dcp
File Copy: X:\COMPON\TPOWER\ABBREV.302\B302cr60.res
File Copy: X:\COMPON\TPOWER\ABBREV.302\B302cr60.dpk
File Copy: X:\COMPON\TPOWER\ABBREV.302\B302cr60.dcp
File Copy: X:\COMPON\TPOWER\ABBREV.302\B302cr60.bpl
File Copy: X:\COMPON\TPOWER\ABBREV.302\B302cd60.res
File Copy: X:\COMPON\TPOWER\ABBREV.302\B302cd60.dpk
File Copy: X:\COMPON\TPOWER\ABBREV.302\B302cd60.bpl
File Copy: X:\COMPON\TPOWER\ABBREV.302\Redist\B302cr60.bpl
File Copy: D:\Program Files\BORLAND\Delphi6\Projects\Bpl\B302cr60.bpl
File Copy: D:\Program Files\BORLAND\Delphi6\Projects\Bpl\B302cd60.bpl
File Copy: D:\Program Files\BORLAND\Delphi6\Projects\Bpl\B302cr60.dcp
File Overwrite: X:\COMPON\TPOWER\ABBREV.302\Examples\Delphi\Abbrexam.dpr
File Overwrite: X:\COMPON\TPOWER\ABBREV.302\Examples\Delphi\BASEDLGU.dfb
File Overwrite: X:\COMPON\TPOWER\ABBREV.302\Examples\Delphi\BASEDLGU.DFM
File Overwrite: X:\COMPON\TPOWER\ABBREV.302\Examples\Delphi\BASEDLGU.dft
File Overwrite: X:\COMPON\TPOWER\ABBREV.302\Examples\Delphi\BaseDlgu.pas
File Overwrite: X:\COMPON\TPOWER\ABBREV.302\Examples\Delphi\CabExt.dpr
File Overwrite: X:\COMPON\TPOWER\ABBREV.302\Examples\Delphi\CabExt1.dfb
File Overwrite: X:\COMPON\TPOWER\ABBREV.302\Examples\Delphi\CabExt1.dfm
File Overwrite: X:\COMPON\TPOWER\ABBREV.302\Examples\Delphi\CabExt1.dft
File Overwrite: X:\COMPON\TPOWER\ABBREV.302\Examples\Delphi\CabExt1.pas
Backup Copy: TurboPower\Abbrevia\Backup\CabExt1.pas
File Overwrite: X:\COMPON\TPOWER\ABBREV.302\Examples\Delphi\CabFind.dpr
File Overwrite: X:\COMPON\TPOWER\ABBREV.302\Examples\Delphi\CabFind1.dfb
File Overwrite: X:\COMPON\TPOWER\ABBREV.302\Examples\Delphi\CabFind1.dfm
File Overwrite: X:\COMPON\TPOWER\ABBREV.302\Examples\Delphi\CabFind1.dft
File Overwrite: X:\COMPON\TPOWER\ABBREV.302\Examples\Delphi\CabFind1.pas
Backup Copy: TurboPower\Abbrevia\Backup\CabFind1.pas
File Overwrite: X:\COMPON\TPOWER\ABBREV.302\Examples\Delphi\CabView.dpr
File Overwrite: X:\COMPON\TPOWER\ABBREV.302\Examples\Delphi\CabView1.dfb
File Overwrite: X:\COMPON\TPOWER\ABBREV.302\Examples\Delphi\CabView1.dfm
File Overwrite: X:\COMPON\TPOWER\ABBREV.302\Examples\Delphi\CabView1.dft
File Overwrite: X:\COMPON\TPOWER\ABBREV.302\Examples\Delphi\CabView1.PAS
Backup Copy: TurboPower\Abbrevia\Backup\CabView1.PAS
File Overwrite: X:\COMPON\TPOWER\ABBREV.302\Examples\Delphi\CompPad.dpr
File Overwrite: X:\COMPON\TPOWER\ABBREV.302\Examples\Delphi\Contents.dpr
File Overwrite: X:\COMPON\TPOWER\ABBREV.302\Examples\Delphi\convert.LOG
Backup Copy: TurboPower\Abbrevia\Backup\convert.LOG
File Overwrite: X:\COMPON\TPOWER\ABBREV.302\Examples\Delphi\Demo.cab
File Overwrite: X:\COMPON\TPOWER\ABBREV.302\Examples\Delphi\DEMO.ZIP
File Overwrite: X:\COMPON\TPOWER\ABBREV.302\Examples\Delphi\dgAbout.dfb
Backup Copy: TurboPower\Abbrevia\Backup\dgAbout.dfb
File Overwrite: X:\COMPON\TPOWER\ABBREV.302\Examples\Delphi\dgAbout.dfm
Backup Copy: TurboPower\Abbrevia\Backup\dgAbout.dfm
File Overwrite: X:\COMPON\TPOWER\ABBREV.302\Examples\Delphi\dgAbout.dft
Backup Copy: TurboPower\Abbrevia\Backup\dgAbout.dft
File Overwrite: X:\COMPON\TPOWER\ABBREV.302\Examples\Delphi\dgAbout.pas
Backup Copy: TurboPower\Abbrevia\Backup\dgAbout.pas
File Overwrite: X:\COMPON\TPOWER\ABBREV.302\Examples\Delphi\ExCBrows.dpr
File Overwrite: X:\COMPON\TPOWER\ABBREV.302\Examples\Delphi\ExCBrowu.dfb
Backup Copy: TurboPower\Abbrevia\Backup\ExCBrowu.dfb
File Overwrite: X:\COMPON\TPOWER\ABBREV.302\Examples\Delphi\ExCBrowu.dfm
Backup Copy: TurboPower\Abbrevia\Backup\ExCBrowu.dfm
File Overwrite: X:\COMPON\TPOWER\ABBREV.302\Examples\Delphi\ExCBrowu.dft
Backup Copy: TurboPower\Abbrevia\Backup\ExCBrowu.dft
File Overwrite: X:\COMPON\TPOWER\ABBREV.302\Examples\Delphi\ExCBrowu.pas
Backup Copy: TurboPower\Abbrevia\Backup\ExCBrowu.pas
File Overwrite: X:\COMPON\TPOWER\ABBREV.302\Examples\Delphi\ExCf.dpr
File Overwrite: X:\COMPON\TPOWER\ABBREV.302\Examples\Delphi\ExCf.res
File Overwrite: X:\COMPON\TPOWER\ABBREV.302\Examples\Delphi\ExFilter.dpr
Backup Copy: TurboPower\Abbrevia\Backup\ExFilter.dpr
File Overwrite: X:\COMPON\TPOWER\ABBREV.302\Examples\Delphi\EXFILTRU.dfb
Backup Copy: TurboPower\Abbrevia\Backup\EXFILTRU.dfb
File Overwrite: X:\COMPON\TPOWER\ABBREV.302\Examples\Delphi\EXFILTRU.DFM
Backup Copy: TurboPower\Abbrevia\Backup\EXFILTRU.DFM
File Overwrite: X:\COMPON\TPOWER\ABBREV.302\Examples\Delphi\EXFILTRU.dft
Backup Copy: TurboPower\Abbrevia\Backup\EXFILTRU.dft
File Overwrite: X:\COMPON\TPOWER\ABBREV.302\Examples\Delphi\ExFiltru.pas
Backup Copy: TurboPower\Abbrevia\Backup\ExFiltru.pas
File Overwrite: X:\COMPON\TPOWER\ABBREV.302\Examples\Delphi\EXZIPPER.DPR
File Overwrite: X:\COMPON\TPOWER\ABBREV.302\Examples\Delphi\EXZIPPRU.dfb
Backup Copy: TurboPower\Abbrevia\Backup\EXZIPPRU.dfb
File Overwrite: X:\COMPON\TPOWER\ABBREV.302\Examples\Delphi\EXZIPPRU.DFM
Backup Copy: TurboPower\Abbrevia\Backup\EXZIPPRU.DFM
File Overwrite: X:\COMPON\TPOWER\ABBREV.302\Examples\Delphi\EXZIPPRU.dft
Backup Copy: TurboPower\Abbrevia\Backup\EXZIPPRU.dft
File Overwrite: X:\COMPON\TPOWER\ABBREV.302\Examples\Delphi\EXZIPPRU.PAS
Backup Copy: TurboPower\Abbrevia\Backup\EXZIPPRU.PAS
File Overwrite: X:\COMPON\TPOWER\ABBREV.302\Examples\Delphi\FCITest1.dfb
File Overwrite: X:\COMPON\TPOWER\ABBREV.302\Examples\Delphi\FCITest1.dfm
File Overwrite: X:\COMPON\TPOWER\ABBREV.302\Examples\Delphi\FCITest1.dft
File Overwrite: X:\COMPON\TPOWER\ABBREV.302\Examples\Delphi\FCITest1.pas
File Overwrite: X:\COMPON\TPOWER\ABBREV.302\Examples\Delphi\Finder.dpr
File Overwrite: X:\COMPON\TPOWER\ABBREV.302\Examples\Delphi\MakeCab.dpr
Backup Copy: TurboPower\Abbrevia\Backup\MakeCab.dpr
File Overwrite: X:\COMPON\TPOWER\ABBREV.302\Examples\Delphi\MakeCab1.dfb
File Overwrite: X:\COMPON\TPOWER\ABBREV.302\Examples\Delphi\MakeCab1.dfm
File Overwrite: X:\COMPON\TPOWER\ABBREV.302\Examples\Delphi\MakeCab1.dft
File Overwrite: X:\COMPON\TPOWER\ABBREV.302\Examples\Delphi\MakeCab1.pas
Backup Copy: TurboPower\Abbrevia\Backup\MakeCab1.pas
File Overwrite: X:\COMPON\TPOWER\ABBREV.302\Examples\Delphi\makesfx.dpr
File Overwrite: X:\COMPON\TPOWER\ABBREV.302\Examples\Delphi\SELFSTBV.DPR
File Overwrite: X:\COMPON\TPOWER\ABBREV.302\Examples\Delphi\SELFSTUB.DPR
Backup Copy: TurboPower\Abbrevia\Backup\SELFSTUB.DPR
File Overwrite: X:\COMPON\TPOWER\ABBREV.302\Examples\Delphi\SLFSTBV1.dfb
Backup Copy: TurboPower\Abbrevia\Backup\SLFSTBV1.dfb
File Overwrite: X:\COMPON\TPOWER\ABBREV.302\Examples\Delphi\SLFSTBV1.DFM
Backup Copy: TurboPower\Abbrevia\Backup\SLFSTBV1.DFM
File Overwrite: X:\COMPON\TPOWER\ABBREV.302\Examples\Delphi\SLFSTBV1.dft
Backup Copy: TurboPower\Abbrevia\Backup\SLFSTBV1.dft
File Overwrite: X:\COMPON\TPOWER\ABBREV.302\Examples\Delphi\SLFSTBV1.PAS
Backup Copy: TurboPower\Abbrevia\Backup\SLFSTBV1.PAS
File Overwrite: X:\COMPON\TPOWER\ABBREV.302\Examples\Delphi\spntst0.dfb
File Overwrite: X:\COMPON\TPOWER\ABBREV.302\Examples\Delphi\spntst0.dfm
File Overwrite: X:\COMPON\TPOWER\ABBREV.302\Examples\Delphi\spntst0.dft
File Overwrite: X:\COMPON\TPOWER\ABBREV.302\Examples\Delphi\spntst0.pas
File Overwrite: X:\COMPON\TPOWER\ABBREV.302\Examples\Delphi\Streams.dpr
Backup Copy: TurboPower\Abbrevia\Backup\Streams.dpr
File Overwrite: X:\COMPON\TPOWER\ABBREV.302\Examples\Delphi\Streams1.dfb
Backup Copy: TurboPower\Abbrevia\Backup\Streams1.dfb
File Overwrite: X:\COMPON\TPOWER\ABBREV.302\Examples\Delphi\Streams1.dfm
Backup Copy: TurboPower\Abbrevia\Backup\Streams1.dfm
File Overwrite: X:\COMPON\TPOWER\ABBREV.302\Examples\Delphi\Streams1.dft
Backup Copy: TurboPower\Abbrevia\Backup\Streams1.dft
File Overwrite: X:\COMPON\TPOWER\ABBREV.302\Examples\Delphi\Streams1.pas
Backup Copy: TurboPower\Abbrevia\Backup\Streams1.pas
File Overwrite: X:\COMPON\TPOWER\ABBREV.302\Examples\Delphi\StrmBmp.dpr
Backup Copy: TurboPower\Abbrevia\Backup\StrmBmp.dpr
File Overwrite: X:\COMPON\TPOWER\ABBREV.302\Examples\Delphi\StrmBmpU.dfb
Backup Copy: TurboPower\Abbrevia\Backup\StrmBmpU.dfb
File Overwrite: X:\COMPON\TPOWER\ABBREV.302\Examples\Delphi\StrmBmpU.dfm
Backup Copy: TurboPower\Abbrevia\Backup\StrmBmpU.dfm
File Overwrite: X:\COMPON\TPOWER\ABBREV.302\Examples\Delphi\StrmBmpU.dft
Backup Copy: TurboPower\Abbrevia\Backup\StrmBmpU.dft
File Overwrite: X:\COMPON\TPOWER\ABBREV.302\Examples\Delphi\StrmBmpU.pas
Backup Copy: TurboPower\Abbrevia\Backup\StrmBmpU.pas
File Overwrite: X:\COMPON\TPOWER\ABBREV.302\Examples\Delphi\StrmPad.dpr
File Overwrite: X:\COMPON\TPOWER\ABBREV.302\Examples\Delphi\TPZip.dpr
File Overwrite: X:\COMPON\TPOWER\ABBREV.302\Examples\Delphi\tpzip.ico
File Overwrite: X:\COMPON\TPOWER\ABBREV.302\Examples\Delphi\tpzip.r32
File Overwrite: X:\COMPON\TPOWER\ABBREV.302\Examples\Delphi\TPZIP.RC
File Overwrite: X:\COMPON\TPOWER\ABBREV.302\Examples\Delphi\TPZIP31.HLP
File Overwrite: X:\COMPON\TPOWER\ABBREV.302\Examples\Delphi\ubasedlg.dfb
Backup Copy: TurboPower\Abbrevia\Backup\ubasedlg.dfb
File Overwrite: X:\COMPON\TPOWER\ABBREV.302\Examples\Delphi\ubasedlg.dfm
Backup Copy: TurboPower\Abbrevia\Backup\ubasedlg.dfm
File Overwrite: X:\COMPON\TPOWER\ABBREV.302\Examples\Delphi\ubasedlg.dft
Backup Copy: TurboPower\Abbrevia\Backup\ubasedlg.dft
File Overwrite: X:\COMPON\TPOWER\ABBREV.302\Examples\Delphi\ubasedlg.pas
Backup Copy: TurboPower\Abbrevia\Backup\ubasedlg.pas
File Overwrite: X:\COMPON\TPOWER\ABBREV.302\Examples\Delphi\uCfGenDg.dfb
File Overwrite: X:\COMPON\TPOWER\ABBREV.302\Examples\Delphi\uCfGenDg.dfm
File Overwrite: X:\COMPON\TPOWER\ABBREV.302\Examples\Delphi\uCfGenDg.dft
File Overwrite: X:\COMPON\TPOWER\ABBREV.302\Examples\Delphi\uCfGenDg.pas
File Overwrite: X:\COMPON\TPOWER\ABBREV.302\Examples\Delphi\uCfMain.dfb
Backup Copy: TurboPower\Abbrevia\Backup\uCfMain.dfb
File Overwrite: X:\COMPON\TPOWER\ABBREV.302\Examples\Delphi\uCfMain.dfm
Backup Copy: TurboPower\Abbrevia\Backup\uCfMain.dfm
File Overwrite: X:\COMPON\TPOWER\ABBREV.302\Examples\Delphi\uCfMain.dft
Backup Copy: TurboPower\Abbrevia\Backup\uCfMain.dft
File Overwrite: X:\COMPON\TPOWER\ABBREV.302\Examples\Delphi\uCfMain.pas
Backup Copy: TurboPower\Abbrevia\Backup\uCfMain.pas
File Overwrite: X:\COMPON\TPOWER\ABBREV.302\Examples\Delphi\uCfNewDg.dfb
File Overwrite: X:\COMPON\TPOWER\ABBREV.302\Examples\Delphi\uCfNewDg.dfm
File Overwrite: X:\COMPON\TPOWER\ABBREV.302\Examples\Delphi\uCfNewDg.dft
File Overwrite: X:\COMPON\TPOWER\ABBREV.302\Examples\Delphi\uCfNewDg.pas
File Overwrite: X:\COMPON\TPOWER\ABBREV.302\Examples\Delphi\ucomppad.dfb
Backup Copy: TurboPower\Abbrevia\Backup\ucomppad.dfb
File Overwrite: X:\COMPON\TPOWER\ABBREV.302\Examples\Delphi\ucomppad.dfm
Backup Copy: TurboPower\Abbrevia\Backup\ucomppad.dfm
File Overwrite: X:\COMPON\TPOWER\ABBREV.302\Examples\Delphi\ucomppad.dft
Backup Copy: TurboPower\Abbrevia\Backup\ucomppad.dft
File Overwrite: X:\COMPON\TPOWER\ABBREV.302\Examples\Delphi\ucomppad.pas
Backup Copy: TurboPower\Abbrevia\Backup\ucomppad.pas
File Overwrite: X:\COMPON\TPOWER\ABBREV.302\Examples\Delphi\UContent.dfb
Backup Copy: TurboPower\Abbrevia\Backup\UContent.dfb
File Overwrite: X:\COMPON\TPOWER\ABBREV.302\Examples\Delphi\UContent.dfm
Backup Copy: TurboPower\Abbrevia\Backup\UContent.dfm
File Overwrite: X:\COMPON\TPOWER\ABBREV.302\Examples\Delphi\UContent.dft
Backup Copy: TurboPower\Abbrevia\Backup\UContent.dft
File Overwrite: X:\COMPON\TPOWER\ABBREV.302\Examples\Delphi\UContent.pas
Backup Copy: TurboPower\Abbrevia\Backup\UContent.pas
File Overwrite: X:\COMPON\TPOWER\ABBREV.302\Examples\Delphi\udemodlg.dfb
Backup Copy: TurboPower\Abbrevia\Backup\udemodlg.dfb
File Overwrite: X:\COMPON\TPOWER\ABBREV.302\Examples\Delphi\udemodlg.dfm
Backup Copy: TurboPower\Abbrevia\Backup\udemodlg.dfm
File Overwrite: X:\COMPON\TPOWER\ABBREV.302\Examples\Delphi\udemodlg.dft
Backup Copy: TurboPower\Abbrevia\Backup\udemodlg.dft
File Overwrite: X:\COMPON\TPOWER\ABBREV.302\Examples\Delphi\udemodlg.pas
Backup Copy: TurboPower\Abbrevia\Backup\udemodlg.pas
File Overwrite: X:\COMPON\TPOWER\ABBREV.302\Examples\Delphi\uexample.dfb
Backup Copy: TurboPower\Abbrevia\Backup\uexample.dfb
File Overwrite: X:\COMPON\TPOWER\ABBREV.302\Examples\Delphi\uexample.dfm
Backup Copy: TurboPower\Abbrevia\Backup\uexample.dfm
File Overwrite: X:\COMPON\TPOWER\ABBREV.302\Examples\Delphi\uexample.dft
Backup Copy: TurboPower\Abbrevia\Backup\uexample.dft
File Overwrite: X:\COMPON\TPOWER\ABBREV.302\Examples\Delphi\uexample.pas
Backup Copy: TurboPower\Abbrevia\Backup\uexample.pas
File Overwrite: X:\COMPON\TPOWER\ABBREV.302\Examples\Delphi\ufinder.dfb
Backup Copy: TurboPower\Abbrevia\Backup\ufinder.dfb
File Overwrite: X:\COMPON\TPOWER\ABBREV.302\Examples\Delphi\ufinder.dfm
Backup Copy: TurboPower\Abbrevia\Backup\ufinder.dfm
File Overwrite: X:\COMPON\TPOWER\ABBREV.302\Examples\Delphi\ufinder.dft
Backup Copy: TurboPower\Abbrevia\Backup\ufinder.dft
File Overwrite: X:\COMPON\TPOWER\ABBREV.302\Examples\Delphi\ufinder.pas
Backup Copy: TurboPower\Abbrevia\Backup\ufinder.pas
File Overwrite: X:\COMPON\TPOWER\ABBREV.302\Examples\Delphi\UMain.dfb
File Overwrite: X:\COMPON\TPOWER\ABBREV.302\Examples\Delphi\UMain.dfm
File Overwrite: X:\COMPON\TPOWER\ABBREV.302\Examples\Delphi\UMain.dft
File Overwrite: X:\COMPON\TPOWER\ABBREV.302\Examples\Delphi\UMain.pas
Backup Copy: TurboPower\Abbrevia\Backup\UMain.pas
File Overwrite: X:\COMPON\TPOWER\ABBREV.302\Examples\Delphi\umakesfx.dfb
Backup Copy: TurboPower\Abbrevia\Backup\umakesfx.dfb
File Overwrite: X:\COMPON\TPOWER\ABBREV.302\Examples\Delphi\umakesfx.dfm
Backup Copy: TurboPower\Abbrevia\Backup\umakesfx.dfm
File Overwrite: X:\COMPON\TPOWER\ABBREV.302\Examples\Delphi\umakesfx.dft
Backup Copy: TurboPower\Abbrevia\Backup\umakesfx.dft
File Overwrite: X:\COMPON\TPOWER\ABBREV.302\Examples\Delphi\umakesfx.pas
Backup Copy: TurboPower\Abbrevia\Backup\umakesfx.pas
File Overwrite: X:\COMPON\TPOWER\ABBREV.302\Examples\Delphi\Unzip.dpr
File Overwrite: X:\COMPON\TPOWER\ABBREV.302\Examples\Delphi\UsingApi.dpr
File Overwrite: X:\COMPON\TPOWER\ABBREV.302\Examples\Delphi\usplash.dfb
Backup Copy: TurboPower\Abbrevia\Backup\usplash.dfb
File Overwrite: X:\COMPON\TPOWER\ABBREV.302\Examples\Delphi\usplash.dfm
Backup Copy: TurboPower\Abbrevia\Backup\usplash.dfm
File Overwrite: X:\COMPON\TPOWER\ABBREV.302\Examples\Delphi\usplash.dft
Backup Copy: TurboPower\Abbrevia\Backup\usplash.dft
File Overwrite: X:\COMPON\TPOWER\ABBREV.302\Examples\Delphi\usplash.pas
Backup Copy: TurboPower\Abbrevia\Backup\usplash.pas
File Overwrite: X:\COMPON\TPOWER\ABBREV.302\Examples\Delphi\Ustrpad.dfb
Backup Copy: TurboPower\Abbrevia\Backup\Ustrpad.dfb
File Overwrite: X:\COMPON\TPOWER\ABBREV.302\Examples\Delphi\Ustrpad.dfm
Backup Copy: TurboPower\Abbrevia\Backup\Ustrpad.dfm
File Overwrite: X:\COMPON\TPOWER\ABBREV.302\Examples\Delphi\Ustrpad.dft
Backup Copy: TurboPower\Abbrevia\Backup\Ustrpad.dft
File Overwrite: X:\COMPON\TPOWER\ABBREV.302\Examples\Delphi\Ustrpad.pas
Backup Copy: TurboPower\Abbrevia\Backup\Ustrpad.pas
File Overwrite: X:\COMPON\TPOWER\ABBREV.302\Examples\Delphi\Uunzip.dfb
File Overwrite: X:\COMPON\TPOWER\ABBREV.302\Examples\Delphi\Uunzip.dfm
File Overwrite: X:\COMPON\TPOWER\ABBREV.302\Examples\Delphi\Uunzip.dft
File Overwrite: X:\COMPON\TPOWER\ABBREV.302\Examples\Delphi\Uunzip.pas
Backup Copy: TurboPower\Abbrevia\Backup\Uunzip.pas
File Overwrite: X:\COMPON\TPOWER\ABBREV.302\Examples\Delphi\UZIP.dfb
Backup Copy: TurboPower\Abbrevia\Backup\UZIP.dfb
File Overwrite: X:\COMPON\TPOWER\ABBREV.302\Examples\Delphi\UZIP.DFM
Backup Copy: TurboPower\Abbrevia\Backup\UZIP.DFM
File Overwrite: X:\COMPON\TPOWER\ABBREV.302\Examples\Delphi\UZIP.dft
Backup Copy: TurboPower\Abbrevia\Backup\UZIP.dft
File Overwrite: X:\COMPON\TPOWER\ABBREV.302\Examples\Delphi\UZIP.PAS
Backup Copy: TurboPower\Abbrevia\Backup\UZIP.PAS
File Overwrite: X:\COMPON\TPOWER\ABBREV.302\Examples\Delphi\ZIPPER.DPR
File Overwrite: X:\COMPON\TPOWER\ABBREV.302\Examples\Delphi\ZipReg.dpr
Backup Copy: TurboPower\Abbrevia\Backup\ZipReg.dpr
File Overwrite: X:\COMPON\TPOWER\ABBREV.302\Examples\Delphi\ZipReg1.dfb
Backup Copy: TurboPower\Abbrevia\Backup\ZipReg1.dfb
File Overwrite: X:\COMPON\TPOWER\ABBREV.302\Examples\Delphi\ZipReg1.dfm
Backup Copy: TurboPower\Abbrevia\Backup\ZipReg1.dfm
File Overwrite: X:\COMPON\TPOWER\ABBREV.302\Examples\Delphi\ZipReg1.dft
Backup Copy: TurboPower\Abbrevia\Backup\ZipReg1.dft
File Overwrite: X:\COMPON\TPOWER\ABBREV.302\Examples\Delphi\ZipReg1.pas
Backup Copy: TurboPower\Abbrevia\Backup\ZipReg1.pas
File Overwrite: X:\COMPON\TPOWER\ABBREV.302\Examples\Delphi\ZipView.dpr
Backup Copy: TurboPower\Abbrevia\Backup\ZipView.dpr
File Overwrite: X:\COMPON\TPOWER\ABBREV.302\Examples\Delphi\ZipView1.dfb
Backup Copy: TurboPower\Abbrevia\Backup\ZipView1.dfb
File Overwrite: X:\COMPON\TPOWER\ABBREV.302\Examples\Delphi\ZipView1.dfm
Backup Copy: TurboPower\Abbrevia\Backup\ZipView1.dfm
File Overwrite: X:\COMPON\TPOWER\ABBREV.302\Examples\Delphi\ZipView1.dft
Backup Copy: TurboPower\Abbrevia\Backup\ZipView1.dft
File Overwrite: X:\COMPON\TPOWER\ABBREV.302\Examples\Delphi\ZipView1.PAS
Backup Copy: TurboPower\Abbrevia\Backup\ZipView1.PAS
File Overwrite: X:\COMPON\TPOWER\ABBREV.302\Help\Delphi\ABBREVIA.HLP
File Overwrite: X:\COMPON\TPOWER\ABBREV.302\Help\Delphi\abbrevia.cnt
File Overwrite: X:\COMPON\TPOWER\ABBREV.302\Com\abbrevia.tlb
File Overwrite: X:\COMPON\TPOWER\ABBREV.302\Com\abbrevia.dll
Backup Copy: TurboPower\Abbrevia\Backup\abbrevia.dll
Made Dir: X:\COMPON\TPOWER\ABBREV.302\Com\Help
File Copy: X:\COMPON\TPOWER\ABBREV.302\Com\Help\abrv-com.hlp
File Copy: X:\COMPON\TPOWER\ABBREV.302\Com\Help\abrv-com.cnt
Made Dir: X:\COMPON\TPOWER\ABBREV.302\Com\Examples
Made Dir: X:\COMPON\TPOWER\ABBREV.302\Com\Examples\Vb6
File Copy: X:\COMPON\TPOWER\ABBREV.302\Com\Examples\Vb6\mainform.vbw
File Copy: X:\COMPON\TPOWER\ABBREV.302\Com\Examples\Vb6\mainform.vbp
File Copy: X:\COMPON\TPOWER\ABBREV.302\Com\Examples\Vb6\form1.frm
Made Dir: X:\COMPON\TPOWER\ABBREV.302\Com\Examples\Asp
Made Dir: X:\COMPON\TPOWER\ABBREV.302\Com\Examples\Asp\Files
Made Dir: X:\COMPON\TPOWER\ABBREV.302\Com\Examples\Asp\Files\SysTools
File Copy: X:\COMPON\TPOWER\ABBREV.302\Com\Examples\Asp\Files\SysTools\stsrmgr.nor
File Copy: X:\COMPON\TPOWER\ABBREV.302\Com\Examples\Asp\Files\SysTools\stsrmgr.fra
File Copy: X:\COMPON\TPOWER\ABBREV.302\Com\Examples\Asp\Files\SysTools\stsrmgr.enu
File Copy: X:\COMPON\TPOWER\ABBREV.302\Com\Examples\Asp\Files\SysTools\stconst.nor
File Copy: X:\COMPON\TPOWER\ABBREV.302\Com\Examples\Asp\Files\SysTools\stconst.fra
File Copy: X:\COMPON\TPOWER\ABBREV.302\Com\Examples\Asp\Files\SysTools\stconst.enu
File Copy: X:\COMPON\TPOWER\ABBREV.302\Com\Examples\Asp\Files\SysTools\00index.txt
Made Dir: X:\COMPON\TPOWER\ABBREV.302\Com\Examples\Asp\Files\SrMgr
File Copy: X:\COMPON\TPOWER\ABBREV.302\Com\Examples\Asp\Files\SrMgr\srmgr.enu
Made Dir: X:\COMPON\TPOWER\ABBREV.302\Com\Examples\Asp\Files\Orpheus
File Copy: X:\COMPON\TPOWER\ABBREV.302\Com\Examples\Asp\Files\Orpheus\ovcsrmgr.nor
File Copy: X:\COMPON\TPOWER\ABBREV.302\Com\Examples\Asp\Files\Orpheus\ovcsrmgr.fra
File Copy: X:\COMPON\TPOWER\ABBREV.302\Com\Examples\Asp\Files\Orpheus\ovcsrmgr.enu
File Copy: X:\COMPON\TPOWER\ABBREV.302\Com\Examples\Asp\Files\Orpheus\ovcconst.fra
File Copy: X:\COMPON\TPOWER\ABBREV.302\Com\Examples\Asp\Files\Orpheus\ovcconst.enu
File Copy: X:\COMPON\TPOWER\ABBREV.302\Com\Examples\Asp\Files\Orpheus\00index.txt
Made Dir: X:\COMPON\TPOWER\ABBREV.302\Com\Examples\Asp\Files\OnGuard
File Copy: X:\COMPON\TPOWER\ABBREV.302\Com\Examples\Asp\Files\OnGuard\ogsrmgr.enu
File Copy: X:\COMPON\TPOWER\ABBREV.302\Com\Examples\Asp\Files\OnGuard\ogconst.enu
File Copy: X:\COMPON\TPOWER\ABBREV.302\Com\Examples\Asp\Files\OnGuard\00index.txt
Made Dir: X:\COMPON\TPOWER\ABBREV.302\Com\Examples\Asp\Files\Flash
File Copy: X:\COMPON\TPOWER\ABBREV.302\Com\Examples\Asp\Files\Flash\ffwscnst.fra
File Copy: X:\COMPON\TPOWER\ABBREV.302\Com\Examples\Asp\Files\Flash\ffwscnst.enu
File Copy: X:\COMPON\TPOWER\ABBREV.302\Com\Examples\Asp\Files\Flash\ffsrmgr.fra
File Copy: X:\COMPON\TPOWER\ABBREV.302\Com\Examples\Asp\Files\Flash\ffsrmgr.enu
File Copy: X:\COMPON\TPOWER\ABBREV.302\Com\Examples\Asp\Files\Flash\ffsrcnst.fra
File Copy: X:\COMPON\TPOWER\ABBREV.302\Com\Examples\Asp\Files\Flash\ffsrcnst.enu
File Copy: X:\COMPON\TPOWER\ABBREV.302\Com\Examples\Asp\Files\Flash\ffnbcnst.fra
File Copy: X:\COMPON\TPOWER\ABBREV.302\Com\Examples\Asp\Files\Flash\ffnbcnst.enu
File Copy: X:\COMPON\TPOWER\ABBREV.302\Com\Examples\Asp\Files\Flash\ffllcnst.fra
File Copy: X:\COMPON\TPOWER\ABBREV.302\Com\Examples\Asp\Files\Flash\ffllcnst.enu
File Copy: X:\COMPON\TPOWER\ABBREV.302\Com\Examples\Asp\Files\Flash\ffdscnst.fra
File Copy: X:\COMPON\TPOWER\ABBREV.302\Com\Examples\Asp\Files\Flash\ffdscnst.enu
File Copy: X:\COMPON\TPOWER\ABBREV.302\Com\Examples\Asp\Files\Flash\ffdbcnst.fra
File Copy: X:\COMPON\TPOWER\ABBREV.302\Com\Examples\Asp\Files\Flash\ffdbcnst.enu
File Copy: X:\COMPON\TPOWER\ABBREV.302\Com\Examples\Asp\Files\Flash\ffclcnst.fra
File Copy: X:\COMPON\TPOWER\ABBREV.302\Com\Examples\Asp\Files\Flash\ffclcnst.enu
File Copy: X:\COMPON\TPOWER\ABBREV.302\Com\Examples\Asp\Files\Flash\00index.txt
Made Dir: X:\COMPON\TPOWER\ABBREV.302\Com\Examples\Asp\Files\Essence
File Copy: X:\COMPON\TPOWER\ABBREV.302\Com\Examples\Asp\Files\Essence\esconst.nor
File Copy: X:\COMPON\TPOWER\ABBREV.302\Com\Examples\Asp\Files\Essence\esconst.enu
File Copy: X:\COMPON\TPOWER\ABBREV.302\Com\Examples\Asp\Files\Essence\00index.txt
Made Dir: X:\COMPON\TPOWER\ABBREV.302\Com\Examples\Asp\Files\Apro
File Copy: X:\COMPON\TPOWER\ABBREV.302\Com\Examples\Asp\Files\Apro\apwp.fra
File Copy: X:\COMPON\TPOWER\ABBREV.302\Com\Examples\Asp\Files\Apro\apwp.enu
File Copy: X:\COMPON\TPOWER\ABBREV.302\Com\Examples\Asp\Files\Apro\apwp.deu
File Copy: X:\COMPON\TPOWER\ABBREV.302\Com\Examples\Asp\Files\Apro\apwf.fra
File Copy: X:\COMPON\TPOWER\ABBREV.302\Com\Examples\Asp\Files\Apro\apwf.enu
File Copy: X:\COMPON\TPOWER\ABBREV.302\Com\Examples\Asp\Files\Apro\apwf.deu
File Copy: X:\COMPON\TPOWER\ABBREV.302\Com\Examples\Asp\Files\Apro\apw.fra
File Copy: X:\COMPON\TPOWER\ABBREV.302\Com\Examples\Asp\Files\Apro\apw.enu
File Copy: X:\COMPON\TPOWER\ABBREV.302\Com\Examples\Asp\Files\Apro\apw.deu
File Copy: X:\COMPON\TPOWER\ABBREV.302\Com\Examples\Asp\Files\Apro\adsrmgr.nor
File Copy: X:\COMPON\TPOWER\ABBREV.302\Com\Examples\Asp\Files\Apro\adsrmgr.enu
File Copy: X:\COMPON\TPOWER\ABBREV.302\Com\Examples\Asp\Files\Apro\adsrmgr.deu
File Copy: X:\COMPON\TPOWER\ABBREV.302\Com\Examples\Asp\Files\Apro\00index.txt
Made Dir: X:\COMPON\TPOWER\ABBREV.302\Com\Examples\Asp\Files\Abbrevia
File Copy: X:\COMPON\TPOWER\ABBREV.302\Com\Examples\Asp\Files\Abbrevia\absrmgr.nor
File Copy: X:\COMPON\TPOWER\ABBREV.302\Com\Examples\Asp\Files\Abbrevia\absrmgr.enu
File Copy: X:\COMPON\TPOWER\ABBREV.302\Com\Examples\Asp\Files\Abbrevia\abres.nor
File Copy: X:\COMPON\TPOWER\ABBREV.302\Com\Examples\Asp\Files\Abbrevia\abres.fra
File Copy: X:\COMPON\TPOWER\ABBREV.302\Com\Examples\Asp\Files\Abbrevia\abres.enu
File Copy: X:\COMPON\TPOWER\ABBREV.302\Com\Examples\Asp\Files\Abbrevia\00index.txt
File Copy: X:\COMPON\TPOWER\ABBREV.302\Com\Examples\Asp\viewzip.asp
File Copy: X:\COMPON\TPOWER\ABBREV.302\Com\Examples\Asp\test.zip
File Copy: X:\COMPON\TPOWER\ABBREV.302\Com\Examples\Asp\extract.asp
File Copy: X:\COMPON\TPOWER\ABBREV.302\Com\Examples\Asp\display.asp
File Copy: X:\COMPON\TPOWER\ABBREV.302\Com\Examples\Asp\add.asp
File Copy: X:\COMPON\TPOWER\ABBREV.302\Com\Examples\Asp\abbrevia.inc
Shell Link: C:\Documents and Settings\markd6\Start Menu\Programs\TurboPower\Abbrevia\Latest news about Abbrevia.lnk
Backup Copy: TurboPower\Abbrevia\Backup\Latest news about Abbrevia.lnk
Shell Link: C:\Documents and Settings\markd6\Start Menu\Programs\TurboPower\Abbrevia\Abbrevia license.lnk
Backup Copy: TurboPower\Abbrevia\Backup\Abbrevia license.lnk
Shell Link: C:\Documents and Settings\markd6\Start Menu\Programs\TurboPower\Abbrevia\Uninstall Abbrevia.lnk
Backup Copy: TurboPower\Abbrevia\Backup\Uninstall Abbrevia.lnk
Shell Link: C:\Documents and Settings\markd6\Start Menu\Programs\TurboPower\Abbrevia\Abbrevia help for Delphi.lnk
Backup Copy: TurboPower\Abbrevia\Backup\Abbrevia help for Delphi.lnk
RegDB Key: Software\TurboPower\Abbrevia
RegDB Val: X:\COMPON\TPOWER\ABBREV.302
RegDB Name: AppPath
RegDB Root: 2
RegDB Old: X:\COMPON\TPOWER\ABBREV.302
RegDB Key: Software\TurboPower\Abbrevia
RegDB Val: 302
RegDB Name: Version
RegDB Root: 2
RegDB Old: 301
RegDB Key: Software\TurboPower\Abbrevia
RegDB Val: 
RegDB Name: COM Object
RegDB Root: 2
RegDB Key: Software\TurboPower\Abbrevia
RegDB Val: A
RegDB Name: Examples
RegDB Root: 2
RegDB Old: A
RegDB Key: Software\TurboPower\Abbrevia
RegDB Val: A
RegDB Name: Help
RegDB Root: 2
RegDB Old: A
RegDB Key: Software\TurboPower\Abbrevia
RegDB Val: CD
RegDB Name: Compilers
RegDB Root: 2
RegDB Old: D
Made Dir: TurboPower
Made Dir: TurboPower\Abbrevia
Made Dir: TurboPower\Abbrevia\Backup
Self-Register: X:\COMPON\TPOWER\ABBREV.302\COM\ABBREVIA.DLL
User Rights: Admin
