***  Installation Started 10/30/01 15:11  ***
Title: Async Professional Installation
Source: C:\(TPSTMP)\SETUP.EXE
Made Dir: X:\COMPON\TPOWER\APRO4
File Copy: X:\COMPON\TPOWER\APRO4\UNWISE.EXE
RegDB Key: Software\Microsoft\Windows\CurrentVersion\Uninstall\Async Professional
RegDB Val: Async Professional
RegDB Name: DisplayName
RegDB Root: 2
RegDB Key: Software\Microsoft\Windows\CurrentVersion\Uninstall\Async Professional
RegDB Val: X:\COMPON\TPOWER\APRO4\UNWISE.EXE X:\COMPON\TPOWER\APRO4\INSTALL.LOG
RegDB Name: UninstallString
RegDB Root: 2
File Copy: X:\COMPON\TPOWER\APRO4\adabout.pas
File Copy: X:\COMPON\TPOWER\APRO4\ADEXCEPT.PAS
File Copy: X:\COMPON\TPOWER\APRO4\AdFax.pas
File Copy: X:\COMPON\TPOWER\APRO4\ADFAXCTL.pas
File Copy: X:\COMPON\TPOWER\APRO4\AdFaxCvt.pas
File Copy: X:\COMPON\TPOWER\APRO4\AdFaxPrn.pas
File Copy: X:\COMPON\TPOWER\APRO4\AdFaxSrv.pas
File Copy: X:\COMPON\TPOWER\APRO4\AdFIDlg.pas
File Copy: X:\COMPON\TPOWER\APRO4\Adfpstat.pas
File Copy: X:\COMPON\TPOWER\APRO4\Adfstat.pas
File Copy: X:\COMPON\TPOWER\APRO4\AdFtp.pas
File Copy: X:\COMPON\TPOWER\APRO4\Adfview.pas
File Copy: X:\COMPON\TPOWER\APRO4\AdGSM.pas
File Copy: X:\COMPON\TPOWER\APRO4\AdISapi.pas
File Copy: X:\COMPON\TPOWER\APRO4\AdLibMdm.pas
File Copy: X:\COMPON\TPOWER\APRO4\AdMdm.pas
File Copy: X:\COMPON\TPOWER\APRO4\AdMdmCfg.pas
File Copy: X:\COMPON\TPOWER\APRO4\AdMdmDlg.pas
File Copy: X:\COMPON\TPOWER\APRO4\AdMeter.pas
File Copy: X:\COMPON\TPOWER\APRO4\adpacked.pas
File Copy: X:\COMPON\TPOWER\APRO4\AdPacket.pas
File Copy: X:\COMPON\TPOWER\APRO4\AdPager.pas
File Copy: X:\COMPON\TPOWER\APRO4\Adpedit0.pas
File Copy: X:\COMPON\TPOWER\APRO4\Adpeditt.pas
File Copy: X:\COMPON\TPOWER\APRO4\AdPort.pas
File Copy: X:\COMPON\TPOWER\APRO4\AdPropEd.pas
File Copy: X:\COMPON\TPOWER\APRO4\AdProtcl.pas
File Copy: X:\COMPON\TPOWER\APRO4\ADPSTAT.pas
File Copy: X:\COMPON\TPOWER\APRO4\AdRas.pas
File Copy: X:\COMPON\TPOWER\APRO4\AdRasUtl.pas
File Copy: X:\COMPON\TPOWER\APRO4\AdRStat.pas
File Copy: X:\COMPON\TPOWER\APRO4\AdSapiEn.pas
File Copy: X:\COMPON\TPOWER\APRO4\AdSapiGr.pas
File Copy: X:\COMPON\TPOWER\APRO4\AdSapiPh.PAS
File Copy: X:\COMPON\TPOWER\APRO4\AdScript.pas
File Copy: X:\COMPON\TPOWER\APRO4\AdSelCom.pas
File Copy: X:\COMPON\TPOWER\APRO4\AdSocket.pas
File Copy: X:\COMPON\TPOWER\APRO4\AdSrmgr.pas
File Copy: X:\COMPON\TPOWER\APRO4\AdStatE0.pas
File Copy: X:\COMPON\TPOWER\APRO4\AdStatEd.pas
File Copy: X:\COMPON\TPOWER\APRO4\AdStatLt.pas
File Copy: X:\COMPON\TPOWER\APRO4\AdStMach.pas
File Copy: X:\COMPON\TPOWER\APRO4\AdTapi.pas
File Copy: X:\COMPON\TPOWER\APRO4\ADTrmBuf.pas
File Copy: X:\COMPON\TPOWER\APRO4\ADTrmEmu.pas
File Copy: X:\COMPON\TPOWER\APRO4\ADTrmMap.pas
File Copy: X:\COMPON\TPOWER\APRO4\ADTrmPsr.pas
File Copy: X:\COMPON\TPOWER\APRO4\adtsel.pas
File Copy: X:\COMPON\TPOWER\APRO4\AdTStat.pas
File Copy: X:\COMPON\TPOWER\APRO4\AdTUtil.pas
File Copy: X:\COMPON\TPOWER\APRO4\AdVoIP.PAS
File Copy: X:\COMPON\TPOWER\APRO4\AdVoipEd.pas
File Copy: X:\COMPON\TPOWER\APRO4\AdWnPort.pas
File Copy: X:\COMPON\TPOWER\APRO4\Adwutil.pas
File Copy: X:\COMPON\TPOWER\APRO4\AdXBase.pas
File Copy: X:\COMPON\TPOWER\APRO4\AdXChrFlt.pas
File Copy: X:\COMPON\TPOWER\APRO4\Adxdial.pas
File Copy: X:\COMPON\TPOWER\APRO4\Adxdown.pas
File Copy: X:\COMPON\TPOWER\APRO4\AdXLbMdm.pas
File Copy: X:\COMPON\TPOWER\APRO4\AdXParsr.pas
File Copy: X:\COMPON\TPOWER\APRO4\Adxport.pas
File Copy: X:\COMPON\TPOWER\APRO4\Adxprot.pas
File Copy: X:\COMPON\TPOWER\APRO4\Adxup.pas
File Copy: X:\COMPON\TPOWER\APRO4\APROREG.PAS
File Copy: X:\COMPON\TPOWER\APRO4\Awabsfax.pas
File Copy: X:\COMPON\TPOWER\APRO4\AWABSPCL.PAS
File Copy: X:\COMPON\TPOWER\APRO4\AwAscii.pas
File Copy: X:\COMPON\TPOWER\APRO4\awfax.pas
File Copy: X:\COMPON\TPOWER\APRO4\Awfaxcvt.pas
File Copy: X:\COMPON\TPOWER\APRO4\AwFView.pas
File Copy: X:\COMPON\TPOWER\APRO4\AwKermit.pas
File Copy: X:\COMPON\TPOWER\APRO4\AwTPcl.pas
File Copy: X:\COMPON\TPOWER\APRO4\awuser.pas
File Copy: X:\COMPON\TPOWER\APRO4\AwWin32.pas
File Copy: X:\COMPON\TPOWER\APRO4\AwWnSock.pas
File Copy: X:\COMPON\TPOWER\APRO4\AwXmodem.pas
File Copy: X:\COMPON\TPOWER\APRO4\AwYmodem.pas
File Copy: X:\COMPON\TPOWER\APRO4\awzmodem.pas
File Copy: X:\COMPON\TPOWER\APRO4\Oomisc.pas
File Copy: X:\COMPON\TPOWER\APRO4\PDrvInNT.pas
File Copy: X:\COMPON\TPOWER\APRO4\PDRVINST.pas
File Copy: X:\COMPON\TPOWER\APRO4\PDRVUNI.pas
File Copy: X:\COMPON\TPOWER\APRO4\PDrvUnNT.pas
File Copy: X:\COMPON\TPOWER\APRO4\AdITapi3.pas
File Copy: X:\COMPON\TPOWER\APRO4\AdChsVT1.bin
File Copy: X:\COMPON\TPOWER\APRO4\AdChsVT1.rc
File Copy: X:\COMPON\TPOWER\APRO4\AdChsVT1.txt
File Copy: X:\COMPON\TPOWER\APRO4\AdTrmVT1.bin
File Copy: X:\COMPON\TPOWER\APRO4\AdTrmVT1.rc
File Copy: X:\COMPON\TPOWER\APRO4\AdTrmVT1.txt
File Copy: X:\COMPON\TPOWER\APRO4\AdSrmgr.rc
File Copy: X:\COMPON\TPOWER\APRO4\AdSrmgr.str
File Copy: X:\COMPON\TPOWER\APRO4\AdSrmgr.s16
File Copy: X:\COMPON\TPOWER\APRO4\AdSrmgr.s32
File Copy: X:\COMPON\TPOWER\APRO4\apro.rc
File Copy: X:\COMPON\TPOWER\APRO4\apro.str
File Copy: X:\COMPON\TPOWER\APRO4\apro.s16
File Copy: X:\COMPON\TPOWER\APRO4\apro.s32
File Copy: X:\COMPON\TPOWER\APRO4\AwFaxCvt.rc
File Copy: X:\COMPON\TPOWER\APRO4\PDrvInst.inc
File Copy: X:\COMPON\TPOWER\APRO4\AdExcept.inc
File Copy: X:\COMPON\TPOWER\APRO4\adabout.dfm
File Copy: X:\COMPON\TPOWER\APRO4\AdFIDlg.dfm
File Copy: X:\COMPON\TPOWER\APRO4\ADFPSTAT.DFM
File Copy: X:\COMPON\TPOWER\APRO4\ADFSTAT.DFM
File Copy: X:\COMPON\TPOWER\APRO4\AdLibMdm.dfm
File Copy: X:\COMPON\TPOWER\APRO4\AdMdmCfg.dfm
File Copy: X:\COMPON\TPOWER\APRO4\AdMdmDlg.dfm
File Copy: X:\COMPON\TPOWER\APRO4\AdPackEd.dfm
File Copy: X:\COMPON\TPOWER\APRO4\ADPEDIT0.DFM
File Copy: X:\COMPON\TPOWER\APRO4\ADPSTAT.DFM
File Copy: X:\COMPON\TPOWER\APRO4\AdRStat.dfm
File Copy: X:\COMPON\TPOWER\APRO4\AdSelCom.dfm
File Copy: X:\COMPON\TPOWER\APRO4\AdStatE0.dfm
File Copy: X:\COMPON\TPOWER\APRO4\AdStatEd.dfm
File Copy: X:\COMPON\TPOWER\APRO4\ADTSEL.DFM
File Copy: X:\COMPON\TPOWER\APRO4\AdTStat.dfm
File Copy: X:\COMPON\TPOWER\APRO4\AdVoipEd.dfm
File Copy: X:\COMPON\TPOWER\APRO4\ADXDIAL.DFM
File Copy: X:\COMPON\TPOWER\APRO4\ADXDOWN.DFM
File Copy: X:\COMPON\TPOWER\APRO4\ADXPORT.DFM
File Copy: X:\COMPON\TPOWER\APRO4\ADXPROT.DFM
File Copy: X:\COMPON\TPOWER\APRO4\ADXUP.DFM
File Copy: X:\COMPON\TPOWER\APRO4\ApFax.fnt
File Copy: X:\COMPON\TPOWER\APRO4\AdVT100.fon
File Copy: X:\COMPON\TPOWER\APRO4\AdVTld.fon
Made Dir: X:\COMPON\TPOWER\APRO4\bonus
File Copy: X:\COMPON\TPOWER\APRO4\bonus\srmgr.zip
File Copy: X:\COMPON\TPOWER\APRO4\AproReg.dcr
File Overwrite: X:\COMPON\TPOWER\APRO4\AproReg.pas
File Copy: X:\COMPON\TPOWER\APRO4\License.txt
File Copy: X:\COMPON\TPOWER\APRO4\Readme.hlp
File Copy: X:\COMPON\TPOWER\APRO4\AwDefine.inc
File Copy: X:\COMPON\TPOWER\APRO4\AdSrmgr.r16
File Copy: X:\COMPON\TPOWER\APRO4\Apro.r16
File Copy: X:\COMPON\TPOWER\APRO4\AwFaxCvt.r16
File Copy: X:\COMPON\TPOWER\APRO4\AdChsVT1.r16
File Copy: X:\COMPON\TPOWER\APRO4\AdTrmVT1.r16
File Copy: X:\COMPON\TPOWER\APRO4\AdSrmgr.r32
File Copy: X:\COMPON\TPOWER\APRO4\Apro.r32
File Copy: X:\COMPON\TPOWER\APRO4\AwFaxCvt.r32
File Copy: X:\COMPON\TPOWER\APRO4\AdChsVT1.r32
File Copy: X:\COMPON\TPOWER\APRO4\AdTrmVT1.r32
Made Dir: X:\COMPON\TPOWER\APRO4\Redist
File Copy: X:\COMPON\TPOWER\APRO4\Redist\deploy.hlp
File Copy: X:\COMPON\TPOWER\APRO4\A400_R60.dcp
File Copy: X:\COMPON\TPOWER\APRO4\A400_R60.dpk
File Copy: X:\COMPON\TPOWER\APRO4\A400_R60.res
File Copy: X:\COMPON\TPOWER\APRO4\A400_D60.bpl
File Copy: X:\COMPON\TPOWER\APRO4\A400_D60.dpk
File Copy: X:\COMPON\TPOWER\APRO4\A400_D60.res
File Copy: X:\COMPON\TPOWER\APRO4\Redist\A400_R60.bpl
File Copy: E:\WINNT\System32\A400_R60.bpl
File Copy: E:\Program Files\Borland\Delphi6\Projects\Bpl\A400_R60.bpl
File Copy: X:\COMPON\TPOWER\APRO4\Redist\ApfGen.drv
File Copy: X:\COMPON\TPOWER\APRO4\Redist\ApFaxCnv.dll
File Copy: X:\COMPON\TPOWER\APRO4\Redist\ApfMon40.dll
File Copy: X:\COMPON\TPOWER\APRO4\Redist\ApfPDENT.dll
Made Dir: X:\COMPON\TPOWER\APRO4\PrnDrv
Made Dir: X:\COMPON\TPOWER\APRO4\PrnDrv\NT4
Made Dir: X:\COMPON\TPOWER\APRO4\PrnDrv\NT4\Inf
File Copy: X:\COMPON\TPOWER\APRO4\PrnDrv\NT4\Inf\Disk1
File Copy: X:\COMPON\TPOWER\APRO4\PrnDrv\NT4\Inf\Monitor.inf
File Copy: X:\COMPON\TPOWER\APRO4\PrnDrv\NT4\Inf\OEMSetup.inf
File Copy: X:\COMPON\TPOWER\APRO4\PrnDrv\NT4\Inf\ReadMe.Inf
Made Dir: X:\COMPON\TPOWER\APRO4\PrnDrv\NT4\MiniDrv
File Copy: X:\COMPON\TPOWER\APRO4\PrnDrv\NT4\MiniDrv\ApfPDEnt.def
File Copy: X:\COMPON\TPOWER\APRO4\PrnDrv\NT4\MiniDrv\ApfPDENT.gpc
File Copy: X:\COMPON\TPOWER\APRO4\PrnDrv\NT4\MiniDrv\ApfPDENT.rc
File Copy: X:\COMPON\TPOWER\APRO4\PrnDrv\NT4\MiniDrv\Code.c
File Copy: X:\COMPON\TPOWER\APRO4\PrnDrv\NT4\MiniDrv\ECMA94.ctt
File Copy: X:\COMPON\TPOWER\APRO4\PrnDrv\NT4\MiniDrv\ECMA94.rle
File Copy: X:\COMPON\TPOWER\APRO4\PrnDrv\NT4\MiniDrv\MakeFile
File Copy: X:\COMPON\TPOWER\APRO4\PrnDrv\NT4\MiniDrv\NT.gpc
File Copy: X:\COMPON\TPOWER\APRO4\PrnDrv\NT4\MiniDrv\Sources
File Copy: X:\COMPON\TPOWER\APRO4\PrnDrv\NT4\MiniDrv\Standard.ifi
File Copy: X:\COMPON\TPOWER\APRO4\PrnDrv\NT4\MiniDrv\Standard.pfm
Made Dir: X:\COMPON\TPOWER\APRO4\PrnDrv\NT4\MiniDrv\16
File Copy: X:\COMPON\TPOWER\APRO4\PrnDrv\NT4\MiniDrv\16\ApfPDENT.gpc
File Copy: X:\COMPON\TPOWER\APRO4\PrnDrv\NT4\MiniDrv\16\ApfPDENT.rc
File Copy: X:\COMPON\TPOWER\APRO4\PrnDrv\NT4\MiniDrv\16\NT.gpc
File Copy: X:\COMPON\TPOWER\APRO4\PrnDrv\NT4\MiniDrv\16\Standard.pfm
Made Dir: X:\COMPON\TPOWER\APRO4\PrnDrv\NT4\Mon
File Copy: X:\COMPON\TPOWER\APRO4\PrnDrv\NT4\Mon\ApfMon40.c
File Copy: X:\COMPON\TPOWER\APRO4\PrnDrv\NT4\Mon\ApfMon40.def
File Copy: X:\COMPON\TPOWER\APRO4\PrnDrv\NT4\Mon\ApfMon40.h
File Copy: X:\COMPON\TPOWER\APRO4\PrnDrv\NT4\Mon\ApfMon40.rc
File Copy: X:\COMPON\TPOWER\APRO4\PrnDrv\NT4\Mon\Config.c
File Copy: X:\COMPON\TPOWER\APRO4\PrnDrv\NT4\Mon\LMon.h
File Copy: X:\COMPON\TPOWER\APRO4\PrnDrv\NT4\Mon\Local.h
File Copy: X:\COMPON\TPOWER\APRO4\PrnDrv\NT4\Mon\MakeFile
File Copy: X:\COMPON\TPOWER\APRO4\PrnDrv\NT4\Mon\Sources
File Copy: X:\COMPON\TPOWER\APRO4\PrnDrv\NT4\Mon\SplTypes.h
File Copy: X:\COMPON\TPOWER\APRO4\PrnDrv\NT4\Mon\Util.c
File Copy: X:\COMPON\TPOWER\APRO4\PrnDrv\NT4\Mon\WinSpool.c
Made Dir: X:\COMPON\TPOWER\APRO4\PrnDrv\NTCommon
File Copy: X:\COMPON\TPOWER\APRO4\PrnDrv\NTCommon\ApFaxCnv.dpr
File Copy: X:\COMPON\TPOWER\APRO4\PrnDrv\NTCommon\ApFaxCnv.res
Made Dir: X:\COMPON\TPOWER\APRO4\PrnDrv\Win9xME
File Copy: X:\COMPON\TPOWER\APRO4\PrnDrv\Win9xME\ApfGen.dpr
File Copy: X:\COMPON\TPOWER\APRO4\PrnDrv\Win9xME\ApfGen.rc
File Copy: X:\COMPON\TPOWER\APRO4\PrnDrv\Win9xME\ApfGen.res
File Copy: X:\COMPON\TPOWER\APRO4\PrnDrv\Win9xME\ApfPDEng.gpc
File Copy: X:\COMPON\TPOWER\APRO4\PrnDrv\Win9xME\ApfPDEng.pas
File Copy: X:\COMPON\TPOWER\APRO4\PrnDrv\Win9xME\ApfPDEng.rc
File Copy: X:\COMPON\TPOWER\APRO4\PrnDrv\Win9xME\ApfPDEng.res
File Copy: X:\COMPON\TPOWER\APRO4\PrnDrv\Win9xME\DebugDrv.pas
File Copy: X:\COMPON\TPOWER\APRO4\PrnDrv\Win9xME\LFN.PAS
File Copy: X:\COMPON\TPOWER\APRO4\PrnDrv\Win9xME\MinDrvRC.h
File Copy: X:\COMPON\TPOWER\APRO4\PrnDrv\Win9xME\Patch40.dpr
File Copy: X:\COMPON\TPOWER\APRO4\PrnDrv\Win9xME\Patch401.dfm
File Copy: X:\COMPON\TPOWER\APRO4\PrnDrv\Win9xME\Patch401.pas
File Copy: X:\COMPON\TPOWER\APRO4\PrnDrv\Win9xME\PDDebug.inc
File Copy: X:\COMPON\TPOWER\APRO4\PrnDrv\Win9xME\Standard.pfm
Made Dir: X:\COMPON\TPOWER\APRO4\FaxCover
File Copy: X:\COMPON\TPOWER\APRO4\FaxCover\FaxCover.dpr
File Copy: X:\COMPON\TPOWER\APRO4\FaxCover\Faxcover.hlp
File Copy: X:\COMPON\TPOWER\APRO4\FaxCover\FaxCover.ico
File Copy: X:\COMPON\TPOWER\APRO4\FaxCover\FaxCover.res
File Copy: X:\COMPON\TPOWER\APRO4\FaxCover\Faxcover.rtf
File Copy: X:\COMPON\TPOWER\APRO4\FaxCover\faxfield.pas
File Copy: X:\COMPON\TPOWER\APRO4\FaxCover\FDConvrt.pas
File Copy: X:\COMPON\TPOWER\APRO4\FaxCover\fdoption.dfm
File Copy: X:\COMPON\TPOWER\APRO4\FaxCover\fdoption.pas
File Copy: X:\COMPON\TPOWER\APRO4\FaxCover\FDRepTag.dfm
File Copy: X:\COMPON\TPOWER\APRO4\FaxCover\FDRepTag.pas
File Copy: X:\COMPON\TPOWER\APRO4\FaxCover\fdutils.pas
File Copy: X:\COMPON\TPOWER\APRO4\FaxCover\main.dfm
File Copy: X:\COMPON\TPOWER\APRO4\FaxCover\main.pas
File Copy: X:\COMPON\TPOWER\APRO4\FaxCover\Mdiapp.ico
File Copy: X:\COMPON\TPOWER\APRO4\FaxCover\PageForm.dfm
File Copy: X:\COMPON\TPOWER\APRO4\FaxCover\PageForm.pas
File Copy: X:\COMPON\TPOWER\APRO4\FaxCover\ruler.pas
File Copy: X:\COMPON\TPOWER\APRO4\FaxCover\Tpslogo.bmp
Made Dir: X:\COMPON\TPOWER\APRO4\Examples
File Copy: X:\COMPON\TPOWER\APRO4\Examples\Beep.wav
File Copy: X:\COMPON\TPOWER\APRO4\Examples\Choice0.wav
File Copy: X:\COMPON\TPOWER\APRO4\Examples\Choice1.wav
File Copy: X:\COMPON\TPOWER\APRO4\Examples\Choice2.wav
File Copy: X:\COMPON\TPOWER\APRO4\Examples\Choice3.wav
File Copy: X:\COMPON\TPOWER\APRO4\Examples\Choice4.wav
File Copy: X:\COMPON\TPOWER\APRO4\Examples\Choice5.wav
File Copy: X:\COMPON\TPOWER\APRO4\Examples\Choice6.wav
File Copy: X:\COMPON\TPOWER\APRO4\Examples\Choice7.wav
File Copy: X:\COMPON\TPOWER\APRO4\Examples\Choice8.wav
File Copy: X:\COMPON\TPOWER\APRO4\Examples\Choice9.wav
File Copy: X:\COMPON\TPOWER\APRO4\Examples\Correct.wav
File Copy: X:\COMPON\TPOWER\APRO4\Examples\Enter.wav
File Copy: X:\COMPON\TPOWER\APRO4\Examples\FRcvPrmt.wav
File Copy: X:\COMPON\TPOWER\APRO4\Examples\FRcvWelc.wav
File Copy: X:\COMPON\TPOWER\APRO4\Examples\FSndPrmt.wav
File Copy: X:\COMPON\TPOWER\APRO4\Examples\FSndWelc.wav
File Copy: X:\COMPON\TPOWER\APRO4\Examples\Goodbye.wav
File Copy: X:\COMPON\TPOWER\APRO4\Examples\Greeting.wav
File Copy: X:\COMPON\TPOWER\APRO4\Examples\Hangup.wav
File Copy: X:\COMPON\TPOWER\APRO4\Examples\Invalid.wav
File Copy: X:\COMPON\TPOWER\APRO4\Examples\Menu.wav
File Copy: X:\COMPON\TPOWER\APRO4\Examples\Play0.wav
File Copy: X:\COMPON\TPOWER\APRO4\Examples\Play1.wav
File Copy: X:\COMPON\TPOWER\APRO4\Examples\Play2.wav
File Copy: X:\COMPON\TPOWER\APRO4\Examples\Play3.wav
File Copy: X:\COMPON\TPOWER\APRO4\Examples\Play4.wav
File Copy: X:\COMPON\TPOWER\APRO4\Examples\Play5.wav
File Copy: X:\COMPON\TPOWER\APRO4\Examples\Play6.wav
File Copy: X:\COMPON\TPOWER\APRO4\Examples\Play7.wav
File Copy: X:\COMPON\TPOWER\APRO4\Examples\Play8.wav
File Copy: X:\COMPON\TPOWER\APRO4\Examples\Play9.wav
File Copy: X:\COMPON\TPOWER\APRO4\Examples\PressStar.wav
File Copy: X:\COMPON\TPOWER\APRO4\Examples\RecGreet.wav
File Copy: X:\COMPON\TPOWER\APRO4\Examples\UEntered.wav
File Copy: X:\COMPON\TPOWER\APRO4\Examples\Welcome.wav
Made Dir: X:\COMPON\TPOWER\APRO4\Examples\Delphi
File Copy: X:\COMPON\TPOWER\APRO4\Examples\Delphi\BAUDFRM.DFM
File Copy: X:\COMPON\TPOWER\APRO4\Examples\Delphi\BAUDFRM.PAS
File Copy: X:\COMPON\TPOWER\APRO4\Examples\Delphi\CVT2FAX.DPR
File Copy: X:\COMPON\TPOWER\APRO4\Examples\Delphi\CVTMAIN.DFM
File Copy: X:\COMPON\TPOWER\APRO4\Examples\Delphi\CVTMAIN.PAS
File Copy: X:\COMPON\TPOWER\APRO4\Examples\Delphi\CVTOPT.DFM
File Copy: X:\COMPON\TPOWER\APRO4\Examples\Delphi\CVTOPT.PAS
File Copy: X:\COMPON\TPOWER\APRO4\Examples\Delphi\CVTPROG.DFM
File Copy: X:\COMPON\TPOWER\APRO4\Examples\Delphi\CVTPROG.PAS
File Copy: X:\COMPON\TPOWER\APRO4\Examples\Delphi\EXADAPT.DPR
File Copy: X:\COMPON\TPOWER\APRO4\Examples\Delphi\EXADAPT0.DFM
File Copy: X:\COMPON\TPOWER\APRO4\Examples\Delphi\EXADAPT0.PAS
File Copy: X:\COMPON\TPOWER\APRO4\Examples\Delphi\EXANSWE0.DFM
File Copy: X:\COMPON\TPOWER\APRO4\Examples\Delphi\EXANSWE0.PAS
File Copy: X:\COMPON\TPOWER\APRO4\Examples\Delphi\EXANSWER.DPR
File Copy: X:\COMPON\TPOWER\APRO4\Examples\Delphi\EXAUTO.DPR
File Copy: X:\COMPON\TPOWER\APRO4\Examples\Delphi\EXAUTO0.DFM
File Copy: X:\COMPON\TPOWER\APRO4\Examples\Delphi\EXAUTO0.PAS
File Copy: X:\COMPON\TPOWER\APRO4\Examples\Delphi\EXCLIENT.DPR
File Copy: X:\COMPON\TPOWER\APRO4\Examples\Delphi\EXCLNT1.DFM
File Copy: X:\COMPON\TPOWER\APRO4\Examples\Delphi\EXCLNT1.PAS
File Copy: X:\COMPON\TPOWER\APRO4\Examples\Delphi\EXCOM.DPR
File Copy: X:\COMPON\TPOWER\APRO4\Examples\Delphi\EXCOM0.DFM
File Copy: X:\COMPON\TPOWER\APRO4\Examples\Delphi\EXCOM0.PAS
File Copy: X:\COMPON\TPOWER\APRO4\Examples\Delphi\ExConApp.dpr
File Copy: X:\COMPON\TPOWER\APRO4\Examples\Delphi\EXCTL.DPR
File Copy: X:\COMPON\TPOWER\APRO4\Examples\Delphi\EXCTL0.DFM
File Copy: X:\COMPON\TPOWER\APRO4\Examples\Delphi\EXCTL0.PAS
File Copy: X:\COMPON\TPOWER\APRO4\Examples\Delphi\EXDPORT.DPR
File Copy: X:\COMPON\TPOWER\APRO4\Examples\Delphi\EXDPORT0.DFM
File Copy: X:\COMPON\TPOWER\APRO4\Examples\Delphi\EXDPORT0.PAS
File Copy: X:\COMPON\TPOWER\APRO4\Examples\Delphi\EXFAXB.DPR
File Copy: X:\COMPON\TPOWER\APRO4\Examples\Delphi\EXFAXB0.DFM
File Copy: X:\COMPON\TPOWER\APRO4\Examples\Delphi\EXFAXB0.PAS
File Copy: X:\COMPON\TPOWER\APRO4\Examples\Delphi\EXFAXL.DPR
File Copy: X:\COMPON\TPOWER\APRO4\Examples\Delphi\EXFAXL0.DFM
File Copy: X:\COMPON\TPOWER\APRO4\Examples\Delphi\EXFAXL0.PAS
File Copy: X:\COMPON\TPOWER\APRO4\Examples\Delphi\EXFAXMR.DPR
File Copy: X:\COMPON\TPOWER\APRO4\Examples\Delphi\EXFAXMR0.DFM
File Copy: X:\COMPON\TPOWER\APRO4\Examples\Delphi\EXFAXMR0.PAS
File Copy: X:\COMPON\TPOWER\APRO4\Examples\Delphi\EXFAXOD.dpr
File Copy: X:\COMPON\TPOWER\APRO4\Examples\Delphi\EXFAXOD0.dfm
File Copy: X:\COMPON\TPOWER\APRO4\Examples\Delphi\EXFAXOD0.pas
File Copy: X:\COMPON\TPOWER\APRO4\Examples\Delphi\EXFAXR.DPR
File Copy: X:\COMPON\TPOWER\APRO4\Examples\Delphi\EXFAXR0.DFM
File Copy: X:\COMPON\TPOWER\APRO4\Examples\Delphi\EXFAXR0.PAS
File Copy: X:\COMPON\TPOWER\APRO4\Examples\Delphi\EXFAXS.DPR
File Copy: X:\COMPON\TPOWER\APRO4\Examples\Delphi\EXFAXS0.DFM
File Copy: X:\COMPON\TPOWER\APRO4\Examples\Delphi\EXFAXS0.PAS
File Copy: X:\COMPON\TPOWER\APRO4\Examples\Delphi\EXFLIST.DPR
File Copy: X:\COMPON\TPOWER\APRO4\Examples\Delphi\EXFLIST0.DFM
File Copy: X:\COMPON\TPOWER\APRO4\Examples\Delphi\EXFLIST0.PAS
File Copy: X:\COMPON\TPOWER\APRO4\Examples\Delphi\ExFoDR.dpr
File Copy: X:\COMPON\TPOWER\APRO4\Examples\Delphi\ExFoDR0.dfm
File Copy: X:\COMPON\TPOWER\APRO4\Examples\Delphi\ExFoDR0.pas
File Copy: X:\COMPON\TPOWER\APRO4\Examples\Delphi\ExFoDS.dpr
File Copy: X:\COMPON\TPOWER\APRO4\Examples\Delphi\ExFoDS0.dfm
File Copy: X:\COMPON\TPOWER\APRO4\Examples\Delphi\ExFoDS0.pas
File Copy: X:\COMPON\TPOWER\APRO4\Examples\Delphi\EXFPRN1.DPR
File Copy: X:\COMPON\TPOWER\APRO4\Examples\Delphi\EXFPRN10.DFM
File Copy: X:\COMPON\TPOWER\APRO4\Examples\Delphi\EXFPRN10.PAS
File Copy: X:\COMPON\TPOWER\APRO4\Examples\Delphi\EXFPRN2.DPR
File Copy: X:\COMPON\TPOWER\APRO4\Examples\Delphi\EXFPRN20.DFM
File Copy: X:\COMPON\TPOWER\APRO4\Examples\Delphi\EXFPRN20.PAS
File Copy: X:\COMPON\TPOWER\APRO4\Examples\Delphi\ExFtpDir.dpr
File Copy: X:\COMPON\TPOWER\APRO4\Examples\Delphi\ExFtpDiu.dfm
File Copy: X:\COMPON\TPOWER\APRO4\Examples\Delphi\ExFtpDiu.pas
File Copy: X:\COMPON\TPOWER\APRO4\Examples\Delphi\EXHOST.DPR
File Copy: X:\COMPON\TPOWER\APRO4\Examples\Delphi\EXHOST0.DFM
File Copy: X:\COMPON\TPOWER\APRO4\Examples\Delphi\EXHOST0.PAS
File Copy: X:\COMPON\TPOWER\APRO4\Examples\Delphi\EXICON.RES
File Copy: X:\COMPON\TPOWER\APRO4\Examples\Delphi\EXIMAGE.DPR
File Copy: X:\COMPON\TPOWER\APRO4\Examples\Delphi\EXIMAGE0.DFM
File Copy: X:\COMPON\TPOWER\APRO4\Examples\Delphi\EXIMAGE0.PAS
File Copy: X:\COMPON\TPOWER\APRO4\Examples\Delphi\ExLibMd0.dfm
File Copy: X:\COMPON\TPOWER\APRO4\Examples\Delphi\ExLibMd0.pas
File Copy: X:\COMPON\TPOWER\APRO4\Examples\Delphi\ExLibMdm.dpr
File Copy: X:\COMPON\TPOWER\APRO4\Examples\Delphi\EXLOG.DPR
File Copy: X:\COMPON\TPOWER\APRO4\Examples\Delphi\EXLOG0.DFM
File Copy: X:\COMPON\TPOWER\APRO4\Examples\Delphi\EXLOG0.PAS
File Copy: X:\COMPON\TPOWER\APRO4\Examples\Delphi\EXLOGIN.DPR
File Copy: X:\COMPON\TPOWER\APRO4\Examples\Delphi\EXLOGIN0.DFM
File Copy: X:\COMPON\TPOWER\APRO4\Examples\Delphi\EXLOGIN0.PAS
File Copy: X:\COMPON\TPOWER\APRO4\Examples\Delphi\ExMaste0.dfm
File Copy: X:\COMPON\TPOWER\APRO4\Examples\Delphi\ExMaste0.pas
File Copy: X:\COMPON\TPOWER\APRO4\Examples\Delphi\exmaster.dpr
File Copy: X:\COMPON\TPOWER\APRO4\Examples\Delphi\EXMDI.DPR
File Copy: X:\COMPON\TPOWER\APRO4\Examples\Delphi\EXMDI0.DFM
File Copy: X:\COMPON\TPOWER\APRO4\Examples\Delphi\EXMDI0.PAS
File Copy: X:\COMPON\TPOWER\APRO4\Examples\Delphi\EXMDI1.DFM
File Copy: X:\COMPON\TPOWER\APRO4\Examples\Delphi\EXMDI1.PAS
File Copy: X:\COMPON\TPOWER\APRO4\Examples\Delphi\EXMDI2.DFM
File Copy: X:\COMPON\TPOWER\APRO4\Examples\Delphi\EXMDI2.DPR
File Copy: X:\COMPON\TPOWER\APRO4\Examples\Delphi\EXMDI2.PAS
File Copy: X:\COMPON\TPOWER\APRO4\Examples\Delphi\EXMDI20.DFM
File Copy: X:\COMPON\TPOWER\APRO4\Examples\Delphi\EXMDI20.PAS
File Copy: X:\COMPON\TPOWER\APRO4\Examples\Delphi\EXMDI21.DFM
File Copy: X:\COMPON\TPOWER\APRO4\Examples\Delphi\EXMDI21.PAS
File Copy: X:\COMPON\TPOWER\APRO4\Examples\Delphi\EXMDI22.DFM
File Copy: X:\COMPON\TPOWER\APRO4\Examples\Delphi\EXMDI22.PAS
File Copy: X:\COMPON\TPOWER\APRO4\Examples\Delphi\ExMdmCa0.dfm
File Copy: X:\COMPON\TPOWER\APRO4\Examples\Delphi\ExMdmCa0.pas
File Copy: X:\COMPON\TPOWER\APRO4\Examples\Delphi\ExMdmCap.dpr
File Copy: X:\COMPON\TPOWER\APRO4\Examples\Delphi\ExPagin0.dfm
File Copy: X:\COMPON\TPOWER\APRO4\Examples\Delphi\ExPagin0.pas
File Copy: X:\COMPON\TPOWER\APRO4\Examples\Delphi\ExPagin1.dfm
File Copy: X:\COMPON\TPOWER\APRO4\Examples\Delphi\ExPagin1.pas
File Copy: X:\COMPON\TPOWER\APRO4\Examples\Delphi\ExPagin2.dfm
File Copy: X:\COMPON\TPOWER\APRO4\Examples\Delphi\ExPagin2.pas
File Copy: X:\COMPON\TPOWER\APRO4\Examples\Delphi\ExPaging.dpr
File Copy: X:\COMPON\TPOWER\APRO4\Examples\Delphi\EXPLOG.DPR
File Copy: X:\COMPON\TPOWER\APRO4\Examples\Delphi\EXPLOG0.DFM
File Copy: X:\COMPON\TPOWER\APRO4\Examples\Delphi\EXPLOG0.PAS
File Copy: X:\COMPON\TPOWER\APRO4\Examples\Delphi\EXPNDX.DPR
File Copy: X:\COMPON\TPOWER\APRO4\Examples\Delphi\EXPNDX0.DFM
File Copy: X:\COMPON\TPOWER\APRO4\Examples\Delphi\EXPNDX0.PAS
File Copy: X:\COMPON\TPOWER\APRO4\Examples\Delphi\EXPROT.DPR
File Copy: X:\COMPON\TPOWER\APRO4\Examples\Delphi\EXPROT0.DFM
File Copy: X:\COMPON\TPOWER\APRO4\Examples\Delphi\EXPROT0.PAS
File Copy: X:\COMPON\TPOWER\APRO4\Examples\Delphi\ExRecord.dpr
File Copy: X:\COMPON\TPOWER\APRO4\Examples\Delphi\ExRecrd0.dfm
File Copy: X:\COMPON\TPOWER\APRO4\Examples\Delphi\ExRecrd0.pas
File Copy: X:\COMPON\TPOWER\APRO4\Examples\Delphi\ExSapi.dpr
File Copy: X:\COMPON\TPOWER\APRO4\Examples\Delphi\ExSapiL1.dfm
File Copy: X:\COMPON\TPOWER\APRO4\Examples\Delphi\ExSapiL1.pas
File Copy: X:\COMPON\TPOWER\APRO4\Examples\Delphi\ExScrip0.dfm
File Copy: X:\COMPON\TPOWER\APRO4\Examples\Delphi\ExScrip0.pas
File Copy: X:\COMPON\TPOWER\APRO4\Examples\Delphi\ExScript.dpr
File Copy: X:\COMPON\TPOWER\APRO4\Examples\Delphi\EXSERV1.DFM
File Copy: X:\COMPON\TPOWER\APRO4\Examples\Delphi\EXSERV1.PAS
File Copy: X:\COMPON\TPOWER\APRO4\Examples\Delphi\EXSERVER.DPR
File Copy: X:\COMPON\TPOWER\APRO4\Examples\Delphi\ExSlave.dpr
File Copy: X:\COMPON\TPOWER\APRO4\Examples\Delphi\ExSlave0.dfm
File Copy: X:\COMPON\TPOWER\APRO4\Examples\Delphi\ExSlave0.pas
File Copy: X:\COMPON\TPOWER\APRO4\Examples\Delphi\ExSMSPg0.dfm
File Copy: X:\COMPON\TPOWER\APRO4\Examples\Delphi\ExSMSPg0.pas
File Copy: X:\COMPON\TPOWER\APRO4\Examples\Delphi\ExSMSPgr.dpr
File Copy: X:\COMPON\TPOWER\APRO4\Examples\Delphi\ExSNPP.dpr
File Copy: X:\COMPON\TPOWER\APRO4\Examples\Delphi\ExSNPP0.dfm
File Copy: X:\COMPON\TPOWER\APRO4\Examples\Delphi\ExSNPP0.pas
File Copy: X:\COMPON\TPOWER\APRO4\Examples\Delphi\EXSTAT.DPR
File Copy: X:\COMPON\TPOWER\APRO4\Examples\Delphi\EXSTAT0.DFM
File Copy: X:\COMPON\TPOWER\APRO4\Examples\Delphi\EXSTAT0.PAS
File Copy: X:\COMPON\TPOWER\APRO4\Examples\Delphi\ExState.dpr
File Copy: X:\COMPON\TPOWER\APRO4\Examples\Delphi\ExTap.dpr
File Copy: X:\COMPON\TPOWER\APRO4\Examples\Delphi\ExTap0.dfm
File Copy: X:\COMPON\TPOWER\APRO4\Examples\Delphi\ExTap0.pas
File Copy: X:\COMPON\TPOWER\APRO4\Examples\Delphi\EXTAPI.DPR
File Copy: X:\COMPON\TPOWER\APRO4\Examples\Delphi\EXTAPI0.DFM
File Copy: X:\COMPON\TPOWER\APRO4\Examples\Delphi\EXTAPI0.PAS
File Copy: X:\COMPON\TPOWER\APRO4\Examples\Delphi\EXTAPIA.DPR
File Copy: X:\COMPON\TPOWER\APRO4\Examples\Delphi\EXTAPIA0.DFM
File Copy: X:\COMPON\TPOWER\APRO4\Examples\Delphi\EXTAPIA0.PAS
File Copy: X:\COMPON\TPOWER\APRO4\Examples\Delphi\EXTAPID.DPR
File Copy: X:\COMPON\TPOWER\APRO4\Examples\Delphi\EXTAPID0.DFM
File Copy: X:\COMPON\TPOWER\APRO4\Examples\Delphi\EXTAPID0.PAS
File Copy: X:\COMPON\TPOWER\APRO4\Examples\Delphi\EXTAPIF.DPR
File Copy: X:\COMPON\TPOWER\APRO4\Examples\Delphi\EXTAPIF0.DFM
File Copy: X:\COMPON\TPOWER\APRO4\Examples\Delphi\EXTAPIF0.PAS
File Copy: X:\COMPON\TPOWER\APRO4\Examples\Delphi\EXTCAP.DPR
File Copy: X:\COMPON\TPOWER\APRO4\Examples\Delphi\EXTCAP0.DFM
File Copy: X:\COMPON\TPOWER\APRO4\Examples\Delphi\EXTCAP0.PAS
File Copy: X:\COMPON\TPOWER\APRO4\Examples\Delphi\EXTHAN.DPR
File Copy: X:\COMPON\TPOWER\APRO4\Examples\Delphi\EXTHAN0.DFM
File Copy: X:\COMPON\TPOWER\APRO4\Examples\Delphi\EXTHAN0.PAS
File Copy: X:\COMPON\TPOWER\APRO4\Examples\Delphi\EXTMAIN.DPR
File Copy: X:\COMPON\TPOWER\APRO4\Examples\Delphi\EXTMAIN0.DFM
File Copy: X:\COMPON\TPOWER\APRO4\Examples\Delphi\EXTMAIN0.PAS
File Copy: X:\COMPON\TPOWER\APRO4\Examples\Delphi\EXTRACE.DPR
File Copy: X:\COMPON\TPOWER\APRO4\Examples\Delphi\EXTRACE0.DFM
File Copy: X:\COMPON\TPOWER\APRO4\Examples\Delphi\EXTRACE0.PAS
File Copy: X:\COMPON\TPOWER\APRO4\Examples\Delphi\EXTRIG.DPR
File Copy: X:\COMPON\TPOWER\APRO4\Examples\Delphi\EXTRIG0.DFM
File Copy: X:\COMPON\TPOWER\APRO4\Examples\Delphi\EXTRIG0.PAS
File Copy: X:\COMPON\TPOWER\APRO4\Examples\Delphi\EXVIEW.DPR
File Copy: X:\COMPON\TPOWER\APRO4\Examples\Delphi\EXVIEW0.DFM
File Copy: X:\COMPON\TPOWER\APRO4\Examples\Delphi\EXVIEW0.PAS
File Copy: X:\COMPON\TPOWER\APRO4\Examples\Delphi\ExVoice.dpr
File Copy: X:\COMPON\TPOWER\APRO4\Examples\Delphi\exvoice0.dfm
File Copy: X:\COMPON\TPOWER\APRO4\Examples\Delphi\exvoice0.pas
File Copy: X:\COMPON\TPOWER\APRO4\Examples\Delphi\exVoIP.dpr
File Copy: X:\COMPON\TPOWER\APRO4\Examples\Delphi\EXWNSOC0.dfm
File Copy: X:\COMPON\TPOWER\APRO4\Examples\Delphi\EXWNSOC0.PAS
File Copy: X:\COMPON\TPOWER\APRO4\Examples\Delphi\EXWNSOCK.DPR
File Copy: X:\COMPON\TPOWER\APRO4\Examples\Delphi\ExwPack0.dfm
File Copy: X:\COMPON\TPOWER\APRO4\Examples\Delphi\ExwPack0.pas
File Copy: X:\COMPON\TPOWER\APRO4\Examples\Delphi\ExwPackt.dpr
File Copy: X:\COMPON\TPOWER\APRO4\Examples\Delphi\EXWZRCV0.DFM
File Copy: X:\COMPON\TPOWER\APRO4\Examples\Delphi\EXWZRCV0.PAS
File Copy: X:\COMPON\TPOWER\APRO4\Examples\Delphi\EXWZRECV.DPR
File Copy: X:\COMPON\TPOWER\APRO4\Examples\Delphi\EXWZSEND.DPR
File Copy: X:\COMPON\TPOWER\APRO4\Examples\Delphi\EXWZSND0.DFM
File Copy: X:\COMPON\TPOWER\APRO4\Examples\Delphi\EXWZSND0.PAS
File Copy: X:\COMPON\TPOWER\APRO4\Examples\Delphi\EXZRECV.DPR
File Copy: X:\COMPON\TPOWER\APRO4\Examples\Delphi\EXZRECV0.DFM
File Copy: X:\COMPON\TPOWER\APRO4\Examples\Delphi\EXZRECV0.PAS
File Copy: X:\COMPON\TPOWER\APRO4\Examples\Delphi\EXZSEND.DPR
File Copy: X:\COMPON\TPOWER\APRO4\Examples\Delphi\EXZSEND0.DFM
File Copy: X:\COMPON\TPOWER\APRO4\Examples\Delphi\EXZSEND0.PAS
File Copy: X:\COMPON\TPOWER\APRO4\Examples\Delphi\FaxMon.dpr
File Copy: X:\COMPON\TPOWER\APRO4\Examples\Delphi\FaxMon0.dfm
File Copy: X:\COMPON\TPOWER\APRO4\Examples\Delphi\FaxMon0.pas
File Copy: X:\COMPON\TPOWER\APRO4\Examples\Delphi\faxserv0.dfm
File Copy: X:\COMPON\TPOWER\APRO4\Examples\Delphi\faxserv0.pas
File Copy: X:\COMPON\TPOWER\APRO4\Examples\Delphi\FaxServr.dpr
File Copy: X:\COMPON\TPOWER\APRO4\Examples\Delphi\FAXSRVX.DPR
File Copy: X:\COMPON\TPOWER\APRO4\Examples\Delphi\FAXSRVX0.DFM
File Copy: X:\COMPON\TPOWER\APRO4\Examples\Delphi\FAXSRVX0.PAS
File Copy: X:\COMPON\TPOWER\APRO4\Examples\Delphi\FAXSRVX1.DFM
File Copy: X:\COMPON\TPOWER\APRO4\Examples\Delphi\FAXSRVX1.PAS
File Copy: X:\COMPON\TPOWER\APRO4\Examples\Delphi\FtpAuto.dpr
File Copy: X:\COMPON\TPOWER\APRO4\Examples\Delphi\FtpAuto0.dfm
File Copy: X:\COMPON\TPOWER\APRO4\Examples\Delphi\FtpAuto0.pas
File Copy: X:\COMPON\TPOWER\APRO4\Examples\Delphi\FtpDemo.dpr
File Copy: X:\COMPON\TPOWER\APRO4\Examples\Delphi\FtpDemou.dfm
File Copy: X:\COMPON\TPOWER\APRO4\Examples\Delphi\FtpDemou.pas
File Copy: X:\COMPON\TPOWER\APRO4\Examples\Delphi\FxClient.dpr
File Copy: X:\COMPON\TPOWER\APRO4\Examples\Delphi\FxClnt0.dfm
File Copy: X:\COMPON\TPOWER\APRO4\Examples\Delphi\FxClnt0.pas
File Copy: X:\COMPON\TPOWER\APRO4\Examples\Delphi\FxJobDlg.dfm
File Copy: X:\COMPON\TPOWER\APRO4\Examples\Delphi\FxJobDlg.pas
File Copy: X:\COMPON\TPOWER\APRO4\Examples\Delphi\FxSrvr.dpr
File Copy: X:\COMPON\TPOWER\APRO4\Examples\Delphi\FxSrvr0.dfm
File Copy: X:\COMPON\TPOWER\APRO4\Examples\Delphi\FxSrvr0.pas
File Copy: X:\COMPON\TPOWER\APRO4\Examples\Delphi\Pagers.lst
File Copy: X:\COMPON\TPOWER\APRO4\Examples\Delphi\Paging.ini
File Copy: X:\COMPON\TPOWER\APRO4\Examples\Delphi\PERCENT.DFM
File Copy: X:\COMPON\TPOWER\APRO4\Examples\Delphi\PERCENT.PAS
File Copy: X:\COMPON\TPOWER\APRO4\Examples\Delphi\PINST.DPR
File Copy: X:\COMPON\TPOWER\APRO4\Examples\Delphi\QryMdm.dpr
File Copy: X:\COMPON\TPOWER\APRO4\Examples\Delphi\QryMdm0.dfm
File Copy: X:\COMPON\TPOWER\APRO4\Examples\Delphi\QryMdm0.pas
File Copy: X:\COMPON\TPOWER\APRO4\Examples\Delphi\RasDemo.dpr
File Copy: X:\COMPON\TPOWER\APRO4\Examples\Delphi\RasDemou.dfm
File Copy: X:\COMPON\TPOWER\APRO4\Examples\Delphi\RasDemou.pas
File Copy: X:\COMPON\TPOWER\APRO4\Examples\Delphi\RCVFAX.DPR
File Copy: X:\COMPON\TPOWER\APRO4\Examples\Delphi\RCVFAX0.DFM
File Copy: X:\COMPON\TPOWER\APRO4\Examples\Delphi\RCVFAX0.PAS
File Copy: X:\COMPON\TPOWER\APRO4\Examples\Delphi\SENDFAX.DPR
File Copy: X:\COMPON\TPOWER\APRO4\Examples\Delphi\SENDFAX0.DFM
File Copy: X:\COMPON\TPOWER\APRO4\Examples\Delphi\SENDFAX0.PAS
File Copy: X:\COMPON\TPOWER\APRO4\Examples\Delphi\SENDFAX1.DFM
File Copy: X:\COMPON\TPOWER\APRO4\Examples\Delphi\SENDFAX1.PAS
File Copy: X:\COMPON\TPOWER\APRO4\Examples\Delphi\TAGFRM.DFM
File Copy: X:\COMPON\TPOWER\APRO4\Examples\Delphi\TDEMU.DFM
File Copy: X:\COMPON\TPOWER\APRO4\Examples\Delphi\TDEMU.PAS
File Copy: X:\COMPON\TPOWER\APRO4\Examples\Delphi\TDMAIN.DFM
File Copy: X:\COMPON\TPOWER\APRO4\Examples\Delphi\TDMAIN.PAS
File Copy: X:\COMPON\TPOWER\APRO4\Examples\Delphi\TERMDEMO.DPR
File Copy: X:\COMPON\TPOWER\APRO4\Examples\Delphi\Thread.dpr
File Copy: X:\COMPON\TPOWER\APRO4\Examples\Delphi\Thread0.dfm
File Copy: X:\COMPON\TPOWER\APRO4\Examples\Delphi\Thread0.pas
File Copy: X:\COMPON\TPOWER\APRO4\Examples\Delphi\VIEWFAX.DPR
File Copy: X:\COMPON\TPOWER\APRO4\Examples\Delphi\VIEWMAIN.DFM
File Copy: X:\COMPON\TPOWER\APRO4\Examples\Delphi\VIEWMAIN.PAS
File Copy: X:\COMPON\TPOWER\APRO4\Examples\Delphi\WCOMP.DFM
File Copy: X:\COMPON\TPOWER\APRO4\Examples\Delphi\WCOMP.PAS
File Copy: X:\COMPON\TPOWER\APRO4\Examples\Delphi\ExSapi0.pas
File Copy: X:\COMPON\TPOWER\APRO4\Examples\Delphi\ExSapi0.dfm
File Copy: X:\COMPON\TPOWER\APRO4\Examples\Delphi\ExSapiA0.pas
File Copy: X:\COMPON\TPOWER\APRO4\Examples\Delphi\ExSapiA0.dfm
File Copy: X:\COMPON\TPOWER\APRO4\Examples\Delphi\ExSapiB0.pas
File Copy: X:\COMPON\TPOWER\APRO4\Examples\Delphi\ExSapiB0.dfm
File Copy: X:\COMPON\TPOWER\APRO4\Examples\Delphi\ExSapiD0.pas
File Copy: X:\COMPON\TPOWER\APRO4\Examples\Delphi\ExSapiD0.dfm
File Copy: X:\COMPON\TPOWER\APRO4\Examples\Delphi\ExSapiL0.pas
File Copy: X:\COMPON\TPOWER\APRO4\Examples\Delphi\ExSapiL0.dfm
File Copy: X:\COMPON\TPOWER\APRO4\Examples\Delphi\ExSapiP0.pas
File Copy: X:\COMPON\TPOWER\APRO4\Examples\Delphi\ExSapiP0.dfm
File Copy: X:\COMPON\TPOWER\APRO4\Examples\Delphi\ExSMSMs0.pas
File Copy: X:\COMPON\TPOWER\APRO4\Examples\Delphi\ExSMSMs0.dfm
File Copy: X:\COMPON\TPOWER\APRO4\Examples\Delphi\ExState0.pas
File Copy: X:\COMPON\TPOWER\APRO4\Examples\Delphi\ExState0.dfm
File Copy: X:\COMPON\TPOWER\APRO4\Examples\Delphi\ExVoIP0.pas
File Copy: X:\COMPON\TPOWER\APRO4\Examples\Delphi\ExVoIP0.dfm
File Copy: X:\COMPON\TPOWER\APRO4\Examples\Delphi\ExSapiAs.dpr
File Copy: X:\COMPON\TPOWER\APRO4\Examples\Delphi\ExSapiB.dpr
File Copy: X:\COMPON\TPOWER\APRO4\Examples\Delphi\ExSapiDl.dpr
File Copy: X:\COMPON\TPOWER\APRO4\Examples\Delphi\ExSapiLs.dpr
File Copy: X:\COMPON\TPOWER\APRO4\Examples\Delphi\ExSapiPh.dpr
File Copy: X:\COMPON\TPOWER\APRO4\Examples\Delphi\ExSMSMes.dpr
Made Dir: X:\COMPON\TPOWER\APRO4\Help
File Copy: X:\COMPON\TPOWER\APRO4\Help\Apro.hlp
File Copy: X:\COMPON\TPOWER\APRO4\Help\Apro.cnt
File Copy: X:\COMPON\TPOWER\APRO4\Help\AproFAQ.hlp
Made Dir: X:\COMPON\TPOWER\APRO4\modemcap
File Copy: X:\COMPON\TPOWER\APRO4\modemcap\mdmpn1.xml
File Copy: X:\COMPON\TPOWER\APRO4\modemcap\mdmpnb.xml
File Copy: X:\COMPON\TPOWER\APRO4\modemcap\mdmpp.xml
File Copy: X:\COMPON\TPOWER\APRO4\modemcap\mdmprodm.xml
File Copy: X:\COMPON\TPOWER\APRO4\modemcap\mdmpsion.xml
File Copy: X:\COMPON\TPOWER\APRO4\modemcap\mdmracal.xml
File Copy: X:\COMPON\TPOWER\APRO4\modemcap\mdmgvc.xml
File Copy: X:\COMPON\TPOWER\APRO4\modemcap\mdmusrg.xml
File Copy: X:\COMPON\TPOWER\APRO4\modemcap\mdmatt.xml
File Copy: X:\COMPON\TPOWER\APRO4\modemcap\mdmusrk1.xml
File Copy: X:\COMPON\TPOWER\APRO4\modemcap\mdmgatew.xml
File Copy: X:\COMPON\TPOWER\APRO4\modemcap\mdmaus.xml
File Copy: X:\COMPON\TPOWER\APRO4\modemcap\mdmexp.xml
File Copy: X:\COMPON\TPOWER\APRO4\modemcap\mdmeyp.xml
File Copy: X:\COMPON\TPOWER\APRO4\modemcap\mdmrisa.xml
File Copy: X:\COMPON\TPOWER\APRO4\modemcap\mdmgcs.xml
File Copy: X:\COMPON\TPOWER\APRO4\modemcap\mdmusrsp.xml
File Copy: X:\COMPON\TPOWER\APRO4\modemcap\mdmbsb.xml
File Copy: X:\COMPON\TPOWER\APRO4\modemcap\mdmusrwp.xml
File Copy: X:\COMPON\TPOWER\APRO4\modemcap\mdmvdot.xml
File Copy: X:\COMPON\TPOWER\APRO4\modemcap\mdmbsch.xml
File Copy: X:\COMPON\TPOWER\APRO4\modemcap\mdmvict.xml
File Copy: X:\COMPON\TPOWER\APRO4\modemcap\mdmvv.xml
File Copy: X:\COMPON\TPOWER\APRO4\modemcap\mdmrock.xml
File Copy: X:\COMPON\TPOWER\APRO4\modemcap\mdmblatz.xml
File Copy: X:\COMPON\TPOWER\APRO4\modemcap\mdmboca.xml
File Copy: X:\COMPON\TPOWER\APRO4\modemcap\mdmrock2.xml
File Copy: X:\COMPON\TPOWER\APRO4\modemcap\mdmcm28.xml
File Copy: X:\COMPON\TPOWER\APRO4\modemcap\mdmcmcm.xml
File Copy: X:\COMPON\TPOWER\APRO4\modemcap\mdmrock3.xml
File Copy: X:\COMPON\TPOWER\APRO4\modemcap\mdmcodex.xml
File Copy: X:\COMPON\TPOWER\APRO4\modemcap\mdmcom1.xml
File Copy: X:\COMPON\TPOWER\APRO4\modemcap\mdmrock4.xml
File Copy: X:\COMPON\TPOWER\APRO4\modemcap\mdmcommu.xml
File Copy: X:\COMPON\TPOWER\APRO4\modemcap\mdmwell.xml
File Copy: X:\COMPON\TPOWER\APRO4\modemcap\mdmwhql0.xml
File Copy: X:\COMPON\TPOWER\APRO4\modemcap\mdmcpi.xml
File Copy: X:\COMPON\TPOWER\APRO4\modemcap\mdmzyp.xml
File Copy: X:\COMPON\TPOWER\APRO4\modemcap\mdmhaeu.xml
File Copy: X:\COMPON\TPOWER\APRO4\modemcap\mdmrock5.xml
File Copy: X:\COMPON\TPOWER\APRO4\modemcap\mdmwoer.xml
File Copy: X:\COMPON\TPOWER\APRO4\modemcap\mdmx5560.xml
File Copy: X:\COMPON\TPOWER\APRO4\modemcap\mdmrpci.xml
File Copy: X:\COMPON\TPOWER\APRO4\modemcap\mdmyorik.xml
File Copy: X:\COMPON\TPOWER\APRO4\modemcap\mdmzoom.xml
File Copy: X:\COMPON\TPOWER\APRO4\modemcap\mdmrpciw.xml
File Copy: X:\COMPON\TPOWER\APRO4\modemcap\mdmgen.xml
File Copy: X:\COMPON\TPOWER\APRO4\modemcap\mdmgsm.xml
File Copy: X:\COMPON\TPOWER\APRO4\modemcap\mdmsecdy.xml
File Copy: X:\COMPON\TPOWER\APRO4\modemcap\mdmhaeus.xml
File Copy: X:\COMPON\TPOWER\APRO4\modemcap\mdmzyxel.xml
File Copy: X:\COMPON\TPOWER\APRO4\modemcap\mdmsetup.xml
File Copy: X:\COMPON\TPOWER\APRO4\modemcap\mdmsier.xml
File Copy: X:\COMPON\TPOWER\APRO4\modemcap\mdmsimpl.xml
File Copy: X:\COMPON\TPOWER\APRO4\modemcap\mdmsmart.xml
File Copy: X:\COMPON\TPOWER\APRO4\modemcap\mdmsnit1.xml
File Copy: X:\COMPON\TPOWER\APRO4\modemcap\mdmsnitn.xml
File Copy: X:\COMPON\TPOWER\APRO4\modemcap\mdmsonix.xml
File Copy: X:\COMPON\TPOWER\APRO4\modemcap\mdmcpq.xml
File Copy: X:\COMPON\TPOWER\APRO4\modemcap\mdmcpq2.xml
File Copy: X:\COMPON\TPOWER\APRO4\modemcap\mdmspq28.xml
File Copy: X:\COMPON\TPOWER\APRO4\modemcap\mdmdisco.xml
File Copy: X:\COMPON\TPOWER\APRO4\modemcap\mdmhandy.xml
File Copy: X:\COMPON\TPOWER\APRO4\modemcap\mdmhay2.xml
File Copy: X:\COMPON\TPOWER\APRO4\modemcap\mdmdsi.xml
File Copy: X:\COMPON\TPOWER\APRO4\modemcap\mdmzyxld.xml
File Copy: X:\COMPON\TPOWER\APRO4\modemcap\mdmhayes.xml
File Copy: X:\COMPON\TPOWER\APRO4\modemcap\mdmsrt.xml
File Copy: X:\COMPON\TPOWER\APRO4\modemcap\mdminfot.xml
File Copy: X:\COMPON\TPOWER\APRO4\modemcap\mdmzyxlg.xml
File Copy: X:\COMPON\TPOWER\APRO4\modemcap\mdmcpv.xml
File Copy: X:\COMPON\TPOWER\APRO4\modemcap\mdm3com.xml
File Copy: X:\COMPON\TPOWER\APRO4\modemcap\mdm3cpcm.xml
File Copy: X:\COMPON\TPOWER\APRO4\modemcap\mdmcrtix.xml
File Copy: X:\COMPON\TPOWER\APRO4\modemcap\mdminsys.xml
File Copy: X:\COMPON\TPOWER\APRO4\modemcap\mdmintel.xml
File Copy: X:\COMPON\TPOWER\APRO4\modemcap\mdmsupr3.xml
File Copy: X:\COMPON\TPOWER\APRO4\modemcap\modemcap.xml
File Copy: X:\COMPON\TPOWER\APRO4\modemcap\mdmlasno.xml
File Copy: X:\COMPON\TPOWER\APRO4\modemcap\mdmctm1.xml
File Copy: X:\COMPON\TPOWER\APRO4\modemcap\mdmdefd.xml
File Copy: X:\COMPON\TPOWER\APRO4\modemcap\mdmsupra.xml
File Copy: X:\COMPON\TPOWER\APRO4\modemcap\mdmdgitn.xml
File Copy: X:\COMPON\TPOWER\APRO4\modemcap\mdmdigi.xml
File Copy: X:\COMPON\TPOWER\APRO4\modemcap\mdmsuprv.xml
File Copy: X:\COMPON\TPOWER\APRO4\modemcap\mdmdyna.xml
File Copy: X:\COMPON\TPOWER\APRO4\modemcap\mdmeiger.xml
File Copy: X:\COMPON\TPOWER\APRO4\modemcap\mdmtaicm.xml
File Copy: X:\COMPON\TPOWER\APRO4\modemcap\mdmtdk.xml
File Copy: X:\COMPON\TPOWER\APRO4\modemcap\mdmtelbt.xml
File Copy: X:\COMPON\TPOWER\APRO4\modemcap\mdmlce.xml
File Copy: X:\COMPON\TPOWER\APRO4\modemcap\mdm3cisa.xml
File Copy: X:\COMPON\TPOWER\APRO4\modemcap\mdmtelin.xml
File Copy: X:\COMPON\TPOWER\APRO4\modemcap\mdm3cusb.xml
File Copy: X:\COMPON\TPOWER\APRO4\modemcap\mdm3x.xml
File Copy: X:\COMPON\TPOWER\APRO4\modemcap\mdmtelnk.xml
File Copy: X:\COMPON\TPOWER\APRO4\modemcap\mdm656n5.xml
File Copy: X:\COMPON\TPOWER\APRO4\modemcap\mdmaceex.xml
File Copy: X:\COMPON\TPOWER\APRO4\modemcap\mdmtexas.xml
File Copy: X:\COMPON\TPOWER\APRO4\modemcap\mdmadc.xml
File Copy: X:\COMPON\TPOWER\APRO4\modemcap\mdmar1.xml
File Copy: X:\COMPON\TPOWER\APRO4\modemcap\mdmtger.xml
File Copy: X:\COMPON\TPOWER\APRO4\modemcap\mdmarch.xml
File Copy: X:\COMPON\TPOWER\APRO4\modemcap\mdmarcht.xml
File Copy: X:\COMPON\TPOWER\APRO4\modemcap\mdmti.xml
File Copy: X:\COMPON\TPOWER\APRO4\modemcap\mdmkortx.xml
File Copy: X:\COMPON\TPOWER\APRO4\modemcap\mdmlasat.xml
File Copy: X:\COMPON\TPOWER\APRO4\modemcap\mdmtosh.xml
File Copy: X:\COMPON\TPOWER\APRO4\modemcap\mdmtripl.xml
File Copy: X:\COMPON\TPOWER\APRO4\modemcap\mdmtron.xml
File Copy: X:\COMPON\TPOWER\APRO4\modemcap\mdmelink.xml
File Copy: X:\COMPON\TPOWER\APRO4\modemcap\mdmelsa.xml
File Copy: X:\COMPON\TPOWER\APRO4\modemcap\mdmucom.xml
File Copy: X:\COMPON\TPOWER\APRO4\modemcap\mdmeric.xml
File Copy: X:\COMPON\TPOWER\APRO4\modemcap\mdmeric2.xml
File Copy: X:\COMPON\TPOWER\APRO4\modemcap\mdmusrcr.xml
File Copy: X:\COMPON\TPOWER\APRO4\modemcap\mdmess.xml
File Copy: X:\COMPON\TPOWER\APRO4\modemcap\mdmetech.xml
File Copy: X:\COMPON\TPOWER\APRO4\modemcap\mdmintpc.xml
File Copy: X:\COMPON\TPOWER\APRO4\modemcap\mdmisdn.xml
File Copy: X:\COMPON\TPOWER\APRO4\modemcap\mdmusrf.xml
File Copy: X:\COMPON\TPOWER\APRO4\modemcap\mdmarn.xml
File Copy: X:\COMPON\TPOWER\APRO4\modemcap\mdmitex.xml
File Copy: X:\COMPON\TPOWER\APRO4\modemcap\mdmgv.xml
File Copy: X:\COMPON\TPOWER\APRO4\modemcap\mdmke.xml
File Copy: X:\COMPON\TPOWER\APRO4\modemcap\mdmati.xml
File Copy: X:\COMPON\TPOWER\APRO4\modemcap\mdmlngsh.xml
File Copy: X:\COMPON\TPOWER\APRO4\modemcap\mdmlt3.xml
File Copy: X:\COMPON\TPOWER\APRO4\modemcap\mdmltleo.xml
File Copy: X:\COMPON\TPOWER\APRO4\modemcap\mdmmart.xml
File Copy: X:\COMPON\TPOWER\APRO4\modemcap\mdmmcom.xml
File Copy: X:\COMPON\TPOWER\APRO4\modemcap\mdmmetri.xml
File Copy: X:\COMPON\TPOWER\APRO4\modemcap\mdmmhrtz.xml
File Copy: X:\COMPON\TPOWER\APRO4\modemcap\mdmmhza.xml
File Copy: X:\COMPON\TPOWER\APRO4\modemcap\mdmmhzel.xml
File Copy: X:\COMPON\TPOWER\APRO4\modemcap\mdmmhzk1.xml
File Copy: X:\COMPON\TPOWER\APRO4\modemcap\mdmmix.xml
File Copy: X:\COMPON\TPOWER\APRO4\modemcap\mdmmod.xml
File Copy: X:\COMPON\TPOWER\APRO4\modemcap\mdmmoto.xml
File Copy: X:\COMPON\TPOWER\APRO4\modemcap\mdmmoto1.xml
File Copy: X:\COMPON\TPOWER\APRO4\modemcap\mdmmotou.xml
File Copy: X:\COMPON\TPOWER\APRO4\modemcap\mdmmtd.xml
File Copy: X:\COMPON\TPOWER\APRO4\modemcap\mdmmts.xml
File Copy: X:\COMPON\TPOWER\APRO4\modemcap\mdmmulog.xml
File Copy: X:\COMPON\TPOWER\APRO4\modemcap\mdmneuhs.xml
File Copy: X:\COMPON\TPOWER\APRO4\modemcap\mdmnokia.xml
File Copy: X:\COMPON\TPOWER\APRO4\modemcap\mdmnokno.xml
File Copy: X:\COMPON\TPOWER\APRO4\modemcap\mdmnova.xml
File Copy: X:\COMPON\TPOWER\APRO4\modemcap\mdmnovfx.xml
File Copy: X:\COMPON\TPOWER\APRO4\modemcap\mdmolic.xml
File Copy: X:\COMPON\TPOWER\APRO4\modemcap\mdmoptn.xml
File Copy: X:\COMPON\TPOWER\APRO4\modemcap\mdmosi.xml
File Copy: X:\COMPON\TPOWER\APRO4\modemcap\mdmpace.xml
File Copy: X:\COMPON\TPOWER\APRO4\modemcap\mdmpbit.xml
File Copy: X:\COMPON\TPOWER\APRO4\modemcap\mdmpenr.xml
File Copy: X:\COMPON\TPOWER\APRO4\modemcap\mdmphils.xml
Shell Link: E:\Documents and Settings\nfrewer440\Start Menu\Programs\TurboPower\Async Professional\Readme.lnk
Shell Link: E:\Documents and Settings\nfrewer440\Start Menu\Programs\TurboPower\Async Professional\License.lnk
Shell Link: E:\Documents and Settings\nfrewer440\Start Menu\Programs\TurboPower\Async Professional\Deploy.lnk
Shell Link: E:\Documents and Settings\nfrewer440\Start Menu\Programs\TurboPower\Async Professional\Apro.lnk
Shell Link: E:\Documents and Settings\nfrewer440\Start Menu\Programs\TurboPower\Async Professional\AproFAQ.lnk
RegDB Key: Software\TurboPower\AsyncProfessional
RegDB Val: X:\COMPON\TPOWER\APRO4
RegDB Name: AppPath
RegDB Root: 2
RegDB Old: X:\Compon\TPOWER\APRO3
RegDB Key: Software\TurboPower\AsyncProfessional
RegDB Val: ABCDEF
RegDB Name: Components
RegDB Root: 2
RegDB Old: ABCDEF
RegDB Key: Software\TurboPower\AsyncProfessional
RegDB Val: 4.00
RegDB Name: Version
RegDB Root: 2
RegDB Old: 3.06
RegDB Key: SOFTWARE\Microsoft\Windows\Help
RegDB Val: X:\COMPON\TPOWER\APRO4\Help
RegDB Name: APRO.HLP
RegDB Root: 2
User Rights: Admin
***  Installation Started 12/12/01 12:01  ***
Title: Async Professional Installation
Source: X:\COMPON\TPOWER\INSTALLS\AP401P.EXE
File Overwrite: X:\COMPON\TPOWER\APRO4\UNWISE.EXE
RegDB Key: Software\Microsoft\Windows\CurrentVersion\Uninstall\Async Professional (Patch to version 4.01)
RegDB Val: Async Professional (Patch to version 4.01)
RegDB Name: DisplayName
RegDB Root: 2
RegDB Key: Software\Microsoft\Windows\CurrentVersion\Uninstall\Async Professional (Patch to version 4.01)
RegDB Val: X:\COMPON\TPOWER\APRO4\UNWISE.EXE X:\COMPON\TPOWER\APRO4\INSTALL.LOG
RegDB Name: UninstallString
RegDB Root: 2
File Overwrite: X:\COMPON\TPOWER\APRO4\adabout.pas
File Overwrite: X:\COMPON\TPOWER\APRO4\ADEXCEPT.PAS
File Overwrite: X:\COMPON\TPOWER\APRO4\AdFax.pas
File Overwrite: X:\COMPON\TPOWER\APRO4\ADFAXCTL.pas
File Overwrite: X:\COMPON\TPOWER\APRO4\AdFaxCvt.pas
File Overwrite: X:\COMPON\TPOWER\APRO4\AdFaxPrn.pas
File Overwrite: X:\COMPON\TPOWER\APRO4\AdFaxSrv.pas
File Overwrite: X:\COMPON\TPOWER\APRO4\AdFIDlg.pas
File Overwrite: X:\COMPON\TPOWER\APRO4\Adfpstat.pas
File Overwrite: X:\COMPON\TPOWER\APRO4\Adfstat.pas
File Overwrite: X:\COMPON\TPOWER\APRO4\AdFtp.pas
File Overwrite: X:\COMPON\TPOWER\APRO4\Adfview.pas
File Overwrite: X:\COMPON\TPOWER\APRO4\AdGSM.pas
File Overwrite: X:\COMPON\TPOWER\APRO4\AdISapi.pas
File Overwrite: X:\COMPON\TPOWER\APRO4\AdITapi3.pas
File Overwrite: X:\COMPON\TPOWER\APRO4\AdLibMdm.pas
File Overwrite: X:\COMPON\TPOWER\APRO4\AdMdmCfg.pas
File Overwrite: X:\COMPON\TPOWER\APRO4\AdMeter.pas
File Overwrite: X:\COMPON\TPOWER\APRO4\adpacked.pas
File Overwrite: X:\COMPON\TPOWER\APRO4\AdPacket.pas
File Overwrite: X:\COMPON\TPOWER\APRO4\AdPager.pas
File Overwrite: X:\COMPON\TPOWER\APRO4\Adpedit0.pas
File Overwrite: X:\COMPON\TPOWER\APRO4\Adpeditt.pas
File Overwrite: X:\COMPON\TPOWER\APRO4\AdPort.pas
File Overwrite: X:\COMPON\TPOWER\APRO4\AdPropEd.pas
File Overwrite: X:\COMPON\TPOWER\APRO4\AdProtcl.pas
File Overwrite: X:\COMPON\TPOWER\APRO4\ADPSTAT.pas
File Overwrite: X:\COMPON\TPOWER\APRO4\AdRas.pas
File Overwrite: X:\COMPON\TPOWER\APRO4\AdRasUtl.pas
File Overwrite: X:\COMPON\TPOWER\APRO4\AdRStat.pas
File Overwrite: X:\COMPON\TPOWER\APRO4\AdSapiEn.pas
File Overwrite: X:\COMPON\TPOWER\APRO4\AdSapiGr.pas
File Overwrite: X:\COMPON\TPOWER\APRO4\AdSapiPh.PAS
File Overwrite: X:\COMPON\TPOWER\APRO4\AdScript.pas
File Overwrite: X:\COMPON\TPOWER\APRO4\AdSelCom.pas
File Overwrite: X:\COMPON\TPOWER\APRO4\AdSocket.pas
File Overwrite: X:\COMPON\TPOWER\APRO4\AdSrmgr.pas
File Overwrite: X:\COMPON\TPOWER\APRO4\AdStatE0.pas
File Overwrite: X:\COMPON\TPOWER\APRO4\AdStatEd.pas
File Overwrite: X:\COMPON\TPOWER\APRO4\AdStatLt.pas
File Overwrite: X:\COMPON\TPOWER\APRO4\AdStMach.pas
File Overwrite: X:\COMPON\TPOWER\APRO4\AdTapi.pas
File Overwrite: X:\COMPON\TPOWER\APRO4\ADTrmBuf.pas
File Overwrite: X:\COMPON\TPOWER\APRO4\ADTrmEmu.pas
File Overwrite: X:\COMPON\TPOWER\APRO4\ADTrmMap.pas
File Overwrite: X:\COMPON\TPOWER\APRO4\ADTrmPsr.pas
File Overwrite: X:\COMPON\TPOWER\APRO4\adtsel.pas
File Overwrite: X:\COMPON\TPOWER\APRO4\AdTStat.pas
File Overwrite: X:\COMPON\TPOWER\APRO4\AdTUtil.pas
File Overwrite: X:\COMPON\TPOWER\APRO4\AdVoipEd.pas
File Overwrite: X:\COMPON\TPOWER\APRO4\AdWnPort.pas
File Overwrite: X:\COMPON\TPOWER\APRO4\Adwutil.pas
File Overwrite: X:\COMPON\TPOWER\APRO4\AdXBase.pas
File Overwrite: X:\COMPON\TPOWER\APRO4\AdXChrFlt.pas
File Overwrite: X:\COMPON\TPOWER\APRO4\Adxdial.pas
File Overwrite: X:\COMPON\TPOWER\APRO4\Adxdown.pas
File Overwrite: X:\COMPON\TPOWER\APRO4\AdXLbMdm.pas
File Overwrite: X:\COMPON\TPOWER\APRO4\AdXParsr.pas
File Overwrite: X:\COMPON\TPOWER\APRO4\Adxport.pas
File Overwrite: X:\COMPON\TPOWER\APRO4\Adxprot.pas
File Overwrite: X:\COMPON\TPOWER\APRO4\Adxup.pas
File Overwrite: X:\COMPON\TPOWER\APRO4\Awabsfax.pas
File Overwrite: X:\COMPON\TPOWER\APRO4\AWABSPCL.PAS
File Overwrite: X:\COMPON\TPOWER\APRO4\AwAscii.pas
File Overwrite: X:\COMPON\TPOWER\APRO4\awfax.pas
File Overwrite: X:\COMPON\TPOWER\APRO4\Awfaxcvt.pas
File Overwrite: X:\COMPON\TPOWER\APRO4\AwFView.pas
File Overwrite: X:\COMPON\TPOWER\APRO4\AwKermit.pas
File Overwrite: X:\COMPON\TPOWER\APRO4\AwTPcl.pas
File Overwrite: X:\COMPON\TPOWER\APRO4\awuser.pas
File Overwrite: X:\COMPON\TPOWER\APRO4\AwWin32.pas
File Overwrite: X:\COMPON\TPOWER\APRO4\AwWnSock.pas
File Overwrite: X:\COMPON\TPOWER\APRO4\AwXmodem.pas
File Overwrite: X:\COMPON\TPOWER\APRO4\AwYmodem.pas
File Overwrite: X:\COMPON\TPOWER\APRO4\awzmodem.pas
File Overwrite: X:\COMPON\TPOWER\APRO4\PDrvInNT.pas
File Overwrite: X:\COMPON\TPOWER\APRO4\PDRVINST.pas
File Overwrite: X:\COMPON\TPOWER\APRO4\PDRVUNI.pas
File Overwrite: X:\COMPON\TPOWER\APRO4\PDrvUnNT.pas
File Overwrite: X:\COMPON\TPOWER\APRO4\AdMdmDlg.pas
File Overwrite: X:\COMPON\TPOWER\APRO4\AdVoIP.PAS
File Overwrite: X:\COMPON\TPOWER\APRO4\AdMdm.pas
File Overwrite: X:\COMPON\TPOWER\APRO4\Aproreg.pas
File Overwrite: X:\COMPON\TPOWER\APRO4\Oomisc.pas
File Overwrite: X:\COMPON\TPOWER\APRO4\AdChsVT1.bin
File Overwrite: X:\COMPON\TPOWER\APRO4\AdChsVT1.rc
File Overwrite: X:\COMPON\TPOWER\APRO4\AdChsVT1.txt
File Overwrite: X:\COMPON\TPOWER\APRO4\AdTrmVT1.bin
File Overwrite: X:\COMPON\TPOWER\APRO4\AdTrmVT1.rc
File Overwrite: X:\COMPON\TPOWER\APRO4\AdTrmVT1.txt
File Overwrite: X:\COMPON\TPOWER\APRO4\AdSrmgr.rc
File Overwrite: X:\COMPON\TPOWER\APRO4\AdSrmgr.str
File Overwrite: X:\COMPON\TPOWER\APRO4\AdSrmgr.s16
File Overwrite: X:\COMPON\TPOWER\APRO4\AdSrmgr.s32
File Overwrite: X:\COMPON\TPOWER\APRO4\apro.rc
File Overwrite: X:\COMPON\TPOWER\APRO4\apro.str
File Overwrite: X:\COMPON\TPOWER\APRO4\apro.s16
File Overwrite: X:\COMPON\TPOWER\APRO4\apro.s32
File Overwrite: X:\COMPON\TPOWER\APRO4\AwFaxCvt.rc
File Overwrite: X:\COMPON\TPOWER\APRO4\PDrvInst.inc
File Overwrite: X:\COMPON\TPOWER\APRO4\AdExcept.inc
File Overwrite: X:\COMPON\TPOWER\APRO4\adabout.dfm
File Overwrite: X:\COMPON\TPOWER\APRO4\AdFIDlg.dfm
File Overwrite: X:\COMPON\TPOWER\APRO4\ADFPSTAT.DFM
File Overwrite: X:\COMPON\TPOWER\APRO4\ADFSTAT.DFM
File Overwrite: X:\COMPON\TPOWER\APRO4\AdLibMdm.dfm
File Overwrite: X:\COMPON\TPOWER\APRO4\AdMdmCfg.dfm
File Overwrite: X:\COMPON\TPOWER\APRO4\AdPackEd.dfm
File Overwrite: X:\COMPON\TPOWER\APRO4\ADPEDIT0.DFM
File Overwrite: X:\COMPON\TPOWER\APRO4\ADPSTAT.DFM
File Overwrite: X:\COMPON\TPOWER\APRO4\AdRStat.dfm
File Overwrite: X:\COMPON\TPOWER\APRO4\AdSelCom.dfm
File Overwrite: X:\COMPON\TPOWER\APRO4\AdStatE0.dfm
File Overwrite: X:\COMPON\TPOWER\APRO4\AdStatEd.dfm
File Overwrite: X:\COMPON\TPOWER\APRO4\ADTSEL.DFM
File Overwrite: X:\COMPON\TPOWER\APRO4\AdTStat.dfm
File Overwrite: X:\COMPON\TPOWER\APRO4\AdVoipEd.dfm
File Overwrite: X:\COMPON\TPOWER\APRO4\ADXDIAL.DFM
File Overwrite: X:\COMPON\TPOWER\APRO4\ADXDOWN.DFM
File Overwrite: X:\COMPON\TPOWER\APRO4\ADXPORT.DFM
File Overwrite: X:\COMPON\TPOWER\APRO4\ADXPROT.DFM
File Overwrite: X:\COMPON\TPOWER\APRO4\ADXUP.DFM
File Overwrite: X:\COMPON\TPOWER\APRO4\AdMdmDlg.dfm
File Overwrite: X:\COMPON\TPOWER\APRO4\ApFax.fnt
File Overwrite: X:\COMPON\TPOWER\APRO4\AdVT100.fon
File Overwrite: X:\COMPON\TPOWER\APRO4\AdVTld.fon
File Overwrite: X:\COMPON\TPOWER\APRO4\bonus\srmgr.zip
File Overwrite: X:\COMPON\TPOWER\APRO4\AproReg.dcr
File Overwrite: X:\COMPON\TPOWER\APRO4\AproReg.pas
Made Dir: X:\COMPON\TPOWER\APRO4\Old
File Copy: X:\COMPON\TPOWER\APRO4\Old\AwDefine.old
Made Dir: X:\COMPON\TPOWER\APRO4\Old\modemcap
File Copy: X:\COMPON\TPOWER\APRO4\Old\modemcap\\MDMPN1.XML
File Copy: X:\COMPON\TPOWER\APRO4\Old\modemcap\\MDMPNB.XML
File Copy: X:\COMPON\TPOWER\APRO4\Old\modemcap\\MDMPP.XML
File Copy: X:\COMPON\TPOWER\APRO4\Old\modemcap\\MDMPRODM.XML
File Copy: X:\COMPON\TPOWER\APRO4\Old\modemcap\\MDMPSION.XML
File Copy: X:\COMPON\TPOWER\APRO4\Old\modemcap\\MDMRACAL.XML
File Copy: X:\COMPON\TPOWER\APRO4\Old\modemcap\\MDMGVC.XML
File Copy: X:\COMPON\TPOWER\APRO4\Old\modemcap\\MDMUSRG.XML
File Copy: X:\COMPON\TPOWER\APRO4\Old\modemcap\\MDMATT.XML
File Copy: X:\COMPON\TPOWER\APRO4\Old\modemcap\\MDMUSRK1.XML
File Copy: X:\COMPON\TPOWER\APRO4\Old\modemcap\\MDMGATEW.XML
File Copy: X:\COMPON\TPOWER\APRO4\Old\modemcap\\MDMAUS.XML
File Copy: X:\COMPON\TPOWER\APRO4\Old\modemcap\\MDMEXP.XML
File Copy: X:\COMPON\TPOWER\APRO4\Old\modemcap\\MDMEYP.XML
File Copy: X:\COMPON\TPOWER\APRO4\Old\modemcap\\MDMRISA.XML
File Copy: X:\COMPON\TPOWER\APRO4\Old\modemcap\\MDMGCS.XML
File Copy: X:\COMPON\TPOWER\APRO4\Old\modemcap\\MDMNEUHS.XML
File Copy: X:\COMPON\TPOWER\APRO4\Old\modemcap\\MDMNOKIA.XML
File Copy: X:\COMPON\TPOWER\APRO4\Old\modemcap\\MDMNOKNO.XML
File Copy: X:\COMPON\TPOWER\APRO4\Old\modemcap\\MDMNOVA.XML
File Copy: X:\COMPON\TPOWER\APRO4\Old\modemcap\\MDMNOVFX.XML
File Copy: X:\COMPON\TPOWER\APRO4\Old\modemcap\\MDMOLIC.XML
File Copy: X:\COMPON\TPOWER\APRO4\Old\modemcap\\MDMOPTN.XML
File Copy: X:\COMPON\TPOWER\APRO4\Old\modemcap\\MDMOSI.XML
File Copy: X:\COMPON\TPOWER\APRO4\Old\modemcap\\MDMPACE.XML
File Copy: X:\COMPON\TPOWER\APRO4\Old\modemcap\\MDMPBIT.XML
File Copy: X:\COMPON\TPOWER\APRO4\Old\modemcap\\MDMPENR.XML
File Copy: X:\COMPON\TPOWER\APRO4\Old\modemcap\\MDMPHILS.XML
File Copy: X:\COMPON\TPOWER\APRO4\Old\modemcap\\MDMLTLEO.XML
File Copy: X:\COMPON\TPOWER\APRO4\Old\modemcap\\MDMMART.XML
File Copy: X:\COMPON\TPOWER\APRO4\Old\modemcap\\MDMMCOM.XML
File Copy: X:\COMPON\TPOWER\APRO4\Old\modemcap\\MDMMETRI.XML
File Copy: X:\COMPON\TPOWER\APRO4\Old\modemcap\\MDMMHRTZ.XML
File Copy: X:\COMPON\TPOWER\APRO4\Old\modemcap\\MDMMHZA.XML
File Copy: X:\COMPON\TPOWER\APRO4\Old\modemcap\\MDMMHZEL.XML
File Copy: X:\COMPON\TPOWER\APRO4\Old\modemcap\\MDMMHZK1.XML
File Copy: X:\COMPON\TPOWER\APRO4\Old\modemcap\\MDMMIX.XML
File Copy: X:\COMPON\TPOWER\APRO4\Old\modemcap\\MDMMOD.XML
File Copy: X:\COMPON\TPOWER\APRO4\Old\modemcap\\MDMMOTO.XML
File Copy: X:\COMPON\TPOWER\APRO4\Old\modemcap\\MDMMOTO1.XML
File Copy: X:\COMPON\TPOWER\APRO4\Old\modemcap\\MDMMOTOU.XML
File Copy: X:\COMPON\TPOWER\APRO4\Old\modemcap\\MDMMTD.XML
File Copy: X:\COMPON\TPOWER\APRO4\Old\modemcap\\MDMMTS.XML
File Copy: X:\COMPON\TPOWER\APRO4\Old\modemcap\\MDMMULOG.XML
File Copy: X:\COMPON\TPOWER\APRO4\Old\modemcap\\MDMUCOM.XML
File Copy: X:\COMPON\TPOWER\APRO4\Old\modemcap\\MDMERIC.XML
File Copy: X:\COMPON\TPOWER\APRO4\Old\modemcap\\MDMERIC2.XML
File Copy: X:\COMPON\TPOWER\APRO4\Old\modemcap\\MDMUSRCR.XML
File Copy: X:\COMPON\TPOWER\APRO4\Old\modemcap\\MDMESS.XML
File Copy: X:\COMPON\TPOWER\APRO4\Old\modemcap\\MDMETECH.XML
File Copy: X:\COMPON\TPOWER\APRO4\Old\modemcap\\MDMINTPC.XML
File Copy: X:\COMPON\TPOWER\APRO4\Old\modemcap\\MDMISDN.XML
File Copy: X:\COMPON\TPOWER\APRO4\Old\modemcap\\MDMUSRF.XML
File Copy: X:\COMPON\TPOWER\APRO4\Old\modemcap\\MDMARN.XML
File Copy: X:\COMPON\TPOWER\APRO4\Old\modemcap\\MDMITEX.XML
File Copy: X:\COMPON\TPOWER\APRO4\Old\modemcap\\MDMGV.XML
File Copy: X:\COMPON\TPOWER\APRO4\Old\modemcap\\MDMKE.XML
File Copy: X:\COMPON\TPOWER\APRO4\Old\modemcap\\MDMATI.XML
File Copy: X:\COMPON\TPOWER\APRO4\Old\modemcap\\MDMLNGSH.XML
File Copy: X:\COMPON\TPOWER\APRO4\Old\modemcap\\MDMLT3.XML
File Copy: X:\COMPON\TPOWER\APRO4\Old\modemcap\\MDM656N5.XML
File Copy: X:\COMPON\TPOWER\APRO4\Old\modemcap\\MDMACEEX.XML
File Copy: X:\COMPON\TPOWER\APRO4\Old\modemcap\\MDMTEXAS.XML
File Copy: X:\COMPON\TPOWER\APRO4\Old\modemcap\\MDMADC.XML
File Copy: X:\COMPON\TPOWER\APRO4\Old\modemcap\\MDMAR1.XML
File Copy: X:\COMPON\TPOWER\APRO4\Old\modemcap\\MDMTGER.XML
File Copy: X:\COMPON\TPOWER\APRO4\Old\modemcap\\MDMARCH.XML
File Copy: X:\COMPON\TPOWER\APRO4\Old\modemcap\\MDMARCHT.XML
File Copy: X:\COMPON\TPOWER\APRO4\Old\modemcap\\MDMTI.XML
File Copy: X:\COMPON\TPOWER\APRO4\Old\modemcap\\MDMKORTX.XML
File Copy: X:\COMPON\TPOWER\APRO4\Old\modemcap\\MDMLASAT.XML
File Copy: X:\COMPON\TPOWER\APRO4\Old\modemcap\\MDMTOSH.XML
File Copy: X:\COMPON\TPOWER\APRO4\Old\modemcap\\MDMTRIPL.XML
File Copy: X:\COMPON\TPOWER\APRO4\Old\modemcap\\MDMTRON.XML
File Copy: X:\COMPON\TPOWER\APRO4\Old\modemcap\\MDMELINK.XML
File Copy: X:\COMPON\TPOWER\APRO4\Old\modemcap\\MDMELSA.XML
File Copy: X:\COMPON\TPOWER\APRO4\Old\modemcap\\MDMDEFD.XML
File Copy: X:\COMPON\TPOWER\APRO4\Old\modemcap\\MDMSUPRA.XML
File Copy: X:\COMPON\TPOWER\APRO4\Old\modemcap\\MDMDGITN.XML
File Copy: X:\COMPON\TPOWER\APRO4\Old\modemcap\\MDMDIGI.XML
File Copy: X:\COMPON\TPOWER\APRO4\Old\modemcap\\MDMSUPRV.XML
File Copy: X:\COMPON\TPOWER\APRO4\Old\modemcap\\MDMDYNA.XML
File Copy: X:\COMPON\TPOWER\APRO4\Old\modemcap\\MDMEIGER.XML
File Copy: X:\COMPON\TPOWER\APRO4\Old\modemcap\\MDMTAICM.XML
File Copy: X:\COMPON\TPOWER\APRO4\Old\modemcap\\MDMTDK.XML
File Copy: X:\COMPON\TPOWER\APRO4\Old\modemcap\\MDMTELBT.XML
File Copy: X:\COMPON\TPOWER\APRO4\Old\modemcap\\MDMLCE.XML
File Copy: X:\COMPON\TPOWER\APRO4\Old\modemcap\\MDM3CISA.XML
File Copy: X:\COMPON\TPOWER\APRO4\Old\modemcap\\MDMTELIN.XML
File Copy: X:\COMPON\TPOWER\APRO4\Old\modemcap\\MDM3CUSB.XML
File Copy: X:\COMPON\TPOWER\APRO4\Old\modemcap\\MDM3X.XML
File Copy: X:\COMPON\TPOWER\APRO4\Old\modemcap\\MDMTELNK.XML
File Copy: X:\COMPON\TPOWER\APRO4\Old\modemcap\\MDMDSI.XML
File Copy: X:\COMPON\TPOWER\APRO4\Old\modemcap\\MDMZYXLD.XML
File Copy: X:\COMPON\TPOWER\APRO4\Old\modemcap\\MDMHAYES.XML
File Copy: X:\COMPON\TPOWER\APRO4\Old\modemcap\\MDMSRT.XML
File Copy: X:\COMPON\TPOWER\APRO4\Old\modemcap\\MDMINFOT.XML
File Copy: X:\COMPON\TPOWER\APRO4\Old\modemcap\\MDMZYXLG.XML
File Copy: X:\COMPON\TPOWER\APRO4\Old\modemcap\\MDMCPV.XML
File Copy: X:\COMPON\TPOWER\APRO4\Old\modemcap\\MDM3COM.XML
File Copy: X:\COMPON\TPOWER\APRO4\Old\modemcap\\MDM3CPCM.XML
File Copy: X:\COMPON\TPOWER\APRO4\Old\modemcap\\MDMCRTIX.XML
File Copy: X:\COMPON\TPOWER\APRO4\Old\modemcap\\MDMINSYS.XML
File Copy: X:\COMPON\TPOWER\APRO4\Old\modemcap\\MDMINTEL.XML
File Copy: X:\COMPON\TPOWER\APRO4\Old\modemcap\\MDMSUPR3.XML
File Copy: X:\COMPON\TPOWER\APRO4\Old\modemcap\\MODEMCAP.XML
File Copy: X:\COMPON\TPOWER\APRO4\Old\modemcap\\MDMLASNO.XML
File Copy: X:\COMPON\TPOWER\APRO4\Old\modemcap\\MDMCTM1.XML
File Copy: X:\COMPON\TPOWER\APRO4\Old\modemcap\\MDMSECDY.XML
File Copy: X:\COMPON\TPOWER\APRO4\Old\modemcap\\MDMHAEUS.XML
File Copy: X:\COMPON\TPOWER\APRO4\Old\modemcap\\MDMZYXEL.XML
File Copy: X:\COMPON\TPOWER\APRO4\Old\modemcap\\MDMSETUP.XML
File Copy: X:\COMPON\TPOWER\APRO4\Old\modemcap\\MDMSIER.XML
File Copy: X:\COMPON\TPOWER\APRO4\Old\modemcap\\MDMSIMPL.XML
File Copy: X:\COMPON\TPOWER\APRO4\Old\modemcap\\MDMSMART.XML
File Copy: X:\COMPON\TPOWER\APRO4\Old\modemcap\\MDMSNIT1.XML
File Copy: X:\COMPON\TPOWER\APRO4\Old\modemcap\\MDMSNITN.XML
File Copy: X:\COMPON\TPOWER\APRO4\Old\modemcap\\MDMSONIX.XML
File Copy: X:\COMPON\TPOWER\APRO4\Old\modemcap\\MDMCPQ.XML
File Copy: X:\COMPON\TPOWER\APRO4\Old\modemcap\\MDMCPQ2.XML
File Copy: X:\COMPON\TPOWER\APRO4\Old\modemcap\\MDMSPQ28.XML
File Copy: X:\COMPON\TPOWER\APRO4\Old\modemcap\\MDMDISCO.XML
File Copy: X:\COMPON\TPOWER\APRO4\Old\modemcap\\MDMHANDY.XML
File Copy: X:\COMPON\TPOWER\APRO4\Old\modemcap\\MDMHAY2.XML
File Copy: X:\COMPON\TPOWER\APRO4\Old\modemcap\\MDMROCK4.XML
File Copy: X:\COMPON\TPOWER\APRO4\Old\modemcap\\MDMCOMMU.XML
File Copy: X:\COMPON\TPOWER\APRO4\Old\modemcap\\MDMWELL.XML
File Copy: X:\COMPON\TPOWER\APRO4\Old\modemcap\\MDMWHQL0.XML
File Copy: X:\COMPON\TPOWER\APRO4\Old\modemcap\\MDMCPI.XML
File Copy: X:\COMPON\TPOWER\APRO4\Old\modemcap\\MDMZYP.XML
File Copy: X:\COMPON\TPOWER\APRO4\Old\modemcap\\MDMHAEU.XML
File Copy: X:\COMPON\TPOWER\APRO4\Old\modemcap\\MDMROCK5.XML
File Copy: X:\COMPON\TPOWER\APRO4\Old\modemcap\\MDMWOER.XML
File Copy: X:\COMPON\TPOWER\APRO4\Old\modemcap\\MDMX5560.XML
File Copy: X:\COMPON\TPOWER\APRO4\Old\modemcap\\MDMRPCI.XML
File Copy: X:\COMPON\TPOWER\APRO4\Old\modemcap\\MDMYORIK.XML
File Copy: X:\COMPON\TPOWER\APRO4\Old\modemcap\\MDMZOOM.XML
File Copy: X:\COMPON\TPOWER\APRO4\Old\modemcap\\MDMRPCIW.XML
File Copy: X:\COMPON\TPOWER\APRO4\Old\modemcap\\MDMGEN.XML
File Copy: X:\COMPON\TPOWER\APRO4\Old\modemcap\\MDMGSM.XML
File Copy: X:\COMPON\TPOWER\APRO4\Old\modemcap\\MDMUSRSP.XML
File Copy: X:\COMPON\TPOWER\APRO4\Old\modemcap\\MDMBSB.XML
File Copy: X:\COMPON\TPOWER\APRO4\Old\modemcap\\MDMUSRWP.XML
File Copy: X:\COMPON\TPOWER\APRO4\Old\modemcap\\MDMVDOT.XML
File Copy: X:\COMPON\TPOWER\APRO4\Old\modemcap\\MDMBSCH.XML
File Copy: X:\COMPON\TPOWER\APRO4\Old\modemcap\\MDMVICT.XML
File Copy: X:\COMPON\TPOWER\APRO4\Old\modemcap\\MDMVV.XML
File Copy: X:\COMPON\TPOWER\APRO4\Old\modemcap\\MDMROCK.XML
File Copy: X:\COMPON\TPOWER\APRO4\Old\modemcap\\MDMBLATZ.XML
File Copy: X:\COMPON\TPOWER\APRO4\Old\modemcap\\MDMBOCA.XML
File Copy: X:\COMPON\TPOWER\APRO4\Old\modemcap\\MDMROCK2.XML
File Copy: X:\COMPON\TPOWER\APRO4\Old\modemcap\\MDMCM28.XML
File Copy: X:\COMPON\TPOWER\APRO4\Old\modemcap\\MDMCMCM.XML
File Copy: X:\COMPON\TPOWER\APRO4\Old\modemcap\\MDMROCK3.XML
File Copy: X:\COMPON\TPOWER\APRO4\Old\modemcap\\MDMCODEX.XML
File Copy: X:\COMPON\TPOWER\APRO4\Old\modemcap\\MDMCOM1.XML
File Overwrite: X:\COMPON\TPOWER\APRO4\License.txt
File Overwrite: X:\COMPON\TPOWER\APRO4\Readme.hlp
File Overwrite: X:\COMPON\TPOWER\APRO4\AwDefine.inc
File Overwrite: X:\COMPON\TPOWER\APRO4\AdSrmgr.r16
File Overwrite: X:\COMPON\TPOWER\APRO4\Apro.r16
File Overwrite: X:\COMPON\TPOWER\APRO4\AwFaxCvt.r16
File Overwrite: X:\COMPON\TPOWER\APRO4\AdChsVT1.r16
File Overwrite: X:\COMPON\TPOWER\APRO4\AdTrmVT1.r16
File Overwrite: X:\COMPON\TPOWER\APRO4\AdSrmgr.r32
File Overwrite: X:\COMPON\TPOWER\APRO4\Apro.r32
File Overwrite: X:\COMPON\TPOWER\APRO4\AwFaxCvt.r32
File Overwrite: X:\COMPON\TPOWER\APRO4\AdChsVT1.r32
File Overwrite: X:\COMPON\TPOWER\APRO4\AdTrmVT1.r32
File Overwrite: X:\COMPON\TPOWER\APRO4\Redist\deploy.hlp
File Copy: X:\COMPON\TPOWER\APRO4\A401_R60.dcp
File Copy: X:\COMPON\TPOWER\APRO4\A401_R60.dpk
File Copy: X:\COMPON\TPOWER\APRO4\A401_R60.res
File Copy: X:\COMPON\TPOWER\APRO4\A401_D60.bpl
File Copy: X:\COMPON\TPOWER\APRO4\A401_D60.dpk
File Copy: X:\COMPON\TPOWER\APRO4\A401_D60.res
File Copy: X:\COMPON\TPOWER\APRO4\Redist\A401_R60.bpl
File Copy: E:\WINNT\System32\A401_R60.bpl
File Copy: E:\Program Files\Borland\Delphi6\Projects\Bpl\A401_R60.bpl
File Overwrite: X:\COMPON\TPOWER\APRO4\Redist\ApfGen.drv
File Overwrite: X:\COMPON\TPOWER\APRO4\Redist\ApFaxCnv.dll
File Overwrite: X:\COMPON\TPOWER\APRO4\Redist\ApfMon40.dll
File Overwrite: X:\COMPON\TPOWER\APRO4\Redist\ApfPDENT.dll
File Overwrite: X:\COMPON\TPOWER\APRO4\PrnDrv\NT4\Inf\Disk1
File Overwrite: X:\COMPON\TPOWER\APRO4\PrnDrv\NT4\Inf\Monitor.inf
File Overwrite: X:\COMPON\TPOWER\APRO4\PrnDrv\NT4\Inf\OEMSetup.inf
File Overwrite: X:\COMPON\TPOWER\APRO4\PrnDrv\NT4\Inf\ReadMe.Inf
File Overwrite: X:\COMPON\TPOWER\APRO4\PrnDrv\NT4\MiniDrv\ApfPDEnt.def
File Overwrite: X:\COMPON\TPOWER\APRO4\PrnDrv\NT4\MiniDrv\ApfPDENT.gpc
File Overwrite: X:\COMPON\TPOWER\APRO4\PrnDrv\NT4\MiniDrv\ApfPDENT.rc
File Overwrite: X:\COMPON\TPOWER\APRO4\PrnDrv\NT4\MiniDrv\Code.c
File Overwrite: X:\COMPON\TPOWER\APRO4\PrnDrv\NT4\MiniDrv\ECMA94.ctt
File Overwrite: X:\COMPON\TPOWER\APRO4\PrnDrv\NT4\MiniDrv\ECMA94.rle
File Overwrite: X:\COMPON\TPOWER\APRO4\PrnDrv\NT4\MiniDrv\MakeFile
File Overwrite: X:\COMPON\TPOWER\APRO4\PrnDrv\NT4\MiniDrv\NT.gpc
File Overwrite: X:\COMPON\TPOWER\APRO4\PrnDrv\NT4\MiniDrv\Sources
File Overwrite: X:\COMPON\TPOWER\APRO4\PrnDrv\NT4\MiniDrv\Standard.ifi
File Overwrite: X:\COMPON\TPOWER\APRO4\PrnDrv\NT4\MiniDrv\Standard.pfm
File Overwrite: X:\COMPON\TPOWER\APRO4\PrnDrv\NT4\MiniDrv\16\ApfPDENT.gpc
File Overwrite: X:\COMPON\TPOWER\APRO4\PrnDrv\NT4\MiniDrv\16\ApfPDENT.rc
File Overwrite: X:\COMPON\TPOWER\APRO4\PrnDrv\NT4\MiniDrv\16\NT.gpc
File Overwrite: X:\COMPON\TPOWER\APRO4\PrnDrv\NT4\MiniDrv\16\Standard.pfm
File Overwrite: X:\COMPON\TPOWER\APRO4\PrnDrv\NT4\Mon\ApfMon40.c
File Overwrite: X:\COMPON\TPOWER\APRO4\PrnDrv\NT4\Mon\ApfMon40.def
File Overwrite: X:\COMPON\TPOWER\APRO4\PrnDrv\NT4\Mon\ApfMon40.h
File Overwrite: X:\COMPON\TPOWER\APRO4\PrnDrv\NT4\Mon\ApfMon40.rc
File Overwrite: X:\COMPON\TPOWER\APRO4\PrnDrv\NT4\Mon\Config.c
File Overwrite: X:\COMPON\TPOWER\APRO4\PrnDrv\NT4\Mon\LMon.h
File Overwrite: X:\COMPON\TPOWER\APRO4\PrnDrv\NT4\Mon\Local.h
File Overwrite: X:\COMPON\TPOWER\APRO4\PrnDrv\NT4\Mon\MakeFile
File Overwrite: X:\COMPON\TPOWER\APRO4\PrnDrv\NT4\Mon\Sources
File Overwrite: X:\COMPON\TPOWER\APRO4\PrnDrv\NT4\Mon\SplTypes.h
File Overwrite: X:\COMPON\TPOWER\APRO4\PrnDrv\NT4\Mon\Util.c
File Overwrite: X:\COMPON\TPOWER\APRO4\PrnDrv\NT4\Mon\WinSpool.c
File Overwrite: X:\COMPON\TPOWER\APRO4\PrnDrv\NTCommon\ApFaxCnv.dpr
File Overwrite: X:\COMPON\TPOWER\APRO4\PrnDrv\NTCommon\ApFaxCnv.res
File Overwrite: X:\COMPON\TPOWER\APRO4\PrnDrv\Win9xME\ApfGen.dpr
File Overwrite: X:\COMPON\TPOWER\APRO4\PrnDrv\Win9xME\ApfGen.rc
File Overwrite: X:\COMPON\TPOWER\APRO4\PrnDrv\Win9xME\ApfGen.res
File Overwrite: X:\COMPON\TPOWER\APRO4\PrnDrv\Win9xME\ApfPDEng.gpc
File Overwrite: X:\COMPON\TPOWER\APRO4\PrnDrv\Win9xME\ApfPDEng.pas
File Overwrite: X:\COMPON\TPOWER\APRO4\PrnDrv\Win9xME\ApfPDEng.rc
File Overwrite: X:\COMPON\TPOWER\APRO4\PrnDrv\Win9xME\ApfPDEng.res
File Overwrite: X:\COMPON\TPOWER\APRO4\PrnDrv\Win9xME\DebugDrv.pas
File Overwrite: X:\COMPON\TPOWER\APRO4\PrnDrv\Win9xME\LFN.PAS
File Overwrite: X:\COMPON\TPOWER\APRO4\PrnDrv\Win9xME\MinDrvRC.h
File Overwrite: X:\COMPON\TPOWER\APRO4\PrnDrv\Win9xME\Patch40.dpr
File Overwrite: X:\COMPON\TPOWER\APRO4\PrnDrv\Win9xME\Patch401.dfm
File Overwrite: X:\COMPON\TPOWER\APRO4\PrnDrv\Win9xME\Patch401.pas
File Overwrite: X:\COMPON\TPOWER\APRO4\PrnDrv\Win9xME\PDDebug.inc
File Overwrite: X:\COMPON\TPOWER\APRO4\PrnDrv\Win9xME\Standard.pfm
Shell Link: E:\Documents and Settings\nfrewer440\Start Menu\Programs\TurboPower\Async Professional\Readme.lnk
Shell Link: E:\Documents and Settings\nfrewer440\Start Menu\Programs\TurboPower\Async Professional\License.lnk
Shell Link: E:\Documents and Settings\nfrewer440\Start Menu\Programs\TurboPower\Async Professional\Deploy.lnk
Shell Link: E:\Documents and Settings\nfrewer440\Start Menu\Programs\TurboPower\Async Professional\Apro.lnk
Shell Link: E:\Documents and Settings\nfrewer440\Start Menu\Programs\TurboPower\Async Professional\AproFAQ.lnk
RegDB Key: Software\TurboPower\AsyncProfessional
RegDB Val: X:\COMPON\TPOWER\APRO4
RegDB Name: AppPath
RegDB Root: 2
RegDB Old: X:\COMPON\TPOWER\APRO4
RegDB Key: Software\TurboPower\AsyncProfessional
RegDB Val: AB
RegDB Name: Components
RegDB Root: 2
RegDB Old: ABCDEF
RegDB Key: Software\TurboPower\AsyncProfessional
RegDB Val: 4.01
RegDB Name: Version
RegDB Root: 2
RegDB Old: 4.00
RegDB Key: SOFTWARE\Microsoft\Windows\Help
RegDB Val: X:\COMPON\TPOWER\APRO4\Help
RegDB Name: APRO.HLP
RegDB Root: 2
RegDB Old: X:\COMPON\TPOWER\APRO4\Help
User Rights: Admin
***  Installation Started 04/02/02 9:45  ***
Title: Async Professional Installation
Source: E:\DOCUME~1\NFREWE~2\LOCALS~1\Temp\GLBBA.tmp
File Overwrite: X:\COMPON\TPOWER\APRO4\UNWISE.EXE
File Copy: X:\COMPON\TPOWER\APRO4\Old\\PDRVINST.INC
File Copy: X:\COMPON\TPOWER\APRO4\Old\\ADEXCEPT.INC
File Copy: X:\COMPON\TPOWER\APRO4\Old\\AWDEFINE.INC
File Overwrite: X:\COMPON\TPOWER\APRO4\awfax.pas
File Overwrite: X:\COMPON\TPOWER\APRO4\AdTapi.pas
File Overwrite: X:\COMPON\TPOWER\APRO4\ADEXCEPT.PAS
File Overwrite: X:\COMPON\TPOWER\APRO4\AwUser.pas
File Overwrite: X:\COMPON\TPOWER\APRO4\AdPager.pas
File Overwrite: X:\COMPON\TPOWER\APRO4\awzmodem.pas
File Overwrite: X:\COMPON\TPOWER\APRO4\AdMdm.pas
File Overwrite: X:\COMPON\TPOWER\APRO4\adabout.pas
File Overwrite: X:\COMPON\TPOWER\APRO4\ADFAXCTL.pas
File Overwrite: X:\COMPON\TPOWER\APRO4\AdFaxPrn.pas
File Overwrite: X:\COMPON\TPOWER\APRO4\AdRas.pas
File Overwrite: X:\COMPON\TPOWER\APRO4\AdFIDlg.pas
File Overwrite: X:\COMPON\TPOWER\APRO4\Adfpstat.pas
File Overwrite: X:\COMPON\TPOWER\APRO4\Adfstat.pas
File Overwrite: X:\COMPON\TPOWER\APRO4\AdTUtil.pas
File Overwrite: X:\COMPON\TPOWER\APRO4\AdFtp.pas
File Overwrite: X:\COMPON\TPOWER\APRO4\AdISapi.pas
File Overwrite: X:\COMPON\TPOWER\APRO4\AdITapi3.pas
File Overwrite: X:\COMPON\TPOWER\APRO4\AdMdmCfg.pas
File Overwrite: X:\COMPON\TPOWER\APRO4\Adpeditt.pas
File Overwrite: X:\COMPON\TPOWER\APRO4\AdMeter.pas
File Overwrite: X:\COMPON\TPOWER\APRO4\adpacked.pas
File Overwrite: X:\COMPON\TPOWER\APRO4\Adpedit0.pas
File Overwrite: X:\COMPON\TPOWER\APRO4\AdStatLt.pas
File Overwrite: X:\COMPON\TPOWER\APRO4\AdPropEd.pas
File Overwrite: X:\COMPON\TPOWER\APRO4\ADPSTAT.pas
File Overwrite: X:\COMPON\TPOWER\APRO4\AdRasUtl.pas
File Overwrite: X:\COMPON\TPOWER\APRO4\AdRStat.pas
File Overwrite: X:\COMPON\TPOWER\APRO4\AdSapiEn.pas
File Overwrite: X:\COMPON\TPOWER\APRO4\AdSapiGr.pas
File Overwrite: X:\COMPON\TPOWER\APRO4\AdSelCom.pas
File Overwrite: X:\COMPON\TPOWER\APRO4\AdSocket.pas
File Overwrite: X:\COMPON\TPOWER\APRO4\AdSrmgr.pas
File Overwrite: X:\COMPON\TPOWER\APRO4\AdStatE0.pas
File Overwrite: X:\COMPON\TPOWER\APRO4\AdStatEd.pas
File Overwrite: X:\COMPON\TPOWER\APRO4\AdPort.pas
File Overwrite: X:\COMPON\TPOWER\APRO4\OoMisc.pas
File Overwrite: X:\COMPON\TPOWER\APRO4\ADTrmBuf.pas
File Overwrite: X:\COMPON\TPOWER\APRO4\ADTrmMap.pas
File Overwrite: X:\COMPON\TPOWER\APRO4\ADTrmPsr.pas
File Overwrite: X:\COMPON\TPOWER\APRO4\AdGSM.pas
File Overwrite: X:\COMPON\TPOWER\APRO4\AdVoipEd.pas
File Overwrite: X:\COMPON\TPOWER\APRO4\AdWnPort.pas
File Overwrite: X:\COMPON\TPOWER\APRO4\Adwutil.pas
File Overwrite: X:\COMPON\TPOWER\APRO4\AdXBase.pas
File Overwrite: X:\COMPON\TPOWER\APRO4\AdXChrFlt.pas
File Overwrite: X:\COMPON\TPOWER\APRO4\Adxdial.pas
File Overwrite: X:\COMPON\TPOWER\APRO4\Adxdown.pas
File Overwrite: X:\COMPON\TPOWER\APRO4\AdXParsr.pas
File Overwrite: X:\COMPON\TPOWER\APRO4\Adxport.pas
File Overwrite: X:\COMPON\TPOWER\APRO4\Adxprot.pas
File Overwrite: X:\COMPON\TPOWER\APRO4\Adxup.pas
File Overwrite: X:\COMPON\TPOWER\APRO4\AWABSPCL.PAS
File Overwrite: X:\COMPON\TPOWER\APRO4\AwAscii.pas
File Overwrite: X:\COMPON\TPOWER\APRO4\AwFView.pas
File Overwrite: X:\COMPON\TPOWER\APRO4\AwKermit.pas
File Overwrite: X:\COMPON\TPOWER\APRO4\AwTPcl.pas
File Overwrite: X:\COMPON\TPOWER\APRO4\AwXmodem.pas
File Overwrite: X:\COMPON\TPOWER\APRO4\AwYmodem.pas
File Overwrite: X:\COMPON\TPOWER\APRO4\PDrvInNT.pas
File Overwrite: X:\COMPON\TPOWER\APRO4\PDRVINST.pas
File Overwrite: X:\COMPON\TPOWER\APRO4\PDRVUNI.pas
File Overwrite: X:\COMPON\TPOWER\APRO4\PDrvUnNT.pas
File Overwrite: X:\COMPON\TPOWER\APRO4\AwWin32.pas
File Overwrite: X:\COMPON\TPOWER\APRO4\AdFaxCvt.pas
File Overwrite: X:\COMPON\TPOWER\APRO4\Awfaxcvt.pas
File Overwrite: X:\COMPON\TPOWER\APRO4\AdLibMdm.pas
File Overwrite: X:\COMPON\TPOWER\APRO4\AdScript.pas
File Overwrite: X:\COMPON\TPOWER\APRO4\AwWnSock.pas
File Overwrite: X:\COMPON\TPOWER\APRO4\AwAbsFax.pas
File Overwrite: X:\COMPON\TPOWER\APRO4\AdFax.pas
File Overwrite: X:\COMPON\TPOWER\APRO4\AdMdmDlg.pas
File Overwrite: X:\COMPON\TPOWER\APRO4\AdVoIP.PAS
File Overwrite: X:\COMPON\TPOWER\APRO4\AdProtcl.pas
File Overwrite: X:\COMPON\TPOWER\APRO4\ADTrmEmu.pas
File Overwrite: X:\COMPON\TPOWER\APRO4\AdFaxSrv.pas
File Overwrite: X:\COMPON\TPOWER\APRO4\AdPacket.pas
File Overwrite: X:\COMPON\TPOWER\APRO4\adtsel.pas
File Overwrite: X:\COMPON\TPOWER\APRO4\AdStMach.pas
File Overwrite: X:\COMPON\TPOWER\APRO4\AdFView.pas
File Overwrite: X:\COMPON\TPOWER\APRO4\AdXLbMdm.pas
File Overwrite: X:\COMPON\TPOWER\APRO4\AdTStat.pas
File Overwrite: X:\COMPON\TPOWER\APRO4\Aproreg.pas
File Overwrite: X:\COMPON\TPOWER\APRO4\AdSapiPh.PAS
File Overwrite: X:\COMPON\TPOWER\APRO4\AdChsVT1.bin
File Overwrite: X:\COMPON\TPOWER\APRO4\AdChsVT1.rc
File Overwrite: X:\COMPON\TPOWER\APRO4\AdChsVT1.txt
File Overwrite: X:\COMPON\TPOWER\APRO4\AdTrmVT1.bin
File Overwrite: X:\COMPON\TPOWER\APRO4\AdTrmVT1.rc
File Overwrite: X:\COMPON\TPOWER\APRO4\AdTrmVT1.txt
File Overwrite: X:\COMPON\TPOWER\APRO4\AdSrmgr.rc
File Overwrite: X:\COMPON\TPOWER\APRO4\AdSrmgr.str
File Overwrite: X:\COMPON\TPOWER\APRO4\AdSrmgr.s16
File Overwrite: X:\COMPON\TPOWER\APRO4\AdSrmgr.s32
File Overwrite: X:\COMPON\TPOWER\APRO4\apro.rc
File Overwrite: X:\COMPON\TPOWER\APRO4\apro.str
File Overwrite: X:\COMPON\TPOWER\APRO4\apro.s16
File Overwrite: X:\COMPON\TPOWER\APRO4\apro.s32
File Overwrite: X:\COMPON\TPOWER\APRO4\AwFaxCvt.rc
File Overwrite: X:\COMPON\TPOWER\APRO4\PDrvInst.inc
File Overwrite: X:\COMPON\TPOWER\APRO4\AdExcept.inc
File Overwrite: X:\COMPON\TPOWER\APRO4\adabout.dfm
File Overwrite: X:\COMPON\TPOWER\APRO4\AdFIDlg.dfm
File Overwrite: X:\COMPON\TPOWER\APRO4\ADFPSTAT.DFM
File Overwrite: X:\COMPON\TPOWER\APRO4\ADFSTAT.DFM
File Overwrite: X:\COMPON\TPOWER\APRO4\AdMdmCfg.dfm
File Overwrite: X:\COMPON\TPOWER\APRO4\AdPackEd.dfm
File Overwrite: X:\COMPON\TPOWER\APRO4\ADPEDIT0.DFM
File Overwrite: X:\COMPON\TPOWER\APRO4\ADPSTAT.DFM
File Overwrite: X:\COMPON\TPOWER\APRO4\AdRStat.dfm
File Overwrite: X:\COMPON\TPOWER\APRO4\AdSelCom.dfm
File Overwrite: X:\COMPON\TPOWER\APRO4\AdStatE0.dfm
File Overwrite: X:\COMPON\TPOWER\APRO4\AdStatEd.dfm
File Overwrite: X:\COMPON\TPOWER\APRO4\adtsel.dfm
File Overwrite: X:\COMPON\TPOWER\APRO4\AdTStat.dfm
File Overwrite: X:\COMPON\TPOWER\APRO4\AdVoipEd.dfm
File Overwrite: X:\COMPON\TPOWER\APRO4\ADXDIAL.DFM
File Overwrite: X:\COMPON\TPOWER\APRO4\ADXDOWN.DFM
File Overwrite: X:\COMPON\TPOWER\APRO4\ADXPORT.DFM
File Overwrite: X:\COMPON\TPOWER\APRO4\ADXPROT.DFM
File Overwrite: X:\COMPON\TPOWER\APRO4\ADXUP.DFM
File Overwrite: X:\COMPON\TPOWER\APRO4\AdLibMdm.dfm
File Overwrite: X:\COMPON\TPOWER\APRO4\AdMdmDlg.dfm
File Copy: X:\COMPON\TPOWER\APRO4\ADUTIL.DFM
File Overwrite: X:\COMPON\TPOWER\APRO4\ApFax.fnt
File Overwrite: X:\COMPON\TPOWER\APRO4\AdVT100.fon
File Overwrite: X:\COMPON\TPOWER\APRO4\AdVTld.fon
File Overwrite: X:\COMPON\TPOWER\APRO4\AproReg.dcr
File Overwrite: X:\COMPON\TPOWER\APRO4\AproReg.pas
File Copy: X:\COMPON\TPOWER\APRO4\License.pdf
File Copy: X:\COMPON\TPOWER\APRO4\APRO401.TXT
File Copy: X:\COMPON\TPOWER\APRO4\APRO402.TXT
File Copy: X:\COMPON\TPOWER\APRO4\APRO403.TXT
File Overwrite: X:\COMPON\TPOWER\APRO4\Readme.hlp
File Overwrite: X:\COMPON\TPOWER\APRO4\AwDefine.inc
File Overwrite: X:\COMPON\TPOWER\APRO4\AdSrmgr.r16
File Overwrite: X:\COMPON\TPOWER\APRO4\Apro.r16
File Overwrite: X:\COMPON\TPOWER\APRO4\AwFaxCvt.r16
File Overwrite: X:\COMPON\TPOWER\APRO4\AdChsVT1.r16
File Overwrite: X:\COMPON\TPOWER\APRO4\AdTrmVT1.r16
File Overwrite: X:\COMPON\TPOWER\APRO4\AdSrmgr.r32
File Overwrite: X:\COMPON\TPOWER\APRO4\Apro.r32
File Overwrite: X:\COMPON\TPOWER\APRO4\AwFaxCvt.r32
File Overwrite: X:\COMPON\TPOWER\APRO4\AdChsVT1.r32
File Overwrite: X:\COMPON\TPOWER\APRO4\AdTrmVT1.r32
File Overwrite: X:\COMPON\TPOWER\APRO4\Redist\deploy.hlp
File Copy: X:\COMPON\TPOWER\APRO4\A403_R60.dcp
File Copy: X:\COMPON\TPOWER\APRO4\A403_R60.dpk
File Copy: X:\COMPON\TPOWER\APRO4\A403_R60.res
File Copy: X:\COMPON\TPOWER\APRO4\A403_D60.bpl
File Copy: X:\COMPON\TPOWER\APRO4\A403_D60.dpk
File Copy: X:\COMPON\TPOWER\APRO4\A403_D60.res
File Copy: X:\COMPON\TPOWER\APRO4\Redist\A403_R60.bpl
File Overwrite: E:\WINNT\System32\A403_R60.bpl
File Overwrite: E:\Program Files\Borland\Delphi6\Projects\Bpl\A403_R60.bpl
Shell Link: E:\Documents and Settings\nfrewer440\Start Menu\Programs\TurboPower\Async Professional\Readme.lnk
Shell Link: E:\Documents and Settings\nfrewer440\Start Menu\Programs\TurboPower\Async Professional\License.pdf
Shell Link: E:\Documents and Settings\nfrewer440\Start Menu\Programs\TurboPower\Async Professional\Deploy.lnk
Shell Link: E:\Documents and Settings\nfrewer440\Start Menu\Programs\TurboPower\Async Professional\APRO Delphi Help.lnk
Shell Link: E:\Documents and Settings\nfrewer440\Start Menu\Programs\TurboPower\Async Professional\APRO Frequently Asked Questions.lnk
Shell Link: E:\Documents and Settings\nfrewer440\Start Menu\Programs\TurboPower\Async Professional\Uninstall APRO.lnk
RegDB Key: Software\TurboPower\AsyncProfessional
RegDB Val: X:\COMPON\TPOWER\APRO4
RegDB Name: AppPath
RegDB Type: 1
RegDB Root: 2
RegDB Old: X:\COMPON\TPOWER\APRO4
RegDB Key: Software\TurboPower\AsyncProfessional
RegDB Val: A
RegDB Name: Components
RegDB Root: 2
RegDB Old: A
RegDB Key: Software\TurboPower\AsyncProfessional
RegDB Val: 4.03
RegDB Name: Version
RegDB Root: 2
RegDB Old: 4.03
RegDB Key: SOFTWARE\Microsoft\Windows\Help
RegDB Val: X:\COMPON\TPOWER\APRO4\Help
RegDB Name: APRO.HLP
RegDB Root: 2
RegDB Old: X:\COMPON\TPOWER\APRO4\Help
User Rights: Admin
