02/08/2002 16:15:50  TAP page to 07904947509 at 07958879889 Started    
02/08/2002 16:18:50  TAP page to 07904947509 at 07958879889 Failed: Reason: Unable to Complete Connection
02/08/2002 16:22:18  TAP page to 07904947509 at 07958879889 Started    
02/08/2002 16:22:39  TAP page to 07904947509 at 07958879889 Completed  
02/08/2002 16:29:18  TAP page to 07904947509 at 07958879889 Started    
02/08/2002 16:29:28  TAP page to 07904947509 at 07958879889 Failed: Reason: Unable to Complete Connection
02/08/2002 16:29:45  TAP page to 07904947509 at 07958879889 Started    
02/08/2002 16:29:48  TAP page to 07904947509 at 07958879889 Failed: Reason: Unable to Complete Connection
02/08/2002 16:30:56  TAP page to 07904947509 at 07958879889 Started    
02/08/2002 16:31:19  TAP page to 07904947509 at 07958879889 Completed  
02/08/2002 16:31:29  TAP page to 07904947509 at 07958879889 Started    
02/08/2002 16:32:02  TAP page to 07904947509 at 07958879889 Failed: Reason: Unable to Complete Connection
02/08/2002 16:35:17  TAP page to 07904947509 at 07958879889 Started    
02/08/2002 16:35:19  TAP page to 07904947509 at 07958879889 Failed: Reason: Unable to Complete Connection
02/08/2002 16:37:11  TAP page to 07904947509 at 07958879889 Started    
02/08/2002 16:37:13  TAP page to 07904947509 at 07958879889 Failed: Reason: Unable to Complete Connection
02/08/2002 16:37:25  TAP page to 07904947509 at 07958879889 Started    Unable to Complete Connection
02/08/2002 16:37:48  TAP page to 07904947509 at 07958879889 Completed  
02/08/2002 16:38:04  TAP page to 07904947509 at 07958879889 Started    Unable to Complete Connection
02/08/2002 16:38:06  TAP page to 07904947509 at 07958879889 Failed: Reason: Unable to Complete Connection
02/08/2002 16:38:26  TAP page to 07904947509 at 07958879889 Started    Unable to Complete Connection
02/08/2002 16:38:42  TAP page to 07904947509 at 07958879889 Failed: Reason: Unable to Complete Connection
02/08/2002 17:00:11  TAP page to 07904947509 at 07958879889 Started    
02/08/2002 17:01:49  TAP page to 07904947509 at 07958879889 Failed: Reason: Unable to Complete Connection
02/08/2002 17:13:26  TAP page to 07904947509 at 07958879889 Started    
02/08/2002 17:13:49  TAP page to 07904947509 at 07958879889 Completed  
02/08/2002 17:13:57  TAP page to 07904947509 at 07958879889 Started    
02/08/2002 17:14:19  TAP page to 07904947509 at 07958879889 Completed  
02/08/2002 17:14:28  TAP page to 07904947509 at 07958879889 Started    
02/08/2002 17:14:50  TAP page to 07904947509 at 07958879889 Completed  
02/08/2002 17:15:46  TAP page to 07904947509 at 07958879889 Started    
02/08/2002 17:17:55  TAP page to 07904947509 at 07958879889 Failed: Reason: 
02/08/2002 17:18:45  TAP page to 07904947509 at 07958879889 Started    
02/08/2002 17:19:08  TAP page to 07904947509 at 07958879889 Completed  
02/08/2002 17:19:28  TAP page to 07904947509 at 07958879889 Started    
02/08/2002 17:19:51  TAP page to 07904947509 at 07958879889 Completed  
02/13/2002 12:27:49  TAP page to 07904947509 at 07958879889 Started    
02/13/2002 12:27:54  TAP page to 07904947509 at 07958879889 Failed: Reason: 
02/13/2002 12:28:03  TAP page to 07904947509 at 07958879889 Started    
02/13/2002 12:28:21  TAP page to 07904947509 at 07958879889 Completed  
02/13/2002 12:28:28  TAP page to 07904947509 at 07958879889 Started    
02/13/2002 12:28:45  TAP page to 07904947509 at 07958879889 Completed  
02/13/2002 12:30:01  TAP page to 07904947509 at 07958879889 Started    
02/13/2002 12:30:19  TAP page to 07904947509 at 07958879889 Completed  
02/13/2002 12:30:25  TAP page to 07904947509 at 07958879889 Started    
02/13/2002 12:30:43  TAP page to 07904947509 at 07958879889 Completed  
02/15/2002 15:55:31  TAP page to 07904947509 at 07958879889 Started    
02/15/2002 15:55:49  TAP page to 07904947509 at 07958879889 Completed  
02/26/2002 12:22:55  TAP page to 07904947509 at 07958879889 Started    
02/26/2002 12:23:17  TAP page to 07904947509 at 07958879889 Completed  
02/26/2002 12:23:29  TAP page to 07904947509 at 07958879889 Started    
02/26/2002 12:23:49  TAP page to 07904947509 at 07958879889 Completed  
02/26/2002 12:23:54  TAP page to 07904947509 at 07958879889 Started    
02/26/2002 12:24:16  TAP page to 07904947509 at 07958879889 Completed  
02/26/2002 12:24:21  TAP page to 07904947509 at 07958879889 Started    
02/26/2002 12:24:53  TAP page to 07904947509 at 07958879889 Completed  
03/12/2002 11:14:56  TAP page to 07904947509 at 07958879889 Started    
03/12/2002 11:15:01  TAP page to 07904947509 at 07958879889 Failed: Reason: 
03/12/2002 11:15:40  TAP page to 07904947509 at 07958879889 Started    
03/12/2002 11:15:57  TAP page to 07904947509 at 07958879889 Failed: Reason: 
03/12/2002 11:16:20  TAP page to 07904947509 at 07958879889 Started    
03/12/2002 11:16:38  TAP page to 07904947509 at 07958879889 Failed: Reason: 
03/12/2002 11:16:43  TAP page to 07904947509 at 07958879889 Started    
03/12/2002 11:19:41  TAP page to 07904947509 at 07958879889 Failed: Reason: 
03/12/2002 11:19:46  TAP page to 07904947509 at 07958879889 Started    
03/12/2002 11:20:03  TAP page to 07904947509 at 07958879889 Failed: Reason: 
03/12/2002 11:23:35  TAP page to 07904947509 at 07958879889 Started    
03/12/2002 11:23:52  TAP page to 07904947509 at 07958879889 Failed: Reason: 
03/12/2002 11:23:57  TAP page to 07904947509 at 07958879889 Started    
03/12/2002 11:24:14  TAP page to 07904947509 at 07958879889 Failed: Reason: 
03/12/2002 11:24:19  TAP page to 07904947509 at 07958879889 Started    
03/12/2002 11:24:36  TAP page to 07904947509 at 07958879889 Failed: Reason: 
03/12/2002 11:24:50  TAP page to 07904947509 at 07958879889 Started    
03/12/2002 11:25:07  TAP page to 07904947509 at 07958879889 Failed: Reason: 
03/12/2002 11:25:12  TAP page to 07904947509 at 07958879889 Started    
03/12/2002 11:25:29  TAP page to 07904947509 at 07958879889 Failed: Reason: 
03/12/2002 11:25:34  TAP page to 07904947509 at 07958879889 Started    
03/12/2002 11:25:50  TAP page to 07904947509 at 07958879889 Failed: Reason: 
03/12/2002 11:26:39  TAP page to 3 at 07958879889 Started    
03/12/2002 11:26:55  TAP page to 3 at 07958879889 Failed: Reason: 
03/12/2002 12:23:54  TAP page to 07887503010 at 07958879889 Started    
03/12/2002 12:24:12  TAP page to 07887503010 at 07958879889 Completed  
03/12/2002 12:24:17  TAP page to 07887503010 at 07958879889 Started    
03/12/2002 12:24:33  TAP page to 07887503010 at 07958879889 Completed  
03/12/2002 12:24:39  TAP page to 07887503010 at 07958879889 Started    
03/12/2002 12:24:57  TAP page to 07887503010 at 07958879889 Completed  
