10/04/2006 11:44:36: Not logging normal events
10/04/2006 11:51:09: STARTING DSR WRAPPER SERVICE
10/04/2006 11:51:09: About to create TCP server channel
10/04/2006 11:51:15: About to register TCP server channel
10/04/2006 11:51:15: About to register well known service type: IWrapperDSR
10/04/2006 11:51:15: About to create DSR main COM object (Pre-Initialization)
10/04/2006 11:52:40: STARTING DSR WRAPPER SERVICE
10/04/2006 11:52:40: About to create TCP server channel
10/04/2006 11:52:40: About to register TCP server channel
10/04/2006 11:52:40: About to register well known service type: IWrapperDSR
10/04/2006 11:52:40: About to create DSR main COM object (Pre-Initialization)
10/04/2006 11:54:52: STARTING DSR WRAPPER SERVICE
10/04/2006 11:54:52: About to create TCP server channel
10/04/2006 11:54:52: About to register TCP server channel
10/04/2006 11:54:52: About to register well known service type: IWrapperDSR
10/04/2006 11:54:52: About to create DSR main COM object (Pre-Initialization)
10/04/2006 11:56:49: STARTING DSR WRAPPER SERVICE
10/04/2006 11:56:49: About to create TCP server channel
10/04/2006 11:56:55: About to register TCP server channel
10/04/2006 11:56:55: About to register well known service type: IWrapperDSR
10/04/2006 11:56:55: About to create DSR main COM object (Pre-Initialization)
